-------------------------------------------------------------------------------
> -----------------------------------------
      name:  poolgr11enr
       log:  /home/research/ca_ed_lab/projects/common_core_va/consolidated/log/
> data_prep/prepare/poolgr11enr.smcl
  log type:  text
 opened on:  18 May 2026, 12:09:38

. 
. /* append the datasets */
. use $datadir_clean/enrollment/schoollevel/enr1819, clear

. append using $datadir_clean/enrollment/schoollevel/enr1718
(variable gr1noethnicenr was byte, now int to accommodate using data's values)
(variable gr3blackenr was byte, now int to accommodate using data's values)
(variable gr6noethnicenr was byte, now int to accommodate using data's values)
(variable gr7noethnicenr was byte, now int to accommodate using data's values)
(variable gr8noethnicenr was byte, now int to accommodate using data's values)

. append using $datadir_clean/enrollment/schoollevel/enr1617
(variable gr5blackenr was byte, now int to accommodate using data's values)

. append using $datadir_clean/enrollment/schoollevel/enr1516

. append using $datadir_clean/enrollment/schoollevel/enr1415
(variable gr2noethnicenr was byte, now int to accommodate using data's values)
(variable gr3noethnicenr was byte, now int to accommodate using data's values)
(variable gr4noethnicenr was byte, now int to accommodate using data's values)
(variable gr5noethnicenr was byte, now int to accommodate using data's values)

. 
. /* collapse to get avg grade 11 enrollment over years */
. collapse (mean) gr11enr, by(cdscode)

. rename gr11enr gr11enr_mean

. label var gr11enr_mean "average grade 11 enrollment over years"

. 
. save $datadir_clean/enrollment/schoollevel/poolgr11enr, replace
file /home/research/ca_ed_lab/projects/common_core_va/consolidated/data/cleaned
> /enrollment/schoollevel/poolgr11enr.dta
    saved

. 
. 
. cap log close poolgr11enr
