-------------------------------------------------------------------------------
> -----------------------------------------
      name:  check_survey_indices
       log:  /home/research/ca_ed_lab/projects/common_core_va/consolidated/log/
> check/check_survey_indices.smcl
  log type:  text
 opened on:  21 Jun 2026, 14:04:18

. 
. di as text _n "--------------------------------------------------------------
------------------"

-------------------------------------------------------------------------------
> -

. di as text "check_survey_indices.do — RUN START: `c(current_date)' `c(current
> _time)'"
check_survey_indices.do — RUN START: 21 Jun 2026 14:04:18

. di as text "-----------------------------------------------------------------
---------------"
-------------------------------------------------------------------------------
> -

. 
. 
. /*===========================================================================
> ===
> ITEM LISTS (from design memo §5; resolved 2026-04-28)
> =============================================================================
> =*/
. 
. local climateitems  parentqoi16mean_pooled parentqoi17mean_pooled            
> ///
>                     parentqoi27mean_pooled                                   
> ///
>                     secqoi22mean_pooled secqoi23mean_pooled                  
> ///
>                     secqoi24mean_pooled secqoi26mean_pooled                  
> ///
>                     secqoi27mean_pooled secqoi29mean_pooled

. 
. local qualityitems  parentqoi30mean_pooled parentqoi31mean_pooled            
> ///
>                     parentqoi32mean_pooled parentqoi33mean_pooled            
> ///
>                     parentqoi34mean_pooled                                   
> ///
>                     secqoi28mean_pooled secqoi35mean_pooled                  
> ///
>                     secqoi36mean_pooled secqoi37mean_pooled                  
> ///
>                     secqoi38mean_pooled secqoi39mean_pooled                  
> ///
>                     secqoi40mean_pooled                                      
> ///
>                     staffqoi20mean_pooled staffqoi24mean_pooled              
> ///
>                     staffqoi87mean_pooled

. 
. local supportitems  parentqoi15mean_pooled parentqoi64mean_pooled            
> ///
>                     staffqoi10mean_pooled staffqoi128mean_pooled

. 
. * Item-count invariants per ADR-0010 — these are in-memory checks, do not
. * need a dataset loaded.
. local n_climate : word count `climateitems'

. local n_quality : word count `qualityitems'

. local n_support : word count `supportitems'

. 
. assert `n_climate' == 9

. assert `n_quality' == 15

. assert `n_support' == 4

. di as text "  PASS: item counts match ADR-0010 — climate=9, quality=15, suppo
> rt=4"
  PASS: item counts match ADR-0010 — climate=9, quality=15, support=4

. 
. 
. /*===========================================================================
> ===
> SUB-CHECK 1 — source files (imputed + compcase)
> =============================================================================
> =*/
. 
. foreach src_tag in calschls_1 calschls_2 {
  2.     if "`src_tag'" == "calschls_1" {
  3.         local src_dta "$datadir_clean/survey_va/imputedallsvyqoimeans.dta"
  4.         local src_label "imputed"
  5.     }
  6.     else {
  7.         local src_dta "$datadir_clean/survey_va/allsvyqoimeans.dta"
  8.         local src_label "compcase"
  9.     }
 10. 
.     capture confirm file "`src_dta'"
 11.     if _rc {
 12.         di as text "  [SKELETON] `src_dta' — CANONICAL survey-VA output no
> t present"
 13.         di as text "             (produced by Phase 5 allsvymerge.do / imp
> utation.do)."
 14.         di as text "             Skipping `src_label' source-item checks."
 15.         continue
 16.     }
 17. 
.     use "`src_dta'", clear
 18. 
.     * School-level row count -- design memo §5 (codebook line 105 / 24269)
.     capture assert _N == 5625
 19.     local rc = _rc
 20.     if _rc {
 21.         di as error "  FAIL: `src_label' source _N = " r(N) " (expected 56
> 25)"
 22.         cap log close check_survey_indices
 23.         cap translate "$logdir/check/check_survey_indices.smcl" "$logdir/c
> heck/check_survey_indices.log", replace
 24.         exit `rc'
 25.     }
 26.     di as text "  PASS: `src_label' source _N == 5625"
 27. 
.     * Source-item Likert range: [-2, 2] with ±0.01 floating-point tolerance.
.     foreach v of varlist parentqoi*mean_pooled secqoi*mean_pooled            
> ///
>                          staffqoi*mean_pooled                                
> {
 28.         qui sum `v'
 29.         if r(N) == 0 continue
 30.         * Hard Likert coding bound only: items are coded in [-2, 2] (±0.01
>  float
.         * tol); staffqoi98 on an extended scale where -3 = "severe problem"
.         * (staffqoiclean<x>.do: qoi98temp = -3 if qoi98 == 4), so its floor i
> s -3
.         * (ADR-0032). The earlier min<=0 / max>=0 "straddles 0" centering hal
> ves
.         * were a heuristic distributional assumption and were DROPPED per
.         * ADR-0033; only the hard coding floor/ceiling remain.
.         local lo_bound = -2.01
 31.         if "`v'" == "staffqoi98mean_pooled" local lo_bound = -3.01
 32.         capture assert r(min) >= `lo_bound'
 33.         local rc = _rc
 34.         if _rc {
 35.             di as error "  FAIL: `src_label' `v' min = " %7.4f r(min) " (b
> elow coding floor `lo_bound')"
 36.             cap log close check_survey_indices
 37.             cap translate "$logdir/check/check_survey_indices.smcl" "$logd
> ir/check/check_survey_indices.log", repla
> ce
 38.             exit `rc'
 39.         }
 40.         capture assert r(max) <= 2.01
 41.         local rc = _rc
 42.         if _rc {
 43.             di as error "  FAIL: `src_label' `v' max = " %7.4f r(max) " (a
> bove coding ceiling 2.01)"
 44.             cap log close check_survey_indices
 45.             cap translate "$logdir/check/check_survey_indices.smcl" "$logd
> ir/check/check_survey_indices.log", repla
> ce
 46.             exit `rc'
 47.         }
 48.     }
 49.     di as text "  PASS: `src_label' source items within Likert [-2.01, 2.0
> 1] (staffqoi98: [-3.01, 2.01])"
 50. 
.     * Every index component present in the source file.
.     foreach v in `climateitems' `qualityitems' `supportitems' {
 51.         capture confirm variable `v'
 52.         local rc = _rc
 53.         if _rc {
 54.             di as error "  FAIL: `src_label' source missing required item 
> `v'"
 55.             cap log close check_survey_indices
 56.             cap translate "$logdir/check/check_survey_indices.smcl" "$logd
> ir/check/check_survey_indices.log", repla
> ce
 57.             exit `rc'
 58.         }
 59.     }
 60.     di as text "  PASS: `src_label' source has all 28 (=9+15+4) required i
> ndex components"
 61. }
(parent pooled (over years) dataset ready for analysis with stats and response 
> ra)
  PASS: imputed source _N == 5625
  PASS: imputed source items within Likert [-2.01, 2.01] (staffqoi98: [-3.01, 2
> .01])
  PASS: imputed source has all 28 (=9+15+4) required index components
(parent pooled (over years) dataset ready for analysis with stats and response 
> ra)
  PASS: compcase source _N == 5625
  PASS: compcase source items within Likert [-2.01, 2.01] (staffqoi98: [-3.01, 
> 2.01])
  PASS: compcase source has all 28 (=9+15+4) required index components

. 
. 
. /*===========================================================================
> ===
> SUB-CHECK 2 — built indices (post-Phase-1a §3.3 CANONICAL)
> =============================================================================
> =*/
. 
. foreach idx_tag in imputed compcase {
  2.     local idx_dta "$datadir_clean/survey_va/categoryindex/`idx_tag'categor
> yindex.dta"
  3. 
.     capture confirm file "`idx_dta'"
  4.     if _rc {
  5.         di as text "  [SKELETON] `idx_dta' not found — produced by Phase 1
> a §3.3"
  6.         di as text "             survey-VA relocation (do/survey_va/`idx_t
> ag'categoryindex.do)."
  7.         di as text "             Skipping `idx_tag' built-index check."
  8.         continue
  9.     }
 10. 
.     use "`idx_dta'", clear
 11. 
.     * Z-scored indices: mean 0, SD 1 by construction.  Invariant under
.     * ADR-0011 sums→means fix (z-score absorbs scaling).
.     foreach z in z_climateindex z_qualityindex z_supportindex {
 12.         qui sum `z'
 13.         if r(N) == 0 continue
 14.         capture assert abs(r(mean)) < 0.01
 15.         local rc = _rc
 16.         if _rc {
 17.             di as error "  FAIL: `idx_tag' `z' mean = " %7.4f r(mean) " (e
> xpected |.| < 0.01)"
 18.             cap log close check_survey_indices
 19.             cap translate "$logdir/check/check_survey_indices.smcl" "$logd
> ir/check/check_survey_indices.log", repla
> ce
 20.             exit `rc'
 21.         }
 22.         capture assert inrange(r(sd), 0.95, 1.05)
 23.         local rc = _rc
 24.         if _rc {
 25.             di as error "  FAIL: `idx_tag' `z' SD = " %7.4f r(sd) " (expec
> ted ∈ [0.95, 1.05])"
 26.             cap log close check_survey_indices
 27.             cap translate "$logdir/check/check_survey_indices.smcl" "$logd
> ir/check/check_survey_indices.log", repla
> ce
 28.             exit `rc'
 29.         }
 30.         * Z-tail min/max bounds ([-5,-1]/[1,5]) REMOVED per ADR-0033 — the
> y were
.         * a-priori "typical z-score tail" heuristics with no hard basis (the 
> tail
.         * depends on the data distribution; z_climateindex legitimately reach
> ed
.         * -7.09 on the 2026-06-20 run). The mean≈0 / SD≈1 asserts above are k
> ept:
.         * those are forced by z-scoring (mathematical), not distributional gu
> esses.
.     }
 31.     di as text "  PASS: `idx_tag' z-scored indices have mean≈0, SD≈1 (by c
> onstruction)"
 32. 
.     * RAW indices: post-ADR-0011-fix invariant is range [-2.01, 2.01].
.     * Pre-fix (sums) would scale with N items (~[-18, 18] for climate, etc.).
.     * This is THE test for whether the ADR-0011 fix has landed.
.     foreach idx in climateindex qualityindex supportindex {
 33.         qui sum `idx'
 34.         if r(N) == 0 continue
 35.         * Hard bound only: a mean of items each in [-2,2] is itself in [-2
> ,2]
.         * (±0.01). This IS the ADR-0011 sums→means test (pre-fix sums would s
> cale
.         * ~[-18,18]). The earlier min<=0 / max>=0 centering halves were dropp
> ed
.         * per ADR-0033 (heuristic distributional assumption).
.         capture assert r(min) >= -2.01
 36.         local rc = _rc
 37.         if _rc {
 38.             di as error "  FAIL: `idx_tag' raw `idx' min = " %7.4f r(min) 
> " (below -2.01)"
 39.             di as error "        Indicates ADR-0011 sums→means fix has NOT
>  been applied to `idx_tag'."
 40.             cap log close check_survey_indices
 41.             cap translate "$logdir/check/check_survey_indices.smcl" "$logd
> ir/check/check_survey_indices.log", repla
> ce
 42.             exit `rc'
 43.         }
 44.         capture assert r(max) <= 2.01
 45.         local rc = _rc
 46.         if _rc {
 47.             di as error "  FAIL: `idx_tag' raw `idx' max = " %7.4f r(max) 
> " (above 2.01)"
 48.             di as error "        Indicates ADR-0011 sums→means fix has NOT
>  been applied to `idx_tag'."
 49.             cap log close check_survey_indices
 50.             cap translate "$logdir/check/check_survey_indices.smcl" "$logd
> ir/check/check_survey_indices.log", repla
> ce
 51.             exit `rc'
 52.         }
 53.     }
 54.     di as text "  PASS: `idx_tag' raw indices ∈ [-2.01, 2.01] (ADR-0011 su
> ms→means fix verified)"
 55. 
.     * SOFT z_climate × z_quality correlation REMOVED per ADR-0033 (a-priori
.     * correlation heuristic with no hard basis in the data).
. }
(parent pooled (over years) dataset ready for analysis with stats and response 
> ra)
  PASS: imputed z-scored indices have mean≈0, SD≈1 (by construction)
  PASS: imputed raw indices ∈ [-2.01, 2.01] (ADR-0011 sums→means fix verified)
(parent pooled (over years) dataset ready for analysis with stats and response 
> ra)
  PASS: compcase z-scored indices have mean≈0, SD≈1 (by construction)
  PASS: compcase raw indices ∈ [-2.01, 2.01] (ADR-0011 sums→means fix verified)

. 
. 
. /*===========================================================================
> ===
> WRAP-UP
> =============================================================================
> =*/
. 
. di as text _n "--------------------------------------------------------------
------------------"

-------------------------------------------------------------------------------
> -

. di as text "check_survey_indices.do — RUN END: `c(current_date)' `c(current_t
> ime)'"
check_survey_indices.do — RUN END: 21 Jun 2026 14:04:18

. di as text "-----------------------------------------------------------------
---------------"
-------------------------------------------------------------------------------
> -

. 
. cap log close check_survey_indices
