-------------------------------------------------------------------------------
> -----------------------------------------
      name:  check_logs
       log:  /home/research/ca_ed_lab/projects/common_core_va/consolidated/log/
> check/check_logs.smcl
  log type:  text
 opened on:  20 Jun 2026, 14:20:43

. 
. di as text _n "--------------------------------------------------------------
------------------"

-------------------------------------------------------------------------------
> -

. di as text "check_logs.do — RUN START: `c(current_date)' `c(current_time)'"
check_logs.do — RUN START: 20 Jun 2026 14:20:43

. di as text "-----------------------------------------------------------------
---------------"
-------------------------------------------------------------------------------
> -

. 
. 
. /*===========================================================================
> ===
> ENUMERATE EXPECTED LOGS
> =============================================================================
> =*/
. 
. * `filelist` (from ssc) walks a directory recursively and writes a dataset of
. * file paths.  ssc install filelist (one-time) — listed alongside the other
. * required ssc packages in stata-code-conventions.md.
. *
. * TODO Phase 1c §5.4 acceptance run: confirm `filelist` is installed on Scrib
> e
. *    or vendored under `ado/`.  If not, `ssc install filelist` once before th
> e
. *    acceptance run.
. 
. capture which filelist

. if _rc {
.     di as error "  ERROR: filelist (ssc) is required.  Run: ssc install filel
> ist"
.     cap log close check_logs
.     cap translate "$logdir/check/check_logs.smcl" "$logdir/check/check_logs.l
> og", replace
.     exit 198
. }

. 
. * filelist recurses subdirectories BY DEFAULT (its `norecursive' is a flag th
> at
. * RESTRICTS to top level; there is no `norecur(0)').  We NEED recursion — 107
>  .do
. * files live under do/va, do/share, do/check, etc. — so omit the option entir
> ely.
. * 2026-06-01: removed the invalid `norecur(0)' (option name is `norecursive',
>  flag-only;
. * `norecur(0)' -> r(198) "option norecur() incorrectly specified").  Verified
>  syntax
. * against filelist.ado (Robert Picard, ssc): `syntax , [... noRecursive MAXde
> ep(string) ...]'.
. quietly filelist, dir("$consolidated_dir/do") pattern("*.do")

. 
. * Drop archive (per ADR-0021: convention applies to do/ excluding do/_archive
> /).
. quietly drop if regexm(dirname, "/_archive($|/)")

. 
. * Drop anything not a .do file (filelist's pattern is glob, but be defensive)
> .
. quietly keep if regexm(filename, "\.do$")

. 
. count
  110

. if r(N) == 0 {
.     di as error "  ERROR: no .do files found under $consolidated_dir/do — pip
> eline state surprising."
.     cap log close check_logs
.     cap translate "$logdir/check/check_logs.smcl" "$logdir/check/check_logs.l
> og", replace
.     exit 459
. }

. 
. local n_enumerated = r(N)

. di as text "  enumerated `n_enumerated' do files under $consolidated_dir/do (
> excluding _archive/; incl. main.do + sett
> ings.do, dropped below)"
  enumerated 110 do files under /home/research/ca_ed_lab/projects/common_core_v
> a/consolidated/do (excluding _archive/; i
> ncl. main.do + settings.do, dropped below)

. 
. 
. /*===========================================================================
> ===
> ASSERT EVERY DO FILE THAT RAN HAS A LOG
> =============================================================================
> =
> 
>     2026-06-01 rewrite (two bugs fixed + scope correction):
> 
>     BUG A (path): logs mirror the do/ tree — a file at do/<reldir>/<name>.do 
> logs
>       to $logdir/<reldir>/<name>.smcl (stata-code-conventions.md, Per-file lo
> gging).
>       The old check built the expected path from `filename' (basename only), 
> so it
>       looked for $logdir/<name>.smcl and never found the nested log -> every 
> subdir
>       file falsely "missing".  Fixed: expected path = $logdir/<reldir>/<name>
> .smcl,
>       where <reldir> = dirname minus the "$consolidated_dir/do" prefix.
> 
>     BUG B (scope): the old check asserted ALL do files have a log.  But main.
> do
>       runs only the toggled-ON phases (dev iteration), so files from skipped 
> phases
>       legitimately have no log -> 111/112 false failures on a Phase-6/7-only 
> run.
>       Fixed: only assert a log for files that ACTUALLY RAN this run, detected
>  via
>       the [RUN] markers main.do writes to the master log for every do it exec
> utes.
>       Files not in the [RUN] set are reported as "not run this run" (informat
> ional).
> 
>     EXEMPT: main.do + settings.do never produce a per-file log (main opens th
> e
>       master log; settings is include'd) — excluded from the assertion.
> =============================================================================
> =*/
. 
. * reldir = dirname with the leading "$consolidated_dir/do" stripped ("" at to
> p level,
. * "/share", "/va/heterogeneity", ... in subdirs).  Expected log mirrors it.
. quietly gen str244 reldir  = subinstr(dirname, "$consolidated_dir/do", "", 1)

. quietly gen str244 stem    = substr(filename, 1, length(filename) - 3)

. quietly gen str244 logfile = "$logdir" + reldir + "/" + stem + ".smcl"

. 
. * Exempt main.do + settings.do (no per-file log by design).
. quietly drop if inlist(filename, "main.do", "settings.do")

. quietly count

. local n_dofiles = r(N)

. 
. * Determine which do files RAN this run, from the master log's [RUN] markers.
. * main.do writes `  [RUN] do/<reldir>/<name>.do' immediately before each `do'
> .
. * check_logs runs WHILE main.do's master log is open (suspended via `log off 
> master'),
. * so ask Stata for that log's exact path directly — robust vs. guessing the f
> ilename.
. quietly gen byte ran_this_run = 0

. local masterlog ""

. capture log query master

. if !_rc local masterlog "`r(filename)'"

. * Build the set of [RUN] do-paths from that master log (each do file = one to
> ken).
. * relpath of each enumerated file = "do" + reldir + "/" + filename.
. quietly gen str244 relpath = "do" + reldir + "/" + filename

. if "`masterlog'" != "" {
.     * Read the master log line by line; on each "[RUN] <path>" marker, flag t
> he
.     * matching enumerated file immediately.  `macval()' shields each line's c
> ontents
.     * (echoed Stata code may carry backticks/quotes) from re-evaluation.  We 
> mark the
.     * flag INSIDE the loop (a single-token, marker-derived path) rather than
.     * accumulating tokens into a macro and re-iterating with `foreach of loca
> l' —
.     * that re-parses the macro and raises r132 "too few quotes" on any odd qu
> ote.
.     tempname fh
.     file open `fh' using "`masterlog'", read text
.     file read `fh' line
.     while r(eof)==0 {
  2.         * Match a genuine marker: "[RUN] <do-path>" where the path runs to
>  a closing
.         * double-quote or end-of-line.  Anchoring the terminator (regex below
> ) rejects
.         * non-marker lines that merely MENTION "[RUN] do/..." in prose / a di
>  / leaked
.         * sub-do output — a bare strpos("[RUN] do/") would false-flag those a
> s "ran"
.         * and halt a clean pipeline (r(9)).  The master log holds the SMCL ec
> ho of the
.         * di command, so the path is followed by a closing `"'.  `macval()' s
> hields the
.         * line's contents (echoed code may carry backticks/quotes/$macros) ->
>  no r132.
.         if regexm(`"`macval(line)'"', `"\[RUN\] (do/[^ "]+\.do)("|$)"') {
  3.             local p = regexs(1)
  4.             quietly replace ran_this_run = 1 if relpath == "`p'"
  5.         }
  6.         file read `fh' line
  7.     }
.     file close `fh'
. }

. quietly count if ran_this_run==1

. local n_ran = r(N)

. di as text "  of `n_dofiles' do files, `n_ran' ran this run (per master-log [
> RUN] markers)"
  of 108 do files, 98 ran this run (per master-log [RUN] markers)

. 
. * Check log existence for the files that ran.
. quietly gen byte log_exists = 0

. forvalues i = 1/`n_dofiles' {
  2.     local lf = logfile[`i']
  3.     capture confirm file "`lf'"
  4.     if !_rc quietly replace log_exists = 1 in `i'
  5. }

. 
. quietly count if ran_this_run==1 & log_exists==0

. local n_missing = r(N)

. 
. if `n_missing' > 0 {
.     di as error _n "  FAIL: `n_missing' do file(s) RAN this run but have no m
> atching log under \$logdir/<reldir>/."
.     di as error "  Missing logs (ran but no log):"
.     list dirname filename if ran_this_run==1 & log_exists==0, clean noobs
.     cap log close check_logs
.     cap translate "$logdir/check/check_logs.smcl" "$logdir/check/check_logs.l
> og", replace
.     * Halt the pipeline — assertion failure semantics per design memo §8.
.     exit 9
. }

. 
. if "`masterlog'" == "" {
.     di as error "  WARN: no master log found under $logdir — could not scope 
> to files that ran; check skipped (not fai
> led)."
. }

. else {
.     di as text "  PASS: every do file that ran this run has a matching log."
  PASS: every do file that ran this run has a matching log.
. }

. 
. /*===========================================================================
> ===
> WRAP-UP
> =============================================================================
> =*/
. 
. di as text _n "--------------------------------------------------------------
------------------"

-------------------------------------------------------------------------------
> -

. di as text "check_logs.do — RUN END: `c(current_date)' `c(current_time)'"
check_logs.do — RUN END: 20 Jun 2026 14:20:43

. di as text "-----------------------------------------------------------------
---------------"
-------------------------------------------------------------------------------
> -

. 
. cap log close check_logs
