-------------------------------------------------------------------------------
> -----------------------------------------
      name:  check_va_estimates
       log:  /home/research/ca_ed_lab/projects/common_core_va/consolidated/log/
> check/check_va_estimates.smcl
  log type:  text
 opened on:  21 Jun 2026, 14:04:18

. 
. di as text _n "--------------------------------------------------------------
------------------"

-------------------------------------------------------------------------------
> -

. di as text "check_va_estimates.do — RUN START: `c(current_date)' `c(current_t
> ime)'"
check_va_estimates.do — RUN START: 21 Jun 2026 14:04:18

. di as text "-----------------------------------------------------------------
---------------"
-------------------------------------------------------------------------------
> -

. 
. 
. /*===========================================================================
> ===
> INPUT
> =============================================================================
> =*/
. 
. * TODO Phase 1a §3.3: confirm post-relocation path (VA-estimation outputs).
. local in_dta "$estimates_dir/va_cfr_all_v1/va_est_dta/va_all_schl_char.dta"

. 
. capture confirm file "`in_dta'"

. if _rc {
.     di as text "  [SKELETON] `in_dta' not found — produced by Phase 1a §3.3"
.     di as text "             VA-estimation relocation (do/va/heterogeneity/va
> _het.do)."
.     di as text "             Skipping check_va_estimates.do."
.     cap log close check_va_estimates
.     cap translate "$logdir/check/check_va_estimates.smcl" "$logdir/check/chec
> k_va_estimates.log", replace
.     exit 0
. }

. 
. use "`in_dta'", clear
(ela estimates from all sample and control combinations)

. 
. 
. /*===========================================================================
> ===
> HARD ASSERT (structural — VA estimation produced its reference outputs)
> =============================================================================
> =*/
. 
. * The only non-heuristic VA check: the reference VA columns exist and are
. * non-empty.  Distributional checks (centered-mean tolerance, SD envelope,
. * per-spec CFR cell floor, cross-spec / peer-control correlations) were REMOV
> ED
. * 2026-06-21 per ADR-0033 — a-priori magnitude/correlation heuristics with no
. * hard basis in the data.  VA numerical correctness is covered by the M4
. * golden-master comparison (do/check/m4_golden_master.do).
. foreach v in va_ela_b_sp_b_ct va_math_b_sp_b_ct {
  2.     capture confirm variable `v'
  3.     local rc = _rc
  4.     if _rc {
  5.         di as error "  FAIL: reference VA column `v' missing — VA estimati
> on did not produce it"
  6.         cap log close check_va_estimates
  7.         cap translate "$logdir/check/check_va_estimates.smcl" "$logdir/che
> ck/check_va_estimates.log", replace
  8.         exit `rc'
  9.     }
 10.     qui count if !missing(`v')
 11.     if r(N) == 0 {
 12.         di as error "  FAIL: reference VA column `v' is all missing (N = 0
> )"
 13.         cap log close check_va_estimates
 14.         cap translate "$logdir/check/check_va_estimates.smcl" "$logdir/che
> ck/check_va_estimates.log", replace
 15.         exit 9
 16.     }
 17. }

. di as text "  PASS: reference VA columns (va_ela_b_sp_b_ct, va_math_b_sp_b_ct
> ) exist and are non-empty"
  PASS: reference VA columns (va_ela_b_sp_b_ct, va_math_b_sp_b_ct) exist and ar
> e non-empty

. 
. 
. /*===========================================================================
> ===
> WRAP-UP
> =============================================================================
> =*/
. 
. di as text _n "--------------------------------------------------------------
------------------"

-------------------------------------------------------------------------------
> -

. di as text "check_va_estimates.do — RUN END: `c(current_date)' `c(current_tim
> e)'"
check_va_estimates.do — RUN END: 21 Jun 2026 14:04:18

. di as text "-----------------------------------------------------------------
---------------"
-------------------------------------------------------------------------------
> -

. 
. cap log close check_va_estimates
