-------------------------------------------------------------------------------
> -----------------------------------------
      name:  clean_sch_char
       log:  /home/research/ca_ed_lab/projects/common_core_va/consolidated/log/
> data_prep/schl_chars/clean_sch_char.smcl
  log type:  text
 opened on:  18 May 2026, 00:03:25

. 
. 
. graph drop _all

. set more off

. set varabbrev off

. set graphics off

. set scheme s1color

. /* Color Order
> color p       gs6
> color p1      navy
> color p2      maroon
> color p3      forest_green
> color p4      dkorange
> color p5      teal
> color p6      cranberry
> color p7      lavender
> color p8      khaki
> color p9      sienna
> color p10     emidblue
> color p11     emerald
> color p12     brown
> color p13     erose
> color p14     gold
> color p15     bluishgray
> */
. /* Marker Symbol Order
> circle             O
> diamond            D
> triangle           T
> square             S
> plus               +
> X                  X
> arrowf             A
> arrow              a
> pipe               |
> V                  V
> */
. /* Line Pattern Order
> solid
> dash
> dot
> dash_dot
> shortdash
> shortdash_dot
> longdash
> longdash_dot
> */
. set seed 1984

. 
. 
. 
. 
. **********
. * Macros *
. **********
. include $consolidated_dir/do/va/helpers/macros_va.doh

. /*---------------------------------------------------------------------------
> ---
> do/va/helpers/macros_va.doh — VA project file paths, dates, controls, strings
> =============================================================================
> ===
> 
> PURPOSE
>     Define the canonical VA-pipeline locals consumed across Phase 3+
>     estimation, table-producer, figure-producer, and heterogeneity scripts:
>     - Restricted-access K12 data paths.
>     - Sibling crosswalk paths (cross-references caschls predecessor).
>     - Cohort-year ranges (test_score / star / caaspp / outcome).
>     - Outcome strings (ELA, Math, enrollment).
>     - Control-variable groupings (school, demographic, score, peer, census,
>       sibling, distance, scrhat — predicted-score variants).
>     - Per-spec control combinations (b/l/a/s/la/ls/as/las and their `d'-augme
> nted
>       variants per ADR-0009 + 2023-04-30 distance addition).
>     - String labels for sample × control display.
>     - School-characteristics + demographic-characteristics + expenditure grou
> ps.
> 
> INCLUDED FROM
>     Phase 3+ VA estimation/table/figure scripts under `do/va/' and `do/share/
> va/'.
>     Typically the FIRST helper-include in any consuming script (sets up the
>     parent-scope locals consumed by `drift_limit.doh' and
>     `macros_va_all_samples_controls.doh').
> 
>     Uses Stata's `#delimit ;' syntax (semicolons end statements) per the
>     predecessor convention.  The closing `#delimit cr' restores default
>     line-end semantics for the calling script.
> 
> ROLE IN ADR-0021 SANDBOX
>     Pure local definitions; no save / export / log; sandbox-trivially clean.
>     Reads from LEGACY paths via global expansion at include-time:
>       - $vaprojdir/data/restricted_access/clean/k12_test_scores
>         (LEGACY restricted-access K12 raw data)
>       - $vaprojdir/data/public_access/...
>         (LEGACY public-access subdirs)
>       - $caschls_projdir/dta/siblingxwalk/{siblingpairxwalk,ufamilyxwalk}
>         (LEGACY-static predecessor sibling-pair / unique-family crosswalks)
>     Reads from CANONICAL paths:
>       - $datadir_clean/siblingxwalk/sibling_out_xwalk
>         (sibling-outcomes crosswalk built by relocated
>          do/sibling_xwalk/siblingoutxwalk.do per ADR-0005; producer at L338)
> 
> RELOCATION HISTORY (per ADR-0005 + ADR-0021, applied 2026-04-30)
>     Source:      cde_va_project_fork/do_files/sbac/macros_va.doh
>     Destination: do/va/helpers/macros_va.doh
>     Path repointing per ADR-0021 sandbox amendment ("paths only; analysis
>     logic preserved verbatim"):
>       - L29-31: `$projdir/dta/siblingxwalk/<file>' -> `$caschls_projdir/dta/s
> iblingxwalk/<file>'
>         (3 references: siblingxwalk, ufamilyxwalk, sibling_out_xwalk)
>         Reason: $projdir is NOT defined in do/settings.do; $caschls_projdir
>         is the explicit-named global per the LEGACY PATHS comment block.
>         Repointing here eliminates the include-time `$projdir' alias-need
>         for any future calling script (per the [LEARN:stata] 2026-04-30
>         pattern surfaced in the siblingoutxwalk.do round-1 review).
>       - $vaprojdir references (L22-28) preserved unchanged — $vaprojdir
>         IS defined in do/settings.do as the predecessor cde_va_project_fork
>         dir; LEGACY-static restricted-access K12 paths are READS-only
>         per ADR-0021.
>     Predecessor caller-update protocol: predecessor callers untouched in
>     this commit per plan v3 §3.3 step 5 parenthetical.
>     Analysis logic preserved verbatim (the cross-product of controls, the
>     string labels, the cohort-year ranges, the school-char groupings — all
>     byte-equivalent to the predecessor).
> 
> ORIGINAL CHANGE LOG (preserved from predecessor)
>     2022-04-28: Added macro for sibling controls.
>     2022-09-20: Added delimiter `;' after comments.
>     2022-10-31: Changed naming convention for samples (b/l/a/s/la/ls/as/las).
>     2023-05-31: Added distance control macros.
>     2024-08-22: Added predicted ELA score spec controls (`scrhat' variants).
> 
> REFERENCES
>     Plan v3 §3.3 step 1 (helpers/macros)
>     ADRs:    0009 (v1 prior-score canonical), 0017 (Matt's files untouched —
>              $vaprojdir paths are LEGACY-static reads), 0021 (description
>              convention; sandbox-write rule; path-globals-only amendment)
>     Audit:   chunk-2 (file structure verification); chunk-3 (control
>              specifications cross-checked against paper Tables 2-3)
>     MEMORY:  [LEARN:stata] 2026-04-30 ($projdir explicit-rename pattern)
> -----------------------------------------------------------------------------
> -*/
. 
. 
. /* CHANGE LOG
> 4/28/2022: Added macro for sibling controls
> 09/20/2022: Added delimiter : after comments
> 10/31/2022: Changed naming convention for samples
> b - base
> l - loscore
> a - acs
> s - sibling
> la - loscore and acs
> ls - loscore and sibling
> as - acs and sibling
> las - loscore, acs and sibling
> 
> 05/31/2023: added distance control macros
> 
> 08/22/2024: added predicted ELA score spec controls
> */
. 
. #delimit ;
delimiter now ;
. *** file paths ;
. local home $vaprojdir ;

. local vaprojdofiles "$vaprojdir/do_files"
> local ca_ed_lab "/home/research/ca_ed_lab" ;

. local k12_test_scores "$vaprojdir/data/restricted_access/clean/k12_test_score
> s" ;

. local public_access "$vaprojdir/data/public_access" ;

. local k12_public_schools "$vaprojdir/data/public_access/clean/k12_public_scho
> ols" ;

. local k12_test_scores_public "$vaprojdir/data/public_access/clean/k12_test_sc
> ores" ;

. local siblingxwalk "$caschls_projdir/dta/siblingxwalk/siblingpairxwalk";

. local ufamilyxwalk "$caschls_projdir/dta/siblingxwalk/ufamilyxwalk";

. local sibling_out_xwalk "$datadir_clean/siblingxwalk/sibling_out_xwalk";

. **** Dates ;
. local test_score_min_year
>         2015
>         ;

. local test_score_max_year
>         2018
>         ;

. local star_min_year
>         2003
>         ;

. local star_max_year
>         2013
>         ;

. local caaspp_min_year
>         2015
>         ;

. local caaspp_max_year
>         2019
>         ;

. local outcome_min_year
>         2015
>         ;

. local outcome_max_year
>         2018
>         ;

. **** Outcome Strings ;
. local ela_str
>         "ELA"
>         ;

. local math_str
>         "Math"
>         ;

. local enr_str
>         "Overall Enrollment"
>         ;

. local enr_2year_str
>         "2-Year Enrollment"
>         ;

. local enr_4year_str
>         "4-Year Enrollment"
>         ;

. **** Sibling Census Restricted Sample Controls Strings ;
. local og_str
>         "Original Specification"
>         ;

. local acs_str
>         "Original + Census"
>         ;

. local sib_str
>         "Original + Sibling"
>         ;

. local both_str
>         "Original + Census + Sibling"
>         ;

. **** Value Added ;
. local school_controls
>         /*cohort_size*/
>         ;

. local demographic_controls
>         age
>         i.male
>         i.eth_asian i.eth_hispanic i.eth_black i.eth_other
>         i.econ_disadvantage
>         i.limited_eng_prof
>         i.disabled
>         ;

. local ela_score_controls
>         i.year#(c.prior_ela_z_score##c.prior_ela_z_score##c.prior_ela_z_score
> )
>         ;

. // controls using predicted lag 1 ELA scores
> local ela_scrhat_controls
>         i.year#(c.prior_ela_z_score_hat##c.prior_ela_z_score_hat##c.prior_ela
> _z_score_hat)
>         ;

. local math_score_controls
>         i.year#(c.prior_math_z_score##c.prior_math_z_score##c.prior_math_z_sc
> ore)
>         ;

. local peer_ela_score_controls
>         i.year#(c.peer_prior_ela_z_score##c.peer_prior_ela_z_score##c.peer_pr
> ior_ela_z_score)
>         ;

. local peer_math_score_controls
>         i.year#(c.peer_prior_math_z_score##c.peer_prior_math_z_score##c.peer_
> prior_math_z_score)
>         ;

. local peer_demographic_controls
>         peer_age
>         peer_male
>         peer_eth_asian peer_eth_hispanic peer_eth_black peer_eth_other
>         peer_econ_disadvantage
>         peer_limited_eng_prof
>         peer_disabled
>         ;

. local va_control_vars "`school_controls' `demographic_controls'" ;

. local va_control_vars : subinstr local va_control_vars "i." "", all ;

. local va_control_vars : list uniq va_control_vars ;

. local census_grade
>         6
>         ;

. local census_controls
>         /*eth_white_pct*/ eth_asian_pct eth_hispanic_pct eth_black_pct /*eth_
> other_pct*/
>         educ_hs_dropout_prop /*educ_deg_2year_prop*/ educ_deg_4year_plus_prop
>         pov_fam_child_lt18_pct
>         inc_median_hh
>         ;

. local peer_census_controls
>         peer_eth_asian_pct  peer_eth_hispanic_pct  peer_eth_black_pct
>         peer_educ_hs_dropout_prop  peer_educ_deg_4year_plus_prop
>         peer_pov_fam_child_lt18_pct      peer_inc_median_hh
>         ;

. local sibling_controls
>         i.has_older_sibling_enr_2year
>         i.has_older_sibling_enr_4year
>         ;

. local peer_sibling_controls
>         peer_has_older_sibling_enr_2year
>         peer_has_older_sibling_enr_4year
>         ;

. // lag 1 older sibling controls ;
> local sib_lag1_controls
>         old1_sib_enr_2year
>         old1_sib_enr_4year
>         ;

. // lag 2 older sibling controls ;
> local sib_lag2_controls
>         old2_sib_enr_2year
>         old2_sib_enr_4year
>         ;

. // postsecondary distance controls
> local d_controls
>         mindist_any_nonprof_4yr
>         mindist_ccc
>         ;

. **********************************************  ;
. *** macros for STANDALONE control vars for running loops over all samples and
>  specifications ;
. //base specification controls ;
> local b_controls
>         `school_controls'
>         `demographic_controls'
>         `ela_score_controls'
>         `math_score_controls'
>         ;

. //peer base controls ;
> local peer_b_controls
>         `peer_ela_score_controls'
>         `peer_math_score_controls'
>         `peer_demographic_controls'
>         ;

. // leave out score controls ;
> local l_controls
>         loscore
>         ;

. // peer leave out score controls ;
> local peer_l_controls
>         `peer_b_controls'
>         peer_loscore
>         ;

. local a_controls
>         `census_controls'
>         ;

. local peer_a_controls
>         `peer_b_controls'
>         `peer_census_controls'
>         ;

. local s_controls
>         `sibling_controls'
>         ;

. local peer_s_controls
>         `peer_b_controls'
>         `peer_sibling_controls'
>         ;

. // control var groups for looping ;
> local la_controls
>         `l_controls'
>         `a_controls'
>         ;

. local peer_la_controls
>         `peer_b_controls'
>         peer_loscore
>         `peer_census_controls'
>         ;

. local ls_controls
>         `l_controls'
>         `s_controls'
>         ;

. local peer_ls_controls
>         `peer_b_controls'
>         peer_loscore
>         `peer_sibling_controls'
>         ;

. local as_controls
>         `a_controls'
>         `s_controls'
>         ;

. local peer_as_controls
>         `peer_b_controls'
>         `peer_census_controls'
>         `peer_sibling_controls'
>         ;

. local las_controls
>         `l_controls'
>         `a_controls'
>         `s_controls'
>         ;

. local peer_las_controls
>         `peer_b_controls'
>         peer_loscore
>         `peer_census_controls'
>         `peer_sibling_controls'
>         ;

. foreach control in b l a s la ls as las {;
  2.         local `control'd_controls
>                 ``control'_controls' `d_controls'
>                 ;
  3.         local peer_`control'd_controls
>                 `peer_`control'_controls'
>                 ;
  4.         }
>         ;

. *** macros for control var COMBINATIONS for running loops over all samples an
> d specifications ;
. //base specification controls ;
> local b_spec_controls
>         `school_controls'
>         `demographic_controls'
>         `ela_score_controls'
>         `math_score_controls'
>         ;

. // predicted score spec controls
> local b_scrhat_spec_controls
>         `school_controls'
>         `demographic_controls'
>         `ela_scrhat_controls'
>         `math_score_controls'
>         ;

. local bd_spec_controls
>         `b_spec_controls'
>         `d_controls'
>         ;

. local bd_scrhat_spec_controls
>         `b_scrhat_spec_controls'
>         `d_controls'
>         ;

. // leave out prior score controls ;
> local l_spec_controls
>         `b_spec_controls'
>         loscore
>         ;

. local l_scrhat_spec_controls
>         `b_spec_controls'
>         loscore
>         ;

. local ld_spec_controls
>         `l_spec_controls'
>         `d_controls'
>         ;

. local ld_scrhat_spec_controls
>         `l_scrhat_spec_controls'
>         `d_controls'
>         ;

. // ACS
> local a_spec_controls
>         `b_spec_controls'
>         `census_controls'
>         ;

. local a_scrhat_spec_controls
>         `b_scrhat_spec_controls'
>         `census_controls'
>         ;

. local ad_spec_controls
>         `a_spec_controls'
>         `d_controls'
>         ;

. local ad_scrhat_spec_controls
>         `a_scrhat_spec_controls'
>         `d_controls'
>         ;

. // sibling
> local s_spec_controls
>         `b_spec_controls'
>         `s_controls'
>         ;

. local s_scrhat_spec_controls
>         `b_scrhat_spec_controls'
>         `s_controls'
>         ;

. local sd_spec_controls
>         `s_spec_controls'
>         `d_controls'
>         ;

. local sd_scrhat_spec_controls
>         `s_scrhat_spec_controls'
>         `d_controls'
>         ;

. // loscores and acs
> local la_spec_controls
>         `b_spec_controls'
>         `l_controls'
>         `a_controls'
>         ;

. local la_scrhat_spec_controls
>         `b_scrhat_spec_controls'
>         `l_controls'
>         `a_controls'
>         ;

. local lad_spec_controls
>         `la_spec_controls'
>         `d_controls'
>         ;

. local lad_scrhat_spec_controls
>         `la_scrhat_spec_controls'
>         `d_controls'
>         ;

. local ls_spec_controls
>         `b_spec_controls'
>         `l_controls'
>         `s_controls'
>         ;

. local ls_scrhat_spec_controls
>         `b_scrhat_spec_controls'
>         `l_controls'
>         `s_controls'
>         ;

. local lsd_spec_controls
>         `ls_spec_controls'
>         `d_controls'
>         ;

. local lsd_scrhat_spec_controls
>         `ls_scrhat_spec_controls'
>         `d_controls'
>         ;

. local as_spec_controls
>         `b_spec_controls'
>         `a_controls'
>         `s_controls'
>         ;

. local as_scrhat_spec_controls
>         `b_scrhat_spec_controls'
>         `a_controls'
>         `s_controls'
>         ;

. local asd_spec_controls
>         `as_spec_controls'
>         `d_controls'
>         ;

. local asd_scrhat_spec_controls
>         `as_scrhat_spec_controls'
>         `d_controls'
>         ;

. local las_spec_controls
>         `b_spec_controls'
>         `l_controls'
>         `a_controls'
>         `s_controls'
>         ;

. local las_scrhat_spec_controls
>         `b_scrhat_spec_controls'
>         `l_controls'
>         `a_controls'
>         `s_controls'
>         ;

. local lasd_spec_controls
>         `las_spec_controls'
>         `d_controls'
>         ;

. local lasd_scrhat_spec_controls
>         `las_scrhat_spec_controls'
>         `d_controls'
>         ;

. // strings for all sample and control combinations ;
> 
> local b_str
>         "base"
>         ;

. local bd_str
>         `b_str'
>         ;

. local l_str
>         "leave out score"
>         ;

. local ld_str
>         `l_str'
>         ;

. local a_str
>         "ACS"
>         ;

. local ad_str
>         `a_str'
>         ;

. local s_str
>         "sibling"
>         ;

. local sd_str
>         `s_str'
>         ;

. local la_str
>         "leave out score & ACS"
>         ;

. local lad_str
>         `la_str'
>         ;

. local ls_str
>         "leave out score & sibling"
>         ;

. local lsd_str
>         `ls_str'
>         ;

. local as_str
>         "ACS & sibling"
>         ;

. local asd_str
>         `as_str'
>         ;

. local las_str
>         "leave out score & ACS & sibling"
>         ;

. local lasd_str
>         `las_str'
>         ;

. local d_str
>         "postsecondary distance"
>         ;

. // strings for heterogeneity in persistence vars ;
> local race_str
>         "Race"
>         ;

. local male_str "Male";

. local econ_disadvantage_str "Economically Disadvantaged";

. local prop_ecn_disadv_str "Proportion Economically Disadvantaged" ;

. local charter_str "Charter Status" ;

. local inc_median_hh_xtile_str "Census Tract Median Household Income Decile";

. local enr_black_hisp_prop_str "Proportion of Black and Hispanic Enrollment";

. **** School Characteristics ;
. local sch_chars
>         fte_teach_pc fte_pupil_pc /*fte_admin_pc*/
>         /*eng_learner_staff_pc*/
>         new_teacher_prop
>         /*educ_grad_sch_prop educ_associate_prop*/
>         /*status_tenured_prop*/
>         credential_full_prop
>         /*authorization_stem_prop authorization_ela_prop*/
>         c.male_prop##c.enr_male_prop
>         c.eth_minority_prop##c.enr_minority_prop
>         enr_total
>         ;

. local sch_char_vars "`sch_chars'" ;

. local sch_char_vars : subinstr local sch_char_vars "i." "", all ;

. local sch_char_vars : subinstr local sch_char_vars "c." "", all ;

. local sch_char_vars : subinstr local sch_char_vars "##" " ", all ;

. local sch_char_vars : subinstr local sch_char_vars "#" " ", all ;

. local sch_char_vars : list uniq sch_char_vars ;

. local dem_chars
>         enr_male_prop
>         enr_minority_prop
>         frpm_prop el_prop
>         enr_total
>         ;

. local dem_char_vars "`dem_chars'" ;

. local dem_char_vars : list uniq dem_char_vars ;

. local expenditures
>         expenditures_instr_pc
>         expenditures3000_pc
>         expenditures4000_pc
>         expenditures_other_pc
>         expenditures7000_pc
>         ;

. local expenditure_vars "`expenditures'" ;

. local expenditure_vars : list uniq expenditure_vars ;

. local sch_char_control_vars : list sch_char_vars | dem_char_vars ;

. local sch_char_control_vars : list sch_char_control_vars | expenditure_vars ;

. #delimit cr
delimiter now cr
. 
. 
. #delimit ;
delimiter now ;
. #delimit cr
delimiter now cr
. macro list
cstdtadir:      /home/research/ca_ed_lab/data/restricted_access/clean/cde/cst
clndtadir:      /home/research/ca_ed_lab/data/restricted_access/clean/calschls
rawcsvdir:      /home/research/ca_ed_lab/data/restricted_access/raw/calschls/cs
> v
rawdtadir:      /home/research/ca_ed_lab/data/restricted_access/raw/calschls/st
> ata
distance_dtadir:
                /home/research/ca_ed_lab/projects/common_core_va/data/k12_posts
> ec_distance
mattxwalks:     /home/research/ca_ed_lab/users/msnaven/data/restricted_access/c
> lean/crosswalks
nscdtadir_oldformat:
                /home/research/ca_ed_lab/data/restricted_access/clean/cde_nsc/o
> ldformat
nscdtadir:      /home/research/ca_ed_lab/data/restricted_access/clean/cde_nsc
caschls_projdir:
                /home/research/ca_ed_lab/users/chesun/gsr/caschls
vaprojxwalks:   /home/research/ca_ed_lab/projects/common_core_va/data/restricte
> d_access/clean/crosswalks
vaprojdir:      /home/research/ca_ed_lab/projects/common_core_va
matt_files_dir: /home/research/ca_ed_lab/projects/common_core_va/do_files
figures_dir:    /home/research/ca_ed_lab/projects/common_core_va/consolidated/f
> igures
tables_dir:     /home/research/ca_ed_lab/projects/common_core_va/consolidated/t
> ables
datadir_raw:    /home/research/ca_ed_lab/projects/common_core_va/consolidated/d
> ata/raw
datadir_clean:  /home/research/ca_ed_lab/projects/common_core_va/consolidated/d
> ata/cleaned
logdir:         /home/research/ca_ed_lab/projects/common_core_va/consolidated/l
> og
output_dir:     /home/research/ca_ed_lab/projects/common_core_va/consolidated/o
> utput
estimates_dir:  /home/research/ca_ed_lab/projects/common_core_va/consolidated/e
> stimates
datadir:        /home/research/ca_ed_lab/projects/common_core_va/consolidated/d
> ata
consolidated_dir:
                /home/research/ca_ed_lab/projects/common_core_va/consolidated
cb_csu:         /home/research/ca_ed_lab/projects/common_core_va/data/restricte
> d_access/clean/crosswalks/csu_outcomes_cr
                > osswalk.dta
cb_k12_csu_xw:  /home/research/ca_ed_lab/projects/common_core_va/data/restricte
> d_access/clean/crosswalks/k12_csu_crosswa
                > lk.dta
cb_ccc:         /home/research/ca_ed_lab/projects/common_core_va/data/restricte
> d_access/clean/crosswalks/ccc_outcomes_cr
                > osswalk.dta
cb_k12_ccc_xw:  /home/research/ca_ed_lab/projects/common_core_va/data/restricte
> d_access/clean/crosswalks/k12_ccc_crosswa
                > lk.dta
cb_nsc:         /home/research/ca_ed_lab/projects/common_core_va/data/restricte
> d_access/clean/crosswalks/nsc_outcomes_cr
                > osswalk_ssid.dta
cb_sch_char:    /home/research/ca_ed_lab/projects/common_core_va/data/sch_char.
> dta
cb_k12_pre_va:  /home/research/ca_ed_lab/projects/common_core_va/data/va_sample
> s_v1/score_b.dta
cb_k12_main:    /home/research/ca_ed_lab/projects/common_core_va/estimates/va_c
> fr_all_v1/va_est_dta/va_all_schl_char.dta
cb_calschls_2:  /home/research/ca_ed_lab/users/chesun/gsr/caschls/dta/allsvyfac
> tor/allsvyqoimeans
cb_calschls_1:  /home/research/ca_ed_lab/users/chesun/gsr/caschls/dta/allsvyfac
> tor/imputedallsvyqoimeans
vadtadir:       /home/research/ca_ed_lab/projects/common_core_va/data/sbac
projdir:        /home/research/ca_ed_lab/users/chesun/gsr/caschls
S_level:        95
F1:             help advice;
F2:             describe;
F7:             save
F8:             use
S_ADO:          BASE;SITE;.;PERSONAL;PLUS;OLDPLACE
S_StataMP:      MP
S_StataSE:      SE
S_CONSOLE:      console
S_OS:           Unix
S_MACH:         PC (64-bit x86-64)
_sch_char_control_vars:
                fte_teach_pc fte_pupil_pc new_teacher_prop credential_full_prop
>  male_prop enr_male_prop
                eth_minority_prop enr_minority_prop enr_total frpm_prop el_prop
>  expenditures_instr_pc
                expenditures3000_pc expenditures4000_pc expenditures_other_pc e
> xpenditures7000_pc
_expenditure_vars:
                expenditures_instr_pc expenditures3000_pc expenditures4000_pc e
> xpenditures_other_pc expenditures7000_pc
_expenditures:  expenditures_instr_pc expenditures3000_pc expenditures4000_pc e
> xpenditures_other_pc expenditures7000_pc
_dem_char_vars: enr_male_prop enr_minority_prop frpm_prop el_prop enr_total
_dem_chars:     enr_male_prop enr_minority_prop frpm_prop el_prop enr_total
_sch_char_vars: fte_teach_pc fte_pupil_pc new_teacher_prop credential_full_prop
>  male_prop enr_male_prop
                eth_minority_prop enr_minority_prop enr_total
_sch_chars:     fte_teach_pc fte_pupil_pc new_teacher_prop credential_full_prop
>  c.male_prop##c.enr_male_prop
                c.eth_minority_prop##c.enr_minority_prop enr_total
_enr_black_hisp_prop_str:
                Proportion of Black and Hispanic Enrollment
_inc_median_hh_xtile_str:
                Census Tract Median Household Income Decile
_charter_str:   Charter Status
_prop_ecn_disadv_str:
                Proportion Economically Disadvantaged
_econ_disadvantage_str:
                Economically Disadvantaged
_male_str:      Male
_race_str:      Race
_d_str:         postsecondary distance
_lasd_str:      leave out score & ACS & sibling
_las_str:       leave out score & ACS & sibling
_asd_str:       ACS & sibling
_as_str:        ACS & sibling
_lsd_str:       leave out score & sibling
_ls_str:        leave out score & sibling
_lad_str:       leave out score & ACS
_la_str:        leave out score & ACS
_sd_str:        sibling
_s_str:         sibling
_ad_str:        ACS
_a_str:         ACS
_ld_str:        leave out score
_l_str:         leave out score
_bd_str:        base
_b_str:         base
_lasd_scrhat_spec_controls:
                age i.male i.eth_asian i.eth_hispanic i.eth_black i.eth_other i
> .econ_disadvantage i.limited_eng_prof
                i.disabled i.year#(c.prior_ela_z_score_hat##c.prior_ela_z_score
> _hat##c.prior_ela_z_score_hat)
                i.year#(c.prior_math_z_score##c.prior_math_z_score##c.prior_mat
> h_z_score) loscore eth_asian_pct
                eth_hispanic_pct eth_black_pct educ_hs_dropout_prop educ_deg_4y
> ear_plus_prop pov_fam_child_lt18_pct
                inc_median_hh i.has_older_sibling_enr_2year i.has_older_sibling
> _enr_4year mindist_any_nonprof_4yr
                mindist_ccc
_lasd_spec_controls:
                age i.male i.eth_asian i.eth_hispanic i.eth_black i.eth_other i
> .econ_disadvantage i.limited_eng_prof
                i.disabled i.year#(c.prior_ela_z_score##c.prior_ela_z_score##c.
> prior_ela_z_score)
                i.year#(c.prior_math_z_score##c.prior_math_z_score##c.prior_mat
> h_z_score) loscore eth_asian_pct
                eth_hispanic_pct eth_black_pct educ_hs_dropout_prop educ_deg_4y
> ear_plus_prop pov_fam_child_lt18_pct
                inc_median_hh i.has_older_sibling_enr_2year i.has_older_sibling
> _enr_4year mindist_any_nonprof_4yr
                mindist_ccc
_las_scrhat_spec_controls:
                age i.male i.eth_asian i.eth_hispanic i.eth_black i.eth_other i
> .econ_disadvantage i.limited_eng_prof
                i.disabled i.year#(c.prior_ela_z_score_hat##c.prior_ela_z_score
> _hat##c.prior_ela_z_score_hat)
                i.year#(c.prior_math_z_score##c.prior_math_z_score##c.prior_mat
> h_z_score) loscore eth_asian_pct
                eth_hispanic_pct eth_black_pct educ_hs_dropout_prop educ_deg_4y
> ear_plus_prop pov_fam_child_lt18_pct
                inc_median_hh i.has_older_sibling_enr_2year i.has_older_sibling
> _enr_4year
_las_spec_controls:
                age i.male i.eth_asian i.eth_hispanic i.eth_black i.eth_other i
> .econ_disadvantage i.limited_eng_prof
                i.disabled i.year#(c.prior_ela_z_score##c.prior_ela_z_score##c.
> prior_ela_z_score)
                i.year#(c.prior_math_z_score##c.prior_math_z_score##c.prior_mat
> h_z_score) loscore eth_asian_pct
                eth_hispanic_pct eth_black_pct educ_hs_dropout_prop educ_deg_4y
> ear_plus_prop pov_fam_child_lt18_pct
                inc_median_hh i.has_older_sibling_enr_2year i.has_older_sibling
> _enr_4year
_asd_scrhat_spec_controls:
                age i.male i.eth_asian i.eth_hispanic i.eth_black i.eth_other i
> .econ_disadvantage i.limited_eng_prof
                i.disabled i.year#(c.prior_ela_z_score_hat##c.prior_ela_z_score
> _hat##c.prior_ela_z_score_hat)
                i.year#(c.prior_math_z_score##c.prior_math_z_score##c.prior_mat
> h_z_score) eth_asian_pct eth_hispanic_pct
                eth_black_pct educ_hs_dropout_prop educ_deg_4year_plus_prop pov
> _fam_child_lt18_pct inc_median_hh
                i.has_older_sibling_enr_2year i.has_older_sibling_enr_4year min
> dist_any_nonprof_4yr mindist_ccc
_asd_spec_controls:
                age i.male i.eth_asian i.eth_hispanic i.eth_black i.eth_other i
> .econ_disadvantage i.limited_eng_prof
                i.disabled i.year#(c.prior_ela_z_score##c.prior_ela_z_score##c.
> prior_ela_z_score)
                i.year#(c.prior_math_z_score##c.prior_math_z_score##c.prior_mat
> h_z_score) eth_asian_pct eth_hispanic_pct
                eth_black_pct educ_hs_dropout_prop educ_deg_4year_plus_prop pov
> _fam_child_lt18_pct inc_median_hh
                i.has_older_sibling_enr_2year i.has_older_sibling_enr_4year min
> dist_any_nonprof_4yr mindist_ccc
_as_scrhat_spec_controls:
                age i.male i.eth_asian i.eth_hispanic i.eth_black i.eth_other i
> .econ_disadvantage i.limited_eng_prof
                i.disabled i.year#(c.prior_ela_z_score_hat##c.prior_ela_z_score
> _hat##c.prior_ela_z_score_hat)
                i.year#(c.prior_math_z_score##c.prior_math_z_score##c.prior_mat
> h_z_score) eth_asian_pct eth_hispanic_pct
                eth_black_pct educ_hs_dropout_prop educ_deg_4year_plus_prop pov
> _fam_child_lt18_pct inc_median_hh
                i.has_older_sibling_enr_2year i.has_older_sibling_enr_4year
_as_spec_controls:
                age i.male i.eth_asian i.eth_hispanic i.eth_black i.eth_other i
> .econ_disadvantage i.limited_eng_prof
                i.disabled i.year#(c.prior_ela_z_score##c.prior_ela_z_score##c.
> prior_ela_z_score)
                i.year#(c.prior_math_z_score##c.prior_math_z_score##c.prior_mat
> h_z_score) eth_asian_pct eth_hispanic_pct
                eth_black_pct educ_hs_dropout_prop educ_deg_4year_plus_prop pov
> _fam_child_lt18_pct inc_median_hh
                i.has_older_sibling_enr_2year i.has_older_sibling_enr_4year
_lsd_scrhat_spec_controls:
                age i.male i.eth_asian i.eth_hispanic i.eth_black i.eth_other i
> .econ_disadvantage i.limited_eng_prof
                i.disabled i.year#(c.prior_ela_z_score_hat##c.prior_ela_z_score
> _hat##c.prior_ela_z_score_hat)
                i.year#(c.prior_math_z_score##c.prior_math_z_score##c.prior_mat
> h_z_score) loscore
                i.has_older_sibling_enr_2year i.has_older_sibling_enr_4year min
> dist_any_nonprof_4yr mindist_ccc
_lsd_spec_controls:
                age i.male i.eth_asian i.eth_hispanic i.eth_black i.eth_other i
> .econ_disadvantage i.limited_eng_prof
                i.disabled i.year#(c.prior_ela_z_score##c.prior_ela_z_score##c.
> prior_ela_z_score)
                i.year#(c.prior_math_z_score##c.prior_math_z_score##c.prior_mat
> h_z_score) loscore
                i.has_older_sibling_enr_2year i.has_older_sibling_enr_4year min
> dist_any_nonprof_4yr mindist_ccc
_ls_scrhat_spec_controls:
                age i.male i.eth_asian i.eth_hispanic i.eth_black i.eth_other i
> .econ_disadvantage i.limited_eng_prof
                i.disabled i.year#(c.prior_ela_z_score_hat##c.prior_ela_z_score
> _hat##c.prior_ela_z_score_hat)
                i.year#(c.prior_math_z_score##c.prior_math_z_score##c.prior_mat
> h_z_score) loscore
                i.has_older_sibling_enr_2year i.has_older_sibling_enr_4year
_ls_spec_controls:
                age i.male i.eth_asian i.eth_hispanic i.eth_black i.eth_other i
> .econ_disadvantage i.limited_eng_prof
                i.disabled i.year#(c.prior_ela_z_score##c.prior_ela_z_score##c.
> prior_ela_z_score)
                i.year#(c.prior_math_z_score##c.prior_math_z_score##c.prior_mat
> h_z_score) loscore
                i.has_older_sibling_enr_2year i.has_older_sibling_enr_4year
_lad_scrhat_spec_controls:
                age i.male i.eth_asian i.eth_hispanic i.eth_black i.eth_other i
> .econ_disadvantage i.limited_eng_prof
                i.disabled i.year#(c.prior_ela_z_score_hat##c.prior_ela_z_score
> _hat##c.prior_ela_z_score_hat)
                i.year#(c.prior_math_z_score##c.prior_math_z_score##c.prior_mat
> h_z_score) loscore eth_asian_pct
                eth_hispanic_pct eth_black_pct educ_hs_dropout_prop educ_deg_4y
> ear_plus_prop pov_fam_child_lt18_pct
                inc_median_hh mindist_any_nonprof_4yr mindist_ccc
_lad_spec_controls:
                age i.male i.eth_asian i.eth_hispanic i.eth_black i.eth_other i
> .econ_disadvantage i.limited_eng_prof
                i.disabled i.year#(c.prior_ela_z_score##c.prior_ela_z_score##c.
> prior_ela_z_score)
                i.year#(c.prior_math_z_score##c.prior_math_z_score##c.prior_mat
> h_z_score) loscore eth_asian_pct
                eth_hispanic_pct eth_black_pct educ_hs_dropout_prop educ_deg_4y
> ear_plus_prop pov_fam_child_lt18_pct
                inc_median_hh mindist_any_nonprof_4yr mindist_ccc
_la_scrhat_spec_controls:
                age i.male i.eth_asian i.eth_hispanic i.eth_black i.eth_other i
> .econ_disadvantage i.limited_eng_prof
                i.disabled i.year#(c.prior_ela_z_score_hat##c.prior_ela_z_score
> _hat##c.prior_ela_z_score_hat)
                i.year#(c.prior_math_z_score##c.prior_math_z_score##c.prior_mat
> h_z_score) loscore eth_asian_pct
                eth_hispanic_pct eth_black_pct educ_hs_dropout_prop educ_deg_4y
> ear_plus_prop pov_fam_child_lt18_pct
                inc_median_hh
_la_spec_controls:
                age i.male i.eth_asian i.eth_hispanic i.eth_black i.eth_other i
> .econ_disadvantage i.limited_eng_prof
                i.disabled i.year#(c.prior_ela_z_score##c.prior_ela_z_score##c.
> prior_ela_z_score)
                i.year#(c.prior_math_z_score##c.prior_math_z_score##c.prior_mat
> h_z_score) loscore eth_asian_pct
                eth_hispanic_pct eth_black_pct educ_hs_dropout_prop educ_deg_4y
> ear_plus_prop pov_fam_child_lt18_pct
                inc_median_hh
_sd_scrhat_spec_controls:
                age i.male i.eth_asian i.eth_hispanic i.eth_black i.eth_other i
> .econ_disadvantage i.limited_eng_prof
                i.disabled i.year#(c.prior_ela_z_score_hat##c.prior_ela_z_score
> _hat##c.prior_ela_z_score_hat)
                i.year#(c.prior_math_z_score##c.prior_math_z_score##c.prior_mat
> h_z_score) i.has_older_sibling_enr_2year
                i.has_older_sibling_enr_4year mindist_any_nonprof_4yr mindist_c
> cc
_sd_spec_controls:
                age i.male i.eth_asian i.eth_hispanic i.eth_black i.eth_other i
> .econ_disadvantage i.limited_eng_prof
                i.disabled i.year#(c.prior_ela_z_score##c.prior_ela_z_score##c.
> prior_ela_z_score)
                i.year#(c.prior_math_z_score##c.prior_math_z_score##c.prior_mat
> h_z_score) i.has_older_sibling_enr_2year
                i.has_older_sibling_enr_4year mindist_any_nonprof_4yr mindist_c
> cc
_s_scrhat_spec_controls:
                age i.male i.eth_asian i.eth_hispanic i.eth_black i.eth_other i
> .econ_disadvantage i.limited_eng_prof
                i.disabled i.year#(c.prior_ela_z_score_hat##c.prior_ela_z_score
> _hat##c.prior_ela_z_score_hat)
                i.year#(c.prior_math_z_score##c.prior_math_z_score##c.prior_mat
> h_z_score) i.has_older_sibling_enr_2year
                i.has_older_sibling_enr_4year
_s_spec_controls:
                age i.male i.eth_asian i.eth_hispanic i.eth_black i.eth_other i
> .econ_disadvantage i.limited_eng_prof
                i.disabled i.year#(c.prior_ela_z_score##c.prior_ela_z_score##c.
> prior_ela_z_score)
                i.year#(c.prior_math_z_score##c.prior_math_z_score##c.prior_mat
> h_z_score) i.has_older_sibling_enr_2year
                i.has_older_sibling_enr_4year
_ad_scrhat_spec_controls:
                age i.male i.eth_asian i.eth_hispanic i.eth_black i.eth_other i
> .econ_disadvantage i.limited_eng_prof
                i.disabled i.year#(c.prior_ela_z_score_hat##c.prior_ela_z_score
> _hat##c.prior_ela_z_score_hat)
                i.year#(c.prior_math_z_score##c.prior_math_z_score##c.prior_mat
> h_z_score) eth_asian_pct eth_hispanic_pct
                eth_black_pct educ_hs_dropout_prop educ_deg_4year_plus_prop pov
> _fam_child_lt18_pct inc_median_hh
                mindist_any_nonprof_4yr mindist_ccc
_ad_spec_controls:
                age i.male i.eth_asian i.eth_hispanic i.eth_black i.eth_other i
> .econ_disadvantage i.limited_eng_prof
                i.disabled i.year#(c.prior_ela_z_score##c.prior_ela_z_score##c.
> prior_ela_z_score)
                i.year#(c.prior_math_z_score##c.prior_math_z_score##c.prior_mat
> h_z_score) eth_asian_pct eth_hispanic_pct
                eth_black_pct educ_hs_dropout_prop educ_deg_4year_plus_prop pov
> _fam_child_lt18_pct inc_median_hh
                mindist_any_nonprof_4yr mindist_ccc
_a_scrhat_spec_controls:
                age i.male i.eth_asian i.eth_hispanic i.eth_black i.eth_other i
> .econ_disadvantage i.limited_eng_prof
                i.disabled i.year#(c.prior_ela_z_score_hat##c.prior_ela_z_score
> _hat##c.prior_ela_z_score_hat)
                i.year#(c.prior_math_z_score##c.prior_math_z_score##c.prior_mat
> h_z_score) eth_asian_pct eth_hispanic_pct
                eth_black_pct educ_hs_dropout_prop educ_deg_4year_plus_prop pov
> _fam_child_lt18_pct inc_median_hh
_a_spec_controls:
                age i.male i.eth_asian i.eth_hispanic i.eth_black i.eth_other i
> .econ_disadvantage i.limited_eng_prof
                i.disabled i.year#(c.prior_ela_z_score##c.prior_ela_z_score##c.
> prior_ela_z_score)
                i.year#(c.prior_math_z_score##c.prior_math_z_score##c.prior_mat
> h_z_score) eth_asian_pct eth_hispanic_pct
                eth_black_pct educ_hs_dropout_prop educ_deg_4year_plus_prop pov
> _fam_child_lt18_pct inc_median_hh
_ld_scrhat_spec_controls:
                age i.male i.eth_asian i.eth_hispanic i.eth_black i.eth_other i
> .econ_disadvantage i.limited_eng_prof
                i.disabled i.year#(c.prior_ela_z_score##c.prior_ela_z_score##c.
> prior_ela_z_score)
                i.year#(c.prior_math_z_score##c.prior_math_z_score##c.prior_mat
> h_z_score) loscore
                mindist_any_nonprof_4yr mindist_ccc
_ld_spec_controls:
                age i.male i.eth_asian i.eth_hispanic i.eth_black i.eth_other i
> .econ_disadvantage i.limited_eng_prof
                i.disabled i.year#(c.prior_ela_z_score##c.prior_ela_z_score##c.
> prior_ela_z_score)
                i.year#(c.prior_math_z_score##c.prior_math_z_score##c.prior_mat
> h_z_score) loscore
                mindist_any_nonprof_4yr mindist_ccc
_l_scrhat_spec_controls:
                age i.male i.eth_asian i.eth_hispanic i.eth_black i.eth_other i
> .econ_disadvantage i.limited_eng_prof
                i.disabled i.year#(c.prior_ela_z_score##c.prior_ela_z_score##c.
> prior_ela_z_score)
                i.year#(c.prior_math_z_score##c.prior_math_z_score##c.prior_mat
> h_z_score) loscore
_l_spec_controls:
                age i.male i.eth_asian i.eth_hispanic i.eth_black i.eth_other i
> .econ_disadvantage i.limited_eng_prof
                i.disabled i.year#(c.prior_ela_z_score##c.prior_ela_z_score##c.
> prior_ela_z_score)
                i.year#(c.prior_math_z_score##c.prior_math_z_score##c.prior_mat
> h_z_score) loscore
_bd_scrhat_spec_controls:
                age i.male i.eth_asian i.eth_hispanic i.eth_black i.eth_other i
> .econ_disadvantage i.limited_eng_prof
                i.disabled i.year#(c.prior_ela_z_score_hat##c.prior_ela_z_score
> _hat##c.prior_ela_z_score_hat)
                i.year#(c.prior_math_z_score##c.prior_math_z_score##c.prior_mat
> h_z_score) mindist_any_nonprof_4yr
                mindist_ccc
_bd_spec_controls:
                age i.male i.eth_asian i.eth_hispanic i.eth_black i.eth_other i
> .econ_disadvantage i.limited_eng_prof
                i.disabled i.year#(c.prior_ela_z_score##c.prior_ela_z_score##c.
> prior_ela_z_score)
                i.year#(c.prior_math_z_score##c.prior_math_z_score##c.prior_mat
> h_z_score) mindist_any_nonprof_4yr
                mindist_ccc
_b_scrhat_spec_controls:
                age i.male i.eth_asian i.eth_hispanic i.eth_black i.eth_other i
> .econ_disadvantage i.limited_eng_prof
                i.disabled i.year#(c.prior_ela_z_score_hat##c.prior_ela_z_score
> _hat##c.prior_ela_z_score_hat)
                i.year#(c.prior_math_z_score##c.prior_math_z_score##c.prior_mat
> h_z_score)
_b_spec_controls:
                age i.male i.eth_asian i.eth_hispanic i.eth_black i.eth_other i
> .econ_disadvantage i.limited_eng_prof
                i.disabled i.year#(c.prior_ela_z_score##c.prior_ela_z_score##c.
> prior_ela_z_score)
                i.year#(c.prior_math_z_score##c.prior_math_z_score##c.prior_mat
> h_z_score)
_peer_lasd_controls:
                i.year#(c.peer_prior_ela_z_score##c.peer_prior_ela_z_score##c.p
> eer_prior_ela_z_score)
                i.year#(c.peer_prior_math_z_score##c.peer_prior_math_z_score##c
> .peer_prior_math_z_score) peer_age
                peer_male peer_eth_asian peer_eth_hispanic peer_eth_black peer_
> eth_other peer_econ_disadvantage
                peer_limited_eng_prof peer_disabled peer_loscore peer_eth_asian
> _pct peer_eth_hispanic_pct
                peer_eth_black_pct peer_educ_hs_dropout_prop peer_educ_deg_4yea
> r_plus_prop peer_pov_fam_child_lt18_pct
                peer_inc_median_hh peer_has_older_sibling_enr_2year peer_has_ol
> der_sibling_enr_4year
_lasd_controls: loscore eth_asian_pct eth_hispanic_pct eth_black_pct educ_hs_dr
> opout_prop educ_deg_4year_plus_prop
                pov_fam_child_lt18_pct inc_median_hh i.has_older_sibling_enr_2y
> ear i.has_older_sibling_enr_4year
                mindist_any_nonprof_4yr mindist_ccc
_peer_asd_controls:
                i.year#(c.peer_prior_ela_z_score##c.peer_prior_ela_z_score##c.p
> eer_prior_ela_z_score)
                i.year#(c.peer_prior_math_z_score##c.peer_prior_math_z_score##c
> .peer_prior_math_z_score) peer_age
                peer_male peer_eth_asian peer_eth_hispanic peer_eth_black peer_
> eth_other peer_econ_disadvantage
                peer_limited_eng_prof peer_disabled peer_eth_asian_pct peer_eth
> _hispanic_pct peer_eth_black_pct
                peer_educ_hs_dropout_prop peer_educ_deg_4year_plus_prop peer_po
> v_fam_child_lt18_pct peer_inc_median_hh
                peer_has_older_sibling_enr_2year peer_has_older_sibling_enr_4ye
> ar
_asd_controls:  eth_asian_pct eth_hispanic_pct eth_black_pct educ_hs_dropout_pr
> op educ_deg_4year_plus_prop
                pov_fam_child_lt18_pct inc_median_hh i.has_older_sibling_enr_2y
> ear i.has_older_sibling_enr_4year
                mindist_any_nonprof_4yr mindist_ccc
_peer_lsd_controls:
                i.year#(c.peer_prior_ela_z_score##c.peer_prior_ela_z_score##c.p
> eer_prior_ela_z_score)
                i.year#(c.peer_prior_math_z_score##c.peer_prior_math_z_score##c
> .peer_prior_math_z_score) peer_age
                peer_male peer_eth_asian peer_eth_hispanic peer_eth_black peer_
> eth_other peer_econ_disadvantage
                peer_limited_eng_prof peer_disabled peer_loscore peer_has_older
> _sibling_enr_2year
                peer_has_older_sibling_enr_4year
_lsd_controls:  loscore i.has_older_sibling_enr_2year i.has_older_sibling_enr_4
> year mindist_any_nonprof_4yr mindist_ccc
_peer_lad_controls:
                i.year#(c.peer_prior_ela_z_score##c.peer_prior_ela_z_score##c.p
> eer_prior_ela_z_score)
                i.year#(c.peer_prior_math_z_score##c.peer_prior_math_z_score##c
> .peer_prior_math_z_score) peer_age
                peer_male peer_eth_asian peer_eth_hispanic peer_eth_black peer_
> eth_other peer_econ_disadvantage
                peer_limited_eng_prof peer_disabled peer_loscore peer_eth_asian
> _pct peer_eth_hispanic_pct
                peer_eth_black_pct peer_educ_hs_dropout_prop peer_educ_deg_4yea
> r_plus_prop peer_pov_fam_child_lt18_pct
                peer_inc_median_hh
_lad_controls:  loscore eth_asian_pct eth_hispanic_pct eth_black_pct educ_hs_dr
> opout_prop educ_deg_4year_plus_prop
                pov_fam_child_lt18_pct inc_median_hh mindist_any_nonprof_4yr mi
> ndist_ccc
_peer_sd_controls:
                i.year#(c.peer_prior_ela_z_score##c.peer_prior_ela_z_score##c.p
> eer_prior_ela_z_score)
                i.year#(c.peer_prior_math_z_score##c.peer_prior_math_z_score##c
> .peer_prior_math_z_score) peer_age
                peer_male peer_eth_asian peer_eth_hispanic peer_eth_black peer_
> eth_other peer_econ_disadvantage
                peer_limited_eng_prof peer_disabled peer_has_older_sibling_enr_
> 2year peer_has_older_sibling_enr_4year
_sd_controls:   i.has_older_sibling_enr_2year i.has_older_sibling_enr_4year min
> dist_any_nonprof_4yr mindist_ccc
_peer_ad_controls:
                i.year#(c.peer_prior_ela_z_score##c.peer_prior_ela_z_score##c.p
> eer_prior_ela_z_score)
                i.year#(c.peer_prior_math_z_score##c.peer_prior_math_z_score##c
> .peer_prior_math_z_score) peer_age
                peer_male peer_eth_asian peer_eth_hispanic peer_eth_black peer_
> eth_other peer_econ_disadvantage
                peer_limited_eng_prof peer_disabled peer_eth_asian_pct peer_eth
> _hispanic_pct peer_eth_black_pct
                peer_educ_hs_dropout_prop peer_educ_deg_4year_plus_prop peer_po
> v_fam_child_lt18_pct peer_inc_median_hh
_ad_controls:   eth_asian_pct eth_hispanic_pct eth_black_pct educ_hs_dropout_pr
> op educ_deg_4year_plus_prop
                pov_fam_child_lt18_pct inc_median_hh mindist_any_nonprof_4yr mi
> ndist_ccc
_peer_ld_controls:
                i.year#(c.peer_prior_ela_z_score##c.peer_prior_ela_z_score##c.p
> eer_prior_ela_z_score)
                i.year#(c.peer_prior_math_z_score##c.peer_prior_math_z_score##c
> .peer_prior_math_z_score) peer_age
                peer_male peer_eth_asian peer_eth_hispanic peer_eth_black peer_
> eth_other peer_econ_disadvantage
                peer_limited_eng_prof peer_disabled peer_loscore
_ld_controls:   loscore mindist_any_nonprof_4yr mindist_ccc
_peer_bd_controls:
                i.year#(c.peer_prior_ela_z_score##c.peer_prior_ela_z_score##c.p
> eer_prior_ela_z_score)
                i.year#(c.peer_prior_math_z_score##c.peer_prior_math_z_score##c
> .peer_prior_math_z_score) peer_age
                peer_male peer_eth_asian peer_eth_hispanic peer_eth_black peer_
> eth_other peer_econ_disadvantage
                peer_limited_eng_prof peer_disabled
_bd_controls:   age i.male i.eth_asian i.eth_hispanic i.eth_black i.eth_other i
> .econ_disadvantage i.limited_eng_prof
                i.disabled i.year#(c.prior_ela_z_score##c.prior_ela_z_score##c.
> prior_ela_z_score)
                i.year#(c.prior_math_z_score##c.prior_math_z_score##c.prior_mat
> h_z_score) mindist_any_nonprof_4yr
                mindist_ccc
_peer_las_controls:
                i.year#(c.peer_prior_ela_z_score##c.peer_prior_ela_z_score##c.p
> eer_prior_ela_z_score)
                i.year#(c.peer_prior_math_z_score##c.peer_prior_math_z_score##c
> .peer_prior_math_z_score) peer_age
                peer_male peer_eth_asian peer_eth_hispanic peer_eth_black peer_
> eth_other peer_econ_disadvantage
                peer_limited_eng_prof peer_disabled peer_loscore peer_eth_asian
> _pct peer_eth_hispanic_pct
                peer_eth_black_pct peer_educ_hs_dropout_prop peer_educ_deg_4yea
> r_plus_prop peer_pov_fam_child_lt18_pct
                peer_inc_median_hh peer_has_older_sibling_enr_2year peer_has_ol
> der_sibling_enr_4year
_las_controls:  loscore eth_asian_pct eth_hispanic_pct eth_black_pct educ_hs_dr
> opout_prop educ_deg_4year_plus_prop
                pov_fam_child_lt18_pct inc_median_hh i.has_older_sibling_enr_2y
> ear i.has_older_sibling_enr_4year
_peer_as_controls:
                i.year#(c.peer_prior_ela_z_score##c.peer_prior_ela_z_score##c.p
> eer_prior_ela_z_score)
                i.year#(c.peer_prior_math_z_score##c.peer_prior_math_z_score##c
> .peer_prior_math_z_score) peer_age
                peer_male peer_eth_asian peer_eth_hispanic peer_eth_black peer_
> eth_other peer_econ_disadvantage
                peer_limited_eng_prof peer_disabled peer_eth_asian_pct peer_eth
> _hispanic_pct peer_eth_black_pct
                peer_educ_hs_dropout_prop peer_educ_deg_4year_plus_prop peer_po
> v_fam_child_lt18_pct peer_inc_median_hh
                peer_has_older_sibling_enr_2year peer_has_older_sibling_enr_4ye
> ar
_as_controls:   eth_asian_pct eth_hispanic_pct eth_black_pct educ_hs_dropout_pr
> op educ_deg_4year_plus_prop
                pov_fam_child_lt18_pct inc_median_hh i.has_older_sibling_enr_2y
> ear i.has_older_sibling_enr_4year
_peer_ls_controls:
                i.year#(c.peer_prior_ela_z_score##c.peer_prior_ela_z_score##c.p
> eer_prior_ela_z_score)
                i.year#(c.peer_prior_math_z_score##c.peer_prior_math_z_score##c
> .peer_prior_math_z_score) peer_age
                peer_male peer_eth_asian peer_eth_hispanic peer_eth_black peer_
> eth_other peer_econ_disadvantage
                peer_limited_eng_prof peer_disabled peer_loscore peer_has_older
> _sibling_enr_2year
                peer_has_older_sibling_enr_4year
_ls_controls:   loscore i.has_older_sibling_enr_2year i.has_older_sibling_enr_4
> year
_peer_la_controls:
                i.year#(c.peer_prior_ela_z_score##c.peer_prior_ela_z_score##c.p
> eer_prior_ela_z_score)
                i.year#(c.peer_prior_math_z_score##c.peer_prior_math_z_score##c
> .peer_prior_math_z_score) peer_age
                peer_male peer_eth_asian peer_eth_hispanic peer_eth_black peer_
> eth_other peer_econ_disadvantage
                peer_limited_eng_prof peer_disabled peer_loscore peer_eth_asian
> _pct peer_eth_hispanic_pct
                peer_eth_black_pct peer_educ_hs_dropout_prop peer_educ_deg_4yea
> r_plus_prop peer_pov_fam_child_lt18_pct
                peer_inc_median_hh
_la_controls:   loscore eth_asian_pct eth_hispanic_pct eth_black_pct educ_hs_dr
> opout_prop educ_deg_4year_plus_prop
                pov_fam_child_lt18_pct inc_median_hh
_peer_s_controls:
                i.year#(c.peer_prior_ela_z_score##c.peer_prior_ela_z_score##c.p
> eer_prior_ela_z_score)
                i.year#(c.peer_prior_math_z_score##c.peer_prior_math_z_score##c
> .peer_prior_math_z_score) peer_age
                peer_male peer_eth_asian peer_eth_hispanic peer_eth_black peer_
> eth_other peer_econ_disadvantage
                peer_limited_eng_prof peer_disabled peer_has_older_sibling_enr_
> 2year peer_has_older_sibling_enr_4year
_s_controls:    i.has_older_sibling_enr_2year i.has_older_sibling_enr_4year
_peer_a_controls:
                i.year#(c.peer_prior_ela_z_score##c.peer_prior_ela_z_score##c.p
> eer_prior_ela_z_score)
                i.year#(c.peer_prior_math_z_score##c.peer_prior_math_z_score##c
> .peer_prior_math_z_score) peer_age
                peer_male peer_eth_asian peer_eth_hispanic peer_eth_black peer_
> eth_other peer_econ_disadvantage
                peer_limited_eng_prof peer_disabled peer_eth_asian_pct peer_eth
> _hispanic_pct peer_eth_black_pct
                peer_educ_hs_dropout_prop peer_educ_deg_4year_plus_prop peer_po
> v_fam_child_lt18_pct peer_inc_median_hh
_a_controls:    eth_asian_pct eth_hispanic_pct eth_black_pct educ_hs_dropout_pr
> op educ_deg_4year_plus_prop
                pov_fam_child_lt18_pct inc_median_hh
_peer_l_controls:
                i.year#(c.peer_prior_ela_z_score##c.peer_prior_ela_z_score##c.p
> eer_prior_ela_z_score)
                i.year#(c.peer_prior_math_z_score##c.peer_prior_math_z_score##c
> .peer_prior_math_z_score) peer_age
                peer_male peer_eth_asian peer_eth_hispanic peer_eth_black peer_
> eth_other peer_econ_disadvantage
                peer_limited_eng_prof peer_disabled peer_loscore
_l_controls:    loscore
_peer_b_controls:
                i.year#(c.peer_prior_ela_z_score##c.peer_prior_ela_z_score##c.p
> eer_prior_ela_z_score)
                i.year#(c.peer_prior_math_z_score##c.peer_prior_math_z_score##c
> .peer_prior_math_z_score) peer_age
                peer_male peer_eth_asian peer_eth_hispanic peer_eth_black peer_
> eth_other peer_econ_disadvantage
                peer_limited_eng_prof peer_disabled
_b_controls:    age i.male i.eth_asian i.eth_hispanic i.eth_black i.eth_other i
> .econ_disadvantage i.limited_eng_prof
                i.disabled i.year#(c.prior_ela_z_score##c.prior_ela_z_score##c.
> prior_ela_z_score)
                i.year#(c.prior_math_z_score##c.prior_math_z_score##c.prior_mat
> h_z_score)
_d_controls:    mindist_any_nonprof_4yr mindist_ccc
_sib_lag2_controls:
                old2_sib_enr_2year old2_sib_enr_4year
_sib_lag1_controls:
                old1_sib_enr_2year old1_sib_enr_4year
_peer_sibling_controls:
                peer_has_older_sibling_enr_2year peer_has_older_sibling_enr_4ye
> ar
_sibling_controls:
                i.has_older_sibling_enr_2year i.has_older_sibling_enr_4year
_peer_census_controls:
                peer_eth_asian_pct peer_eth_hispanic_pct peer_eth_black_pct pee
> r_educ_hs_dropout_prop
                peer_educ_deg_4year_plus_prop peer_pov_fam_child_lt18_pct peer_
> inc_median_hh
_census_controls:
                eth_asian_pct eth_hispanic_pct eth_black_pct educ_hs_dropout_pr
> op educ_deg_4year_plus_prop
                pov_fam_child_lt18_pct inc_median_hh
_census_grade:  6
_va_control_vars:
                age male eth_asian eth_hispanic eth_black eth_other econ_disadv
> antage limited_eng_prof disabled
_peer_demographic_controls:
                peer_age peer_male peer_eth_asian peer_eth_hispanic peer_eth_bl
> ack peer_eth_other peer_econ_disadvantage
                peer_limited_eng_prof peer_disabled
_peer_math_score_controls:
                i.year#(c.peer_prior_math_z_score##c.peer_prior_math_z_score##c
> .peer_prior_math_z_score)
_peer_ela_score_controls:
                i.year#(c.peer_prior_ela_z_score##c.peer_prior_ela_z_score##c.p
> eer_prior_ela_z_score)
_math_score_controls:
                i.year#(c.prior_math_z_score##c.prior_math_z_score##c.prior_mat
> h_z_score)
_ela_scrhat_controls:
                i.year#(c.prior_ela_z_score_hat##c.prior_ela_z_score_hat##c.pri
> or_ela_z_score_hat)
_ela_score_controls:
                i.year#(c.prior_ela_z_score##c.prior_ela_z_score##c.prior_ela_z
> _score)
_demographic_controls:
                age i.male i.eth_asian i.eth_hispanic i.eth_black i.eth_other i
> .econ_disadvantage i.limited_eng_prof
                i.disabled
_both_str:      Original + Census + Sibling
_sib_str:       Original + Sibling
_acs_str:       Original + Census
_og_str:        Original Specification
_enr_4year_str: 4-Year Enrollment
_enr_2year_str: 2-Year Enrollment
_enr_str:       Overall Enrollment
_math_str:      Math
_ela_str:       ELA
_outcome_max_year:
                2018
_outcome_min_year:
                2015
_caaspp_max_year:
                2019
_caaspp_min_year:
                2015
_star_max_year: 2013
_star_min_year: 2003
_test_score_max_year:
                2018
_test_score_min_year:
                2015
_sibling_out_xwalk:
                /home/research/ca_ed_lab/projects/common_core_va/consolidated/d
> ata/cleaned/siblingxwalk/sibling_out_xwal
                > k
_ufamilyxwalk:  /home/research/ca_ed_lab/users/chesun/gsr/caschls/dta/siblingxw
> alk/ufamilyxwalk
_siblingxwalk:  /home/research/ca_ed_lab/users/chesun/gsr/caschls/dta/siblingxw
> alk/siblingpairxwalk
_k12_test_scores_public:
                /home/research/ca_ed_lab/projects/common_core_va/data/public_ac
> cess/clean/k12_test_scores
_k12_public_schools:
                /home/research/ca_ed_lab/projects/common_core_va/data/public_ac
> cess/clean/k12_public_schools
_public_access: /home/research/ca_ed_lab/projects/common_core_va/data/public_ac
> cess
_k12_test_scores:
                /home/research/ca_ed_lab/projects/common_core_va/data/restricte
> d_access/clean/k12_test_scores
_vaprojdofiles: /home/research/ca_ed_lab/projects/common_core_va/do_files" loca
> l ca_ed_lab "/home/research/ca_ed_lab
_home:          /home/research/ca_ed_lab/projects/common_core_va

. 
. 
. timer on 1

. *****************
. * Begin Do File *
. *****************
. **************** Total Enrollment
. clear

. forvalues spring_year = `test_score_min_year' (1) `test_score_max_year' {
  2.         append using $datadir_clean/cde/enr/enr_`spring_year'_clean.dta
  3. }
(variable school was str50, now str53 to accommodate using data's values)
(label male already defined)
(label race already defined)
(label ethnicity already defined)
(label male already defined)
(label race already defined)
(label ethnicity already defined)
(label male already defined)
(label race already defined)
(label ethnicity already defined)

. 
. collapse (sum) enr_total, by(cdscode year)

. 
. label var enr_total "Total Enrollment"

. 
. compress
  variable enr_total was double now int
  (251,028 bytes saved)

. tempfile enr_total

. save `enr_total'
file /home/tmp/St48258.000001 saved as .dta format

. 
. 
. 
. 
. **************** Enrollment by Race
. clear

. forvalues spring_year = `test_score_min_year' (1) `test_score_max_year' {
  2.         append using $datadir_clean/cde/enr/enr_`spring_year'_clean.dta
  3. }
(variable school was str50, now str53 to accommodate using data's values)
(label male already defined)
(label race already defined)
(label ethnicity already defined)
(label male already defined)
(label race already defined)
(label ethnicity already defined)
(label male already defined)
(label race already defined)
(label ethnicity already defined)

. 
. collapse (sum) enr_total, by(cdscode year race)

. 
. drop if mi(race)
(19,672 observations deleted)

. reshape wide enr_total, i(cdscode year) j(race)
(j = 1 2 5 6 7 8)

Data                               Long   ->   Wide
-----------------------------------------------------------------------------
Number of observations          216,755   ->   41,823      
Number of variables                   4   ->   8           
j variable (6 values)              race   ->   (dropped)
xij variables:
                              enr_total   ->   enr_total1 enr_total2 ... enr_to
> tal8
-----------------------------------------------------------------------------

. 
. rename enr_total1 enr_indian

. label var enr_indian "American Indian Enrollment"

. 
. rename enr_total2 enr_asian

. label var enr_asian "Asian Enrollment"

. 
. rename enr_total5 enr_hispanic

. label var enr_hispanic "Hispanic Enrollment"

. 
. rename enr_total6 enr_black

. label var enr_black "Black Enrollment"

. 
. rename enr_total7 enr_white

. label var enr_white "White Enrollment"

. 
. rename enr_total8 enr_biracial

. label var enr_biracial "Two or More Races Enrollment"

. 
. egen enr_black_hisp = rowtotal(enr_black enr_hispanic), missing
(599 missing values generated)

. label var enr_black_hisp "Black and Hispanic enrollment"

. 
. egen enr_other = rowtotal(enr_indian enr_biracial), missing
(4,602 missing values generated)

. label var enr_other "Other Race Enrollment"

. 
. egen enr_minority = rowtotal(enr_indian enr_hispanic enr_black enr_biracial),
>  missing
(384 missing values generated)

. label var enr_minority "Minority Enrollment"

. 
. egen enr_majority = rowtotal(enr_asian enr_white), missing
(780 missing values generated)

. label var enr_majority "Majority Enrollment"

. 
. 
. merge 1:1 cdscode year using `enr_total', keep(1 3) nogen

    Result                      Number of obs
    -----------------------------------------
    Not matched                             0
    Matched                            41,823  
    -----------------------------------------

. 
. gen enr_indian_prop = enr_indian / enr_total
(14,510 missing values generated)

. label var enr_indian_prop "Enrollment Proportion American Indian"

. 
. gen enr_asian_prop = enr_asian / enr_total
(5,204 missing values generated)

. label var enr_asian_prop "Enrollment Proportion Asian"

. 
. gen enr_hispanic_prop = enr_hispanic / enr_total
(728 missing values generated)

. label var enr_hispanic_prop "Enrollment Proportion Hispanic"

. 
. gen enr_black_prop = enr_black / enr_total
(5,419 missing values generated)

. label var enr_black_prop "Enrollment Proportion Black"

. 
. gen enr_white_prop = enr_white / enr_total
(1,367 missing values generated)

. label var enr_white_prop "Enrollment Proportion White"

. 
. gen enr_biracial_prop = enr_biracial / enr_total
(7,032 missing values generated)

. label var enr_biracial_prop "Enrollment Proportion Two or More Races"

. 
. gen enr_other_prop = enr_other / enr_total
(4,607 missing values generated)

. label var enr_other_prop "Enrollment Proportion Other Race"

. 
. gen enr_minority_prop = enr_minority / enr_total
(415 missing values generated)

. label var enr_minority_prop "Enrollment Proportion Minority"

. 
. gen enr_majority_prop = enr_majority / enr_total
(807 missing values generated)

. label var enr_majority_prop "Enrollment Proportion Majority"

. 
. gen enr_black_hisp_prop = enr_black_hisp / enr_total
(629 missing values generated)

. label var enr_black_hisp_prop "Enrollment Proportion Black/Hispanic"

. 
. drop enr_total

. 
. 
. compress
  variable enr_black_hisp was float now int
  variable enr_other was float now int
  variable enr_minority was float now int
  variable enr_majority was float now int
  variable enr_indian was double now int
  variable enr_asian was double now int
  variable enr_hispanic was double now int
  variable enr_black was double now int
  variable enr_white was double now int
  variable enr_biracial was double now int
  (1,840,212 bytes saved)

. tempfile enr_race

. save `enr_race'
file /home/tmp/St48258.000002 saved as .dta format

. 
. 
. 
. 
. **************** Enrollment by Sex
. clear

. forvalues spring_year = `test_score_min_year' (1) `test_score_max_year' {
  2.         append using $datadir_clean/cde/enr/enr_`spring_year'_clean.dta
  3. }
(variable school was str50, now str53 to accommodate using data's values)
(label male already defined)
(label race already defined)
(label ethnicity already defined)
(label male already defined)
(label race already defined)
(label ethnicity already defined)
(label male already defined)
(label race already defined)
(label ethnicity already defined)

. 
. collapse (sum) enr_total, by(cdscode year male)

. 
. drop if mi(male)
(0 observations deleted)

. reshape wide enr_total, i(cdscode year) j(male)
(j = 0 1)

Data                               Long   ->   Wide
-----------------------------------------------------------------------------
Number of observations           82,703   ->   41,838      
Number of variables                   4   ->   4           
j variable (2 values)              male   ->   (dropped)
xij variables:
                              enr_total   ->   enr_total0 enr_total1
-----------------------------------------------------------------------------

. 
. rename enr_total0 enr_female

. label var enr_female "Female Enrollment"

. 
. rename enr_total1 enr_male

. label var enr_male "Male Enrollment"

. 
. 
. merge 1:1 cdscode year using `enr_total', keep(1 3) nogen

    Result                      Number of obs
    -----------------------------------------
    Not matched                             0
    Matched                            41,838  
    -----------------------------------------

. 
. gen enr_female_prop = enr_female / enr_total
(860 missing values generated)

. label var enr_female_prop "Enrollment Proportion Female"

. 
. gen enr_male_prop = enr_male / enr_total
(171 missing values generated)

. label var enr_male_prop "Enrollment Proportion Male"

. 
. drop enr_total

. 
. 
. compress
  variable enr_female was double now int
  variable enr_male was double now int
  (502,056 bytes saved)

. tempfile enr_sex

. save `enr_sex'
file /home/tmp/St48258.000003 saved as .dta format

. 
. 
. 
. 
. 
. 
. 
. 
. 
. 
. 
. 
. 
. 
. 
. 
. **************** Free and Reduced Price Lunch
. clear

. forvalues spring_year = `test_score_min_year' (1) `test_score_max_year' {
  2.         append using $datadir_clean/cde/frpm/frpm_`spring_year'_clean.dta
  3. }
(variable schoolname was str85, now str89 to accommodate using data's values)

. 
. drop if mi(cdscode, year)
(2 observations deleted)

. 
. duplicates tag cdscode year, gen(dup_tag)

Duplicates in terms of cdscode year

. drop if dup_tag!=0
(0 observations deleted)

. drop dup_tag

. 
. compress
  variable enrollment_k12 was long now int
  variable freemeals_k12 was long now int
  variable totalfrpm_k12 was long now int
  variable enrollment was long now int
  variable freemeals was long now int
  variable totalfrpm was long now int
  (501,588 bytes saved)

. tempfile frpm

. save `frpm'
file /home/tmp/St48258.000004 saved as .dta format

. 
. 
. 
. 
. 
. 
. 
. 
. 
. 
. 
. 
. 
. 
. 
. 
. **************** English Language Learners
. clear

. forvalues spring_year = `test_score_min_year' (1) `test_score_max_year' {
  2.         append using $datadir_clean/cde/elsch/elsch_`spring_year'_clean.dt
> a
  3. }
(variable school was str50, now str53 to accommodate using data's values)

. 
. collapse (sum) total_el, by(cdscode year)

. 
. merge 1:1 cdscode year using `enr_total', keep(1 3) nogen

    Result                      Number of obs
    -----------------------------------------
    Not matched                             0
    Matched                            39,460  
    -----------------------------------------

. 
. gen el_prop = total_el / enr_total
(12 missing values generated)

. 
. compress
  variable total_el was double now int
  (236,760 bytes saved)

. tempfile elsch

. save `elsch'
file /home/tmp/St48258.000005 saved as .dta format

. 
. 
. 
. 
. 
. 
. 
. 
. 
. 
. 
. 
. 
. 
. 
. 
. **************** Staff Demo
. clear

. forvalues spring_year = `test_score_min_year' (1) `test_score_max_year' {
  2.         append using $datadir_clean/cde/staffdemo/staffdemo_`spring_year'_
> clean.dta
  3. }
(label employment_status already defined)
(label race already defined)
(label ethnicity already defined)
(label education already defined)
(label male already defined)
(label employment_status already defined)
(label race already defined)
(label ethnicity already defined)
(label education already defined)
(label male already defined)
(label employment_status already defined)
(label race already defined)
(label ethnicity already defined)
(label education already defined)
(label male already defined)

. 
. **** Ethnicity
. gen eth_minority = (inlist(race, 1, 5, 6, 8))

. replace eth_minority = . if mi(race)
(54,213 real changes made, 54,213 to missing)

. label var eth_minority "Minority"

. 
. **** Experience
. gen new_teacher = (inrange(years_teaching, 0, 3))

. replace new_teacher = . if mi(years_teaching)
(0 real changes made)

. 
. 
. compress
  variable eth_minority was float now byte
  variable new_teacher was float now byte
  (8,522,520 bytes saved)

. tempfile staffdemo

. save `staffdemo'
file /home/tmp/St48258.000006 saved as .dta format

. 
. 
. 
. 
. 
. 
. 
. 
. **************** Staff Credentials
. clear

. forvalues spring_year = `test_score_min_year' (1) `test_score_max_year' {
  2.         append using $datadir_clean/cde/staffcred/staffcred_`spring_year'_
> clean.dta
  3. }
(label authorization already defined)
(label credential already defined)
(label authorization already defined)
(label credential already defined)
(label authorization already defined)
(label credential already defined)

. 
. **** Credential
. gen credential_full = 1 if credential==10
(243,884 missing values generated)

. replace credential_full = 0 if inlist(credential, 20, 30, 40, 50, 60, 70, 80,
>  85, 90, 95)
(243,884 real changes made)

. 
. **** Collapse Data
. collapse (max) ///
>         credential_full = credential_full ///
>         , by(year recid)

. 
. **** Credential
. label var credential_full "Full Credential"

. 
. 
. compress
  variable credential_full was float now byte
  (3,964,797 bytes saved)

. tempfile staffcred

. save `staffcred'
file /home/tmp/St48258.000007 saved as .dta format

. 
. 
. 
. 
. 
. 
. 
. 
. 
. **************** Staff School FTE
. clear

. forvalues spring_year = `test_score_min_year' (1) `test_score_max_year' {
  2.         append using $datadir_clean/cde/staffschoolfte/staffschoolfte_`spr
> ing_year'_clean.dta
  3. }
(label staff_type already defined)
(label job_classification already defined)
(label staff_type already defined)
(label job_classification already defined)
(label staff_type already defined)
(label job_classification already defined)

. 
. 
. **** Classification
. gen classification_teach = (inlist(job_classification, 12, 26, 27))

. replace classification_teach = . if mi(classification_teach)
(0 real changes made)

. 
. gen fte_teach = fte if classification_teach==1
(247,629 missing values generated)

. 
. gen classification_admin = (inlist(job_classification, 10, 25))

. replace classification_admin = . if mi(job_classification)
(0 real changes made)

. 
. gen fte_admin = fte if classification_admin==1
(1,386,998 missing values generated)

. 
. gen classification_pupil = (job_classification==11)

. replace classification_pupil = . if mi(job_classification)
(0 real changes made)

. 
. gen fte_pupil = fte if classification_pupil==1
(1,359,403 missing values generated)

. 
. 
. compress
  variable classification_teach was float now byte
  variable classification_admin was float now byte
  variable classification_pupil was float now byte
  (13,473,135 bytes saved)

. tempfile staffschoolfte

. save `staffschoolfte'
file /home/tmp/St48258.000008 saved as .dta format

. 
. 
. 
. 
. 
. 
. 
. 
. 
. **************** Combine and collapse teacher data
. use `staffschoolfte'

. merge m:1 districtcode year recid using `staffdemo', nogen

    Result                      Number of obs
    -----------------------------------------
    Not matched                            52
        from master                         0  
        from using                         52  

    Matched                         1,497,015  
    -----------------------------------------

. merge m:1 year recid using `staffcred', nogen

    Result                      Number of obs
    -----------------------------------------
    Not matched                        89,255
        from master                    89,184  
        from using                         71  

    Matched                         1,407,883  
    -----------------------------------------

. preserve

. 
. ******** Staff FTE
. restore, preserve

. 
. replace fte_teach = fte_teach / 100
(1,249,384 real changes made)

. replace fte_admin = fte_admin / 100
(110,021 real changes made)

. replace fte_pupil = fte_pupil / 100
(137,613 real changes made)

. 
. **** Collapse Data
. collapse (rawsum) ///
>         fte_teach = fte_teach ///
>         fte_admin = fte_admin ///
>         fte_pupil = fte_pupil ///
>         , by(cdscode year)

. 
. merge 1:1 cdscode year using `enr_total' ///
>         , gen(merge_enr_total) keep(1 3)

    Result                      Number of obs
    -----------------------------------------
    Not matched                         3,500
        from master                     3,500  (merge_enr_total==1)
        from using                          0  (merge_enr_total==2)

    Matched                            40,116  (merge_enr_total==3)
    -----------------------------------------

. 
. gen fte_teach_pc = fte_teach / enr_total
(3,513 missing values generated)

. label var fte_teach_pc "FTE Teachers per Student"

. 
. gen fte_admin_pc = fte_admin / enr_total
(3,513 missing values generated)

. label var fte_admin_pc "FTE Admin per Student"

. 
. gen fte_pupil_pc = fte_pupil / enr_total
(3,513 missing values generated)

. label var fte_pupil_pc "FTE Pupil Services per Student"

. 
. drop enr_* merge_*

. 
. 
. compress
  (0 bytes saved)

. sort cdscode year

. tempfile staffschoolfte

. save `staffschoolfte'
file /home/tmp/St48258.00000a saved as .dta format

. 
. 
. 
. 
. ******** Teacher Demographics
. restore, preserve

. 
. * Keep teachers
. keep if classification_teach==1
(247,752 observations deleted)

. 
. **** Collapse Data
. collapse (mean) ///
>         male_prop = male ///
>         eth_minority_prop = eth_minority ///
>         new_teacher_prop = new_teacher ///
>         [aw = fte_teach] ///
>         , by(cdscode year)

. 
. label var male_prop "Proportion Male Teachers"

. label var eth_minority_prop "Staff Proportion Minority"

. label var new_teacher_prop "Proportion $ \leq $ 3 Years Experience Teachers"

. 
. 
. compress
  (0 bytes saved)

. sort cdscode year

. tempfile staffdemo

. save `staffdemo'
file /home/tmp/St48258.00000b saved as .dta format

. 
. 
. 
. 
. ******** Teacher Credentials
. restore, preserve

. 
. * Keep teachers
. keep if classification_teach==1
(247,752 observations deleted)

. 
. **** Collapse Data
. collapse (mean) ///
>         credential_full_prop = credential_full ///
>         [aw = fte_teach] ///
>         , by(cdscode year)

. 
. 
. compress
  (0 bytes saved)

. sort cdscode year

. tempfile staffcred

. save `staffcred'
file /home/tmp/St48258.00000c saved as .dta format

. 
. 
. 
. 
. 
. 
. 
. 
. 
. 
. 
. 
. 
. 
. 
. 
. **************** Combine All School Characteristics
. use `enr_total', clear

. merge 1:1 cdscode year using `enr_race' ///
>         , nogen keepusing(*prop)

    Result                      Number of obs
    -----------------------------------------
    Not matched                            15
        from master                        15  
        from using                          0  

    Matched                            41,823  
    -----------------------------------------

. merge 1:1 cdscode year using `enr_sex' ///
>         , nogen keepusing(enr_male_prop)

    Result                      Number of obs
    -----------------------------------------
    Not matched                             0
    Matched                            41,838  
    -----------------------------------------

. merge 1:1 cdscode year using `frpm' ///
>         , nogen keepusing(frpm_prop)

    Result                      Number of obs
    -----------------------------------------
    Not matched                            45
        from master                        42  
        from using                          3  

    Matched                            41,796  
    -----------------------------------------

. merge 1:1 cdscode year using `elsch' ///
>         , nogen keepusing(el_prop)

    Result                      Number of obs
    -----------------------------------------
    Not matched                         2,381
        from master                     2,381  
        from using                          0  

    Matched                            39,460  
    -----------------------------------------

. merge 1:1 cdscode year using `staffdemo' ///
>         , nogen keepusing(*)

    Result                      Number of obs
    -----------------------------------------
    Not matched                         3,410
        from master                     1,758  
        from using                      1,652  

    Matched                            40,083  
    -----------------------------------------

. merge 1:1 cdscode year using `staffcred' ///
>         , nogen keepusing(*)

    Result                      Number of obs
    -----------------------------------------
    Not matched                         1,758
        from master                     1,758  
        from using                          0  

    Matched                            41,735  
    -----------------------------------------

. merge 1:1 cdscode year using `staffschoolfte' ///
>         , nogen keepusing(*)

    Result                      Number of obs
    -----------------------------------------
    Not matched                         3,571
        from master                     1,724  
        from using                      1,847  

    Matched                            41,769  
    -----------------------------------------

. /* merge with charter status */
. merge m:1 cdscode using $datadir_clean/cde/charter_status.dta, nogen 

    Result                      Number of obs
    -----------------------------------------
    Not matched                        20,263
        from master                     5,082  
        from using                     15,181  

    Matched                            40,258  
    -----------------------------------------

. /* merge with proportion of econ disadvantage data */
. merge 1:1 cdscode year using $datadir_clean/cde/ecn_disadv.dta, nogen 

    Result                      Number of obs
    -----------------------------------------
    Not matched                        41,973
        from master                    20,899  
        from using                     21,074  

    Matched                            39,622  
    -----------------------------------------

. /* merge with NCES urban/rural classification data from 2015-16 */
. merge m:1 cdscode using $datadir_clean/nces/pubschls_locale.dta, nogen

    Result                      Number of obs
    -----------------------------------------
    Not matched                        28,802
        from master                    28,802  
        from using                          0  

    Matched                            52,793  
    -----------------------------------------

. 
. compress
  (0 bytes saved)

. save $datadir_clean/sch_char.dta, replace
(file /home/research/ca_ed_lab/projects/common_core_va/consolidated/data/cleane
> d/sch_char.dta not found)
file /home/research/ca_ed_lab/projects/common_core_va/consolidated/data/cleaned
> /sch_char.dta saved

. /* create a dataset for school characteristics for each year */
. snapshot save
snapshot 1 created at 18 May 2026 00:03

. 
. forvalues spring_year = `test_score_min_year' (1) `test_score_max_year' {
  2.         keep if year == `spring_year'
  3.         save $datadir_clean/sch_char_`spring_year'.dta, replace
  4.         snapshot restore 1
  5. }
(68,396 observations deleted)
(file /home/research/ca_ed_lab/projects/common_core_va/consolidated/data/cleane
> d/sch_char_2015.dta not found)
file /home/research/ca_ed_lab/projects/common_core_va/consolidated/data/cleaned
> /sch_char_2015.dta saved
(68,100 observations deleted)
(file /home/research/ca_ed_lab/projects/common_core_va/consolidated/data/cleane
> d/sch_char_2016.dta not found)
file /home/research/ca_ed_lab/projects/common_core_va/consolidated/data/cleaned
> /sch_char_2016.dta saved
(67,914 observations deleted)
(file /home/research/ca_ed_lab/projects/common_core_va/consolidated/data/cleane
> d/sch_char_2017.dta not found)
file /home/research/ca_ed_lab/projects/common_core_va/consolidated/data/cleaned
> /sch_char_2017.dta saved
(67,954 observations deleted)
(file /home/research/ca_ed_lab/projects/common_core_va/consolidated/data/cleane
> d/sch_char_2018.dta not found)
file /home/research/ca_ed_lab/projects/common_core_va/consolidated/data/cleaned
> /sch_char_2018.dta saved

. 
. 
. timer off 1

. timer list
   1:     19.79 /        1 =      19.7880

. cap log close clean_sch_char
