-------------------------------------------------------------------------------
> -----------------------------------------
      name:  prior_decile_original_sample
       log:  /home/research/ca_ed_lab/projects/common_core_va/consolidated/log/
> va/prior_decile_original_sample.smcl
  log type:  text
 opened on:  14 Jun 2026, 18:23:22

. 
. di as text _n "--------------------------------------------------------------
------------------"

-------------------------------------------------------------------------------
> -

. di as text "prior_decile_original_sample.do — RUN START: `c(current_date)' `c
> (current_time)'"
prior_decile_original_sample.do — RUN START: 14 Jun 2026 18:23:22

. di as text "-----------------------------------------------------------------
---------------"
-------------------------------------------------------------------------------
> -

. 
. /* change directory to common_core_va project directory for all value added
> do files because some called subroutines written by Matt may use relative fil
> e paths  */
. cd $vaprojdir
/home/research/ca_ed_lab/projects/common_core_va

. 
. /* $projdir alias before LEGACY include (per [LEARN:stata] 2026-04-30
>    + siblingoutxwalk.do precedent).  vafilemacros.doh defines locals like
>    `ufamilyxwalk "$projdir/dta/siblingxwalk/ufamilyxwalk"' which need
>    $projdir to resolve to the caschls dir.  do/settings.do does NOT define
>    $projdir; we alias to $caschls_projdir here.  Side effect (global remains
>    set for the Stata session) is benign because nothing else in the
>    consolidated pipeline references $projdir. */
. global projdir "$caschls_projdir"

. 
. /* file path macros for datasets */
. include $caschls_projdir/do/share/siblingvaregs/vafilemacros.doh

. *****************************************************************************
> ***
. /* Macros for common core VA project folder file paths, and relevant datasets
>  to make it possible
> to use Matt's doh files  */
. *****************************************************************************
> ***
. *****************************************************************************
> ***
. /* First written by Che Sun, 12/13/2021
> 1/27/2022: changed mattdofiles path to the do files folder in project folder
> after Matt updated the do files to reconcile file paths. Now direct run these
> do files from the $vaprojdir/do_files_sbac folder*/
. 
. /* to include this in do files:
> include $projdir/do/share/siblingvaregs/vafilemacros.doh
>  */
. 
.  local vaprojdofiles "$vaprojdir/do_files"

. 
. *** macros for my own datasets
. local va_dataset "$projdir/dta/common_core_va/va_dataset"

. local va_g11_dataset "$projdir/dta/common_core_va/va_g11_dataset"

. local va_g11_out_dataset "$projdir/dta/common_core_va/va_g11_out_dataset"

. local siblingxwalk "$projdir/dta/siblingxwalk/siblingpairxwalk"

. local ufamilyxwalk "$projdir/dta/siblingxwalk/ufamilyxwalk"

. local k12_postsecondary_out_merge "$projdir/dta/common_core_va/k12_postsecond
> ary_out_merge"

. local sibling_out_xwalk "$projdir/dta/siblingxwalk/sibling_out_xwalk"

. 
. 
. //run Matt's do helper file to set the local macros for VA project
. include $consolidated_dir/do/va/helpers/macros_va.doh

. /*---------------------------------------------------------------------------
> ---
> do/va/helpers/macros_va.doh — VA project file paths, dates, controls, strings
> =============================================================================
> ===
> 
> PURPOSE
>     Define the canonical VA-pipeline locals consumed across Phase 3+
>     estimation, table-producer, figure-producer, and heterogeneity scripts:
>     - Restricted-access K12 data paths.
>     - Sibling crosswalk paths (cross-references caschls predecessor).
>     - Cohort-year ranges (test_score / star / caaspp / outcome).
>     - Outcome strings (ELA, Math, enrollment).
>     - Control-variable groupings (school, demographic, score, peer, census,
>       sibling, distance, scrhat — predicted-score variants).
>     - Per-spec control combinations (b/l/a/s/la/ls/as/las and their `d'-augme
> nted
>       variants per ADR-0009 + 2023-04-30 distance addition).
>     - String labels for sample × control display.
>     - School-characteristics + demographic-characteristics + expenditure grou
> ps.
> 
> INCLUDED FROM
>     Phase 3+ VA estimation/table/figure scripts under `do/va/' and `do/share/
> va/'.
>     Typically the FIRST helper-include in any consuming script (sets up the
>     parent-scope locals consumed by `drift_limit.doh' and
>     `macros_va_all_samples_controls.doh').
> 
>     Uses Stata's `#delimit ;' syntax (semicolons end statements) per the
>     predecessor convention.  The closing `#delimit cr' restores default
>     line-end semantics for the calling script.
> 
> ROLE IN ADR-0021 SANDBOX
>     Pure local definitions; no save / export / log; sandbox-trivially clean.
>     Reads from LEGACY paths via global expansion at include-time:
>       - $vaprojdir/data/restricted_access/clean/k12_test_scores
>         (LEGACY restricted-access K12 raw data)
>       - $vaprojdir/data/public_access/...
>         (LEGACY public-access subdirs)
>       - $caschls_projdir/dta/siblingxwalk/{siblingpairxwalk,ufamilyxwalk}
>         (LEGACY-static predecessor sibling-pair / unique-family crosswalks)
>     Reads from CANONICAL paths:
>       - $datadir_clean/siblingxwalk/sibling_out_xwalk
>         (sibling-outcomes crosswalk built by relocated
>          do/sibling_xwalk/siblingoutxwalk.do per ADR-0005; producer at L338)
> 
> RELOCATION HISTORY (per ADR-0005 + ADR-0021, applied 2026-04-30)
>     Source:      cde_va_project_fork/do_files/sbac/macros_va.doh
>     Destination: do/va/helpers/macros_va.doh
>     Path repointing per ADR-0021 sandbox amendment ("paths only; analysis
>     logic preserved verbatim"):
>       - L29-31: `$projdir/dta/siblingxwalk/<file>' -> `$caschls_projdir/dta/s
> iblingxwalk/<file>'
>         (3 references: siblingxwalk, ufamilyxwalk, sibling_out_xwalk)
>         Reason: $projdir is NOT defined in do/settings.do; $caschls_projdir
>         is the explicit-named global per the LEGACY PATHS comment block.
>         Repointing here eliminates the include-time `$projdir' alias-need
>         for any future calling script (per the [LEARN:stata] 2026-04-30
>         pattern surfaced in the siblingoutxwalk.do round-1 review).
>       - $vaprojdir references (L22-28) preserved unchanged — $vaprojdir
>         IS defined in do/settings.do as the predecessor cde_va_project_fork
>         dir; LEGACY-static restricted-access K12 paths are READS-only
>         per ADR-0021.
>     Predecessor caller-update protocol: predecessor callers untouched in
>     this commit per plan v3 §3.3 step 5 parenthetical.
>     Analysis logic preserved verbatim (the cross-product of controls, the
>     string labels, the cohort-year ranges, the school-char groupings — all
>     byte-equivalent to the predecessor).
> 
> ORIGINAL CHANGE LOG (preserved from predecessor)
>     2022-04-28: Added macro for sibling controls.
>     2022-09-20: Added delimiter `;' after comments.
>     2022-10-31: Changed naming convention for samples (b/l/a/s/la/ls/as/las).
>     2023-05-31: Added distance control macros.
>     2024-08-22: Added predicted ELA score spec controls (`scrhat' variants).
> 
> REFERENCES
>     Plan v3 §3.3 step 1 (helpers/macros)
>     ADRs:    0009 (v1 prior-score canonical), 0017 (Matt's files untouched —
>              $vaprojdir paths are LEGACY-static reads), 0021 (description
>              convention; sandbox-write rule; path-globals-only amendment)
>     Audit:   chunk-2 (file structure verification); chunk-3 (control
>              specifications cross-checked against paper Tables 2-3)
>     MEMORY:  [LEARN:stata] 2026-04-30 ($projdir explicit-rename pattern)
> -----------------------------------------------------------------------------
> -*/
. 
. 
. /* CHANGE LOG
> 4/28/2022: Added macro for sibling controls
> 09/20/2022: Added delimiter : after comments
> 10/31/2022: Changed naming convention for samples
> b - base
> l - loscore
> a - acs
> s - sibling
> la - loscore and acs
> ls - loscore and sibling
> as - acs and sibling
> las - loscore, acs and sibling
> 
> 05/31/2023: added distance control macros
> 
> 08/22/2024: added predicted ELA score spec controls
> */
. 
. #delimit ;
delimiter now ;
. *** file paths ;
. local home $vaprojdir ;

. local vaprojdofiles "$vaprojdir/do_files"
> local ca_ed_lab "/home/research/ca_ed_lab" ;

. local k12_test_scores "$vaprojdir/data/restricted_access/clean/k12_test_score
> s" ;

. local public_access "$vaprojdir/data/public_access" ;

. local k12_public_schools "$vaprojdir/data/public_access/clean/k12_public_scho
> ols" ;

. local k12_test_scores_public "$vaprojdir/data/public_access/clean/k12_test_sc
> ores" ;

. local siblingxwalk "$caschls_projdir/dta/siblingxwalk/siblingpairxwalk";

. local ufamilyxwalk "$caschls_projdir/dta/siblingxwalk/ufamilyxwalk";

. local sibling_out_xwalk "$datadir_clean/siblingxwalk/sibling_out_xwalk";

. **** Dates ;
. local test_score_min_year
>         2015
>         ;

. local test_score_max_year
>         2018
>         ;

. local star_min_year
>         2003
>         ;

. local star_max_year
>         2013
>         ;

. local caaspp_min_year
>         2015
>         ;

. local caaspp_max_year
>         2019
>         ;

. local outcome_min_year
>         2015
>         ;

. local outcome_max_year
>         2018
>         ;

. **** Outcome Strings ;
. local ela_str
>         "ELA"
>         ;

. local math_str
>         "Math"
>         ;

. local enr_str
>         "Overall Enrollment"
>         ;

. local enr_2year_str
>         "2-Year Enrollment"
>         ;

. local enr_4year_str
>         "4-Year Enrollment"
>         ;

. **** Sibling Census Restricted Sample Controls Strings ;
. local og_str
>         "Original Specification"
>         ;

. local acs_str
>         "Original + Census"
>         ;

. local sib_str
>         "Original + Sibling"
>         ;

. local both_str
>         "Original + Census + Sibling"
>         ;

. **** Value Added ;
. local school_controls
>         /*cohort_size*/
>         ;

. local demographic_controls
>         age
>         i.male
>         i.eth_asian i.eth_hispanic i.eth_black i.eth_other
>         i.econ_disadvantage
>         i.limited_eng_prof
>         i.disabled
>         ;

. local ela_score_controls
>         i.year#(c.prior_ela_z_score##c.prior_ela_z_score##c.prior_ela_z_score
> )
>         ;

. // controls using predicted lag 1 ELA scores
> local ela_scrhat_controls
>         i.year#(c.prior_ela_z_score_hat##c.prior_ela_z_score_hat##c.prior_ela
> _z_score_hat)
>         ;

. local math_score_controls
>         i.year#(c.prior_math_z_score##c.prior_math_z_score##c.prior_math_z_sc
> ore)
>         ;

. local peer_ela_score_controls
>         i.year#(c.peer_prior_ela_z_score##c.peer_prior_ela_z_score##c.peer_pr
> ior_ela_z_score)
>         ;

. local peer_math_score_controls
>         i.year#(c.peer_prior_math_z_score##c.peer_prior_math_z_score##c.peer_
> prior_math_z_score)
>         ;

. local peer_demographic_controls
>         peer_age
>         peer_male
>         peer_eth_asian peer_eth_hispanic peer_eth_black peer_eth_other
>         peer_econ_disadvantage
>         peer_limited_eng_prof
>         peer_disabled
>         ;

. local va_control_vars "`school_controls' `demographic_controls'" ;

. local va_control_vars : subinstr local va_control_vars "i." "", all ;

. local va_control_vars : list uniq va_control_vars ;

. local census_grade
>         6
>         ;

. local census_controls
>         /*eth_white_pct*/ eth_asian_pct eth_hispanic_pct eth_black_pct /*eth_
> other_pct*/
>         educ_hs_dropout_prop /*educ_deg_2year_prop*/ educ_deg_4year_plus_prop
>         pov_fam_child_lt18_pct
>         inc_median_hh
>         ;

. local peer_census_controls
>         peer_eth_asian_pct  peer_eth_hispanic_pct  peer_eth_black_pct
>         peer_educ_hs_dropout_prop  peer_educ_deg_4year_plus_prop
>         peer_pov_fam_child_lt18_pct      peer_inc_median_hh
>         ;

. local sibling_controls
>         i.has_older_sibling_enr_2year
>         i.has_older_sibling_enr_4year
>         ;

. local peer_sibling_controls
>         peer_has_older_sibling_enr_2year
>         peer_has_older_sibling_enr_4year
>         ;

. // lag 1 older sibling controls ;
> local sib_lag1_controls
>         old1_sib_enr_2year
>         old1_sib_enr_4year
>         ;

. // lag 2 older sibling controls ;
> local sib_lag2_controls
>         old2_sib_enr_2year
>         old2_sib_enr_4year
>         ;

. // postsecondary distance controls
> local d_controls
>         mindist_any_nonprof_4yr
>         mindist_ccc
>         ;

. **********************************************  ;
. *** macros for STANDALONE control vars for running loops over all samples and
>  specifications ;
. //base specification controls ;
> local b_controls
>         `school_controls'
>         `demographic_controls'
>         `ela_score_controls'
>         `math_score_controls'
>         ;

. //peer base controls ;
> local peer_b_controls
>         `peer_ela_score_controls'
>         `peer_math_score_controls'
>         `peer_demographic_controls'
>         ;

. // leave out score controls ;
> local l_controls
>         loscore
>         ;

. // peer leave out score controls ;
> local peer_l_controls
>         `peer_b_controls'
>         peer_loscore
>         ;

. local a_controls
>         `census_controls'
>         ;

. local peer_a_controls
>         `peer_b_controls'
>         `peer_census_controls'
>         ;

. local s_controls
>         `sibling_controls'
>         ;

. local peer_s_controls
>         `peer_b_controls'
>         `peer_sibling_controls'
>         ;

. // control var groups for looping ;
> local la_controls
>         `l_controls'
>         `a_controls'
>         ;

. local peer_la_controls
>         `peer_b_controls'
>         peer_loscore
>         `peer_census_controls'
>         ;

. local ls_controls
>         `l_controls'
>         `s_controls'
>         ;

. local peer_ls_controls
>         `peer_b_controls'
>         peer_loscore
>         `peer_sibling_controls'
>         ;

. local as_controls
>         `a_controls'
>         `s_controls'
>         ;

. local peer_as_controls
>         `peer_b_controls'
>         `peer_census_controls'
>         `peer_sibling_controls'
>         ;

. local las_controls
>         `l_controls'
>         `a_controls'
>         `s_controls'
>         ;

. local peer_las_controls
>         `peer_b_controls'
>         peer_loscore
>         `peer_census_controls'
>         `peer_sibling_controls'
>         ;

. foreach control in b l a s la ls as las {;
  2.         local `control'd_controls
>                 ``control'_controls' `d_controls'
>                 ;
  3.         local peer_`control'd_controls
>                 `peer_`control'_controls'
>                 ;
  4.         }
>         ;

. *** macros for control var COMBINATIONS for running loops over all samples an
> d specifications ;
. //base specification controls ;
> local b_spec_controls
>         `school_controls'
>         `demographic_controls'
>         `ela_score_controls'
>         `math_score_controls'
>         ;

. // predicted score spec controls
> local b_scrhat_spec_controls
>         `school_controls'
>         `demographic_controls'
>         `ela_scrhat_controls'
>         `math_score_controls'
>         ;

. local bd_spec_controls
>         `b_spec_controls'
>         `d_controls'
>         ;

. local bd_scrhat_spec_controls
>         `b_scrhat_spec_controls'
>         `d_controls'
>         ;

. // leave out prior score controls ;
> local l_spec_controls
>         `b_spec_controls'
>         loscore
>         ;

. local l_scrhat_spec_controls
>         `b_spec_controls'
>         loscore
>         ;

. local ld_spec_controls
>         `l_spec_controls'
>         `d_controls'
>         ;

. local ld_scrhat_spec_controls
>         `l_scrhat_spec_controls'
>         `d_controls'
>         ;

. // ACS
> local a_spec_controls
>         `b_spec_controls'
>         `census_controls'
>         ;

. local a_scrhat_spec_controls
>         `b_scrhat_spec_controls'
>         `census_controls'
>         ;

. local ad_spec_controls
>         `a_spec_controls'
>         `d_controls'
>         ;

. local ad_scrhat_spec_controls
>         `a_scrhat_spec_controls'
>         `d_controls'
>         ;

. // sibling
> local s_spec_controls
>         `b_spec_controls'
>         `s_controls'
>         ;

. local s_scrhat_spec_controls
>         `b_scrhat_spec_controls'
>         `s_controls'
>         ;

. local sd_spec_controls
>         `s_spec_controls'
>         `d_controls'
>         ;

. local sd_scrhat_spec_controls
>         `s_scrhat_spec_controls'
>         `d_controls'
>         ;

. // loscores and acs
> local la_spec_controls
>         `b_spec_controls'
>         `l_controls'
>         `a_controls'
>         ;

. local la_scrhat_spec_controls
>         `b_scrhat_spec_controls'
>         `l_controls'
>         `a_controls'
>         ;

. local lad_spec_controls
>         `la_spec_controls'
>         `d_controls'
>         ;

. local lad_scrhat_spec_controls
>         `la_scrhat_spec_controls'
>         `d_controls'
>         ;

. local ls_spec_controls
>         `b_spec_controls'
>         `l_controls'
>         `s_controls'
>         ;

. local ls_scrhat_spec_controls
>         `b_scrhat_spec_controls'
>         `l_controls'
>         `s_controls'
>         ;

. local lsd_spec_controls
>         `ls_spec_controls'
>         `d_controls'
>         ;

. local lsd_scrhat_spec_controls
>         `ls_scrhat_spec_controls'
>         `d_controls'
>         ;

. local as_spec_controls
>         `b_spec_controls'
>         `a_controls'
>         `s_controls'
>         ;

. local as_scrhat_spec_controls
>         `b_scrhat_spec_controls'
>         `a_controls'
>         `s_controls'
>         ;

. local asd_spec_controls
>         `as_spec_controls'
>         `d_controls'
>         ;

. local asd_scrhat_spec_controls
>         `as_scrhat_spec_controls'
>         `d_controls'
>         ;

. local las_spec_controls
>         `b_spec_controls'
>         `l_controls'
>         `a_controls'
>         `s_controls'
>         ;

. local las_scrhat_spec_controls
>         `b_scrhat_spec_controls'
>         `l_controls'
>         `a_controls'
>         `s_controls'
>         ;

. local lasd_spec_controls
>         `las_spec_controls'
>         `d_controls'
>         ;

. local lasd_scrhat_spec_controls
>         `las_scrhat_spec_controls'
>         `d_controls'
>         ;

. // strings for all sample and control combinations ;
> 
> local b_str
>         "base"
>         ;

. local bd_str
>         `b_str'
>         ;

. local l_str
>         "leave out score"
>         ;

. local ld_str
>         `l_str'
>         ;

. local a_str
>         "ACS"
>         ;

. local ad_str
>         `a_str'
>         ;

. local s_str
>         "sibling"
>         ;

. local sd_str
>         `s_str'
>         ;

. local la_str
>         "leave out score & ACS"
>         ;

. local lad_str
>         `la_str'
>         ;

. local ls_str
>         "leave out score & sibling"
>         ;

. local lsd_str
>         `ls_str'
>         ;

. local as_str
>         "ACS & sibling"
>         ;

. local asd_str
>         `as_str'
>         ;

. local las_str
>         "leave out score & ACS & sibling"
>         ;

. local lasd_str
>         `las_str'
>         ;

. local d_str
>         "postsecondary distance"
>         ;

. // strings for heterogeneity in persistence vars ;
> local race_str
>         "Race"
>         ;

. local male_str "Male";

. local econ_disadvantage_str "Economically Disadvantaged";

. local prop_ecn_disadv_str "Proportion Economically Disadvantaged" ;

. local charter_str "Charter Status" ;

. local inc_median_hh_xtile_str "Census Tract Median Household Income Decile";

. local enr_black_hisp_prop_str "Proportion of Black and Hispanic Enrollment";

. **** School Characteristics ;
. local sch_chars
>         fte_teach_pc fte_pupil_pc /*fte_admin_pc*/
>         /*eng_learner_staff_pc*/
>         new_teacher_prop
>         /*educ_grad_sch_prop educ_associate_prop*/
>         /*status_tenured_prop*/
>         credential_full_prop
>         /*authorization_stem_prop authorization_ela_prop*/
>         c.male_prop##c.enr_male_prop
>         c.eth_minority_prop##c.enr_minority_prop
>         enr_total
>         ;

. local sch_char_vars "`sch_chars'" ;

. local sch_char_vars : subinstr local sch_char_vars "i." "", all ;

. local sch_char_vars : subinstr local sch_char_vars "c." "", all ;

. local sch_char_vars : subinstr local sch_char_vars "##" " ", all ;

. local sch_char_vars : subinstr local sch_char_vars "#" " ", all ;

. local sch_char_vars : list uniq sch_char_vars ;

. local dem_chars
>         enr_male_prop
>         enr_minority_prop
>         frpm_prop el_prop
>         enr_total
>         ;

. local dem_char_vars "`dem_chars'" ;

. local dem_char_vars : list uniq dem_char_vars ;

. local expenditures
>         expenditures_instr_pc
>         expenditures3000_pc
>         expenditures4000_pc
>         expenditures_other_pc
>         expenditures7000_pc
>         ;

. local expenditure_vars "`expenditures'" ;

. local expenditure_vars : list uniq expenditure_vars ;

. local sch_char_control_vars : list sch_char_vars | dem_char_vars ;

. local sch_char_control_vars : list sch_char_control_vars | expenditure_vars ;

. #delimit cr
delimiter now cr
. 
. 
. macro list
projdir:        /home/research/ca_ed_lab/users/chesun/gsr/caschls
eststo:         b_sp_b_ct b_sp_b_ct_p las_sp_b_ct las_sp_b_ct_p las_sp_ls_ct la
> s_sp_ls_ct_p las_sp_las_ct
                las_sp_las_ct_p
eststo_counter: 8
ReS_jv2:        0 1
refresh_cde_directory:
                0
run_prior_score:
                1
cstdtadir:      /home/research/ca_ed_lab/data/restricted_access/clean/cde/cst
clndtadir:      /home/research/ca_ed_lab/data/restricted_access/clean/calschls
rawcsvdir:      /home/research/ca_ed_lab/data/restricted_access/raw/calschls/cs
> v
rawdtadir:      /home/research/ca_ed_lab/data/restricted_access/raw/calschls/st
> ata
distance_dtadir:
                /home/research/ca_ed_lab/projects/common_core_va/data/k12_posts
> ec_distance
mattxwalks:     /home/research/ca_ed_lab/users/msnaven/data/restricted_access/c
> lean/crosswalks
nscdtadir_oldformat:
                /home/research/ca_ed_lab/data/restricted_access/clean/cde_nsc/o
> ldformat
nscdtadir:      /home/research/ca_ed_lab/data/restricted_access/clean/cde_nsc
caschls_projdir:
                /home/research/ca_ed_lab/users/chesun/gsr/caschls
vaprojxwalks:   /home/research/ca_ed_lab/projects/common_core_va/data/restricte
> d_access/clean/crosswalks
vaprojdir:      /home/research/ca_ed_lab/projects/common_core_va
matt_files_dir: /home/research/ca_ed_lab/projects/common_core_va/do_files
figures_dir:    /home/research/ca_ed_lab/projects/common_core_va/consolidated/f
> igures
tables_dir:     /home/research/ca_ed_lab/projects/common_core_va/consolidated/t
> ables
datadir_raw:    /home/research/ca_ed_lab/projects/common_core_va/consolidated/d
> ata/raw
datadir_clean:  /home/research/ca_ed_lab/projects/common_core_va/consolidated/d
> ata/cleaned
logdir:         /home/research/ca_ed_lab/projects/common_core_va/consolidated/l
> og
output_dir:     /home/research/ca_ed_lab/projects/common_core_va/consolidated/o
> utput
estimates_dir:  /home/research/ca_ed_lab/projects/common_core_va/consolidated/e
> stimates
datadir:        /home/research/ca_ed_lab/projects/common_core_va/consolidated/d
> ata
consolidated_dir:
                /home/research/ca_ed_lab/projects/common_core_va/consolidated
F1:             help advice;
F2:             describe;
F7:             save
F8:             use
S_ADO:          BASE;SITE;.;PERSONAL;PLUS;OLDPLACE
S_StataMP:      MP
S_StataSE:      SE
S_CONSOLE:      console
S_OS:           Unix
S_MACH:         PC (64-bit x86-64)
S_level:        95
S_MODE:         batch
_sch_char_control_vars:
                fte_teach_pc fte_pupil_pc new_teacher_prop credential_full_prop
>  male_prop enr_male_prop
                eth_minority_prop enr_minority_prop enr_total frpm_prop el_prop
>  expenditures_instr_pc
                expenditures3000_pc expenditures4000_pc expenditures_other_pc e
> xpenditures7000_pc
_expenditure_vars:
                expenditures_instr_pc expenditures3000_pc expenditures4000_pc e
> xpenditures_other_pc expenditures7000_pc
_expenditures:  expenditures_instr_pc expenditures3000_pc expenditures4000_pc e
> xpenditures_other_pc expenditures7000_pc
_dem_char_vars: enr_male_prop enr_minority_prop frpm_prop el_prop enr_total
_dem_chars:     enr_male_prop enr_minority_prop frpm_prop el_prop enr_total
_sch_char_vars: fte_teach_pc fte_pupil_pc new_teacher_prop credential_full_prop
>  male_prop enr_male_prop
                eth_minority_prop enr_minority_prop enr_total
_sch_chars:     fte_teach_pc fte_pupil_pc new_teacher_prop credential_full_prop
>  c.male_prop##c.enr_male_prop
                c.eth_minority_prop##c.enr_minority_prop enr_total
_enr_black_hisp_prop_str:
                Proportion of Black and Hispanic Enrollment
_inc_median_hh_xtile_str:
                Census Tract Median Household Income Decile
_charter_str:   Charter Status
_prop_ecn_disadv_str:
                Proportion Economically Disadvantaged
_econ_disadvantage_str:
                Economically Disadvantaged
_male_str:      Male
_race_str:      Race
_d_str:         postsecondary distance
_lasd_str:      leave out score & ACS & sibling
_las_str:       leave out score & ACS & sibling
_asd_str:       ACS & sibling
_as_str:        ACS & sibling
_lsd_str:       leave out score & sibling
_ls_str:        leave out score & sibling
_lad_str:       leave out score & ACS
_la_str:        leave out score & ACS
_sd_str:        sibling
_s_str:         sibling
_ad_str:        ACS
_a_str:         ACS
_ld_str:        leave out score
_l_str:         leave out score
_bd_str:        base
_b_str:         base
_lasd_scrhat_spec_controls:
                age i.male i.eth_asian i.eth_hispanic i.eth_black i.eth_other i
> .econ_disadvantage i.limited_eng_prof
                i.disabled i.year#(c.prior_ela_z_score_hat##c.prior_ela_z_score
> _hat##c.prior_ela_z_score_hat)
                i.year#(c.prior_math_z_score##c.prior_math_z_score##c.prior_mat
> h_z_score) loscore eth_asian_pct
                eth_hispanic_pct eth_black_pct educ_hs_dropout_prop educ_deg_4y
> ear_plus_prop pov_fam_child_lt18_pct
                inc_median_hh i.has_older_sibling_enr_2year i.has_older_sibling
> _enr_4year mindist_any_nonprof_4yr
                mindist_ccc
_lasd_spec_controls:
                age i.male i.eth_asian i.eth_hispanic i.eth_black i.eth_other i
> .econ_disadvantage i.limited_eng_prof
                i.disabled i.year#(c.prior_ela_z_score##c.prior_ela_z_score##c.
> prior_ela_z_score)
                i.year#(c.prior_math_z_score##c.prior_math_z_score##c.prior_mat
> h_z_score) loscore eth_asian_pct
                eth_hispanic_pct eth_black_pct educ_hs_dropout_prop educ_deg_4y
> ear_plus_prop pov_fam_child_lt18_pct
                inc_median_hh i.has_older_sibling_enr_2year i.has_older_sibling
> _enr_4year mindist_any_nonprof_4yr
                mindist_ccc
_las_scrhat_spec_controls:
                age i.male i.eth_asian i.eth_hispanic i.eth_black i.eth_other i
> .econ_disadvantage i.limited_eng_prof
                i.disabled i.year#(c.prior_ela_z_score_hat##c.prior_ela_z_score
> _hat##c.prior_ela_z_score_hat)
                i.year#(c.prior_math_z_score##c.prior_math_z_score##c.prior_mat
> h_z_score) loscore eth_asian_pct
                eth_hispanic_pct eth_black_pct educ_hs_dropout_prop educ_deg_4y
> ear_plus_prop pov_fam_child_lt18_pct
                inc_median_hh i.has_older_sibling_enr_2year i.has_older_sibling
> _enr_4year
_las_spec_controls:
                age i.male i.eth_asian i.eth_hispanic i.eth_black i.eth_other i
> .econ_disadvantage i.limited_eng_prof
                i.disabled i.year#(c.prior_ela_z_score##c.prior_ela_z_score##c.
> prior_ela_z_score)
                i.year#(c.prior_math_z_score##c.prior_math_z_score##c.prior_mat
> h_z_score) loscore eth_asian_pct
                eth_hispanic_pct eth_black_pct educ_hs_dropout_prop educ_deg_4y
> ear_plus_prop pov_fam_child_lt18_pct
                inc_median_hh i.has_older_sibling_enr_2year i.has_older_sibling
> _enr_4year
_asd_scrhat_spec_controls:
                age i.male i.eth_asian i.eth_hispanic i.eth_black i.eth_other i
> .econ_disadvantage i.limited_eng_prof
                i.disabled i.year#(c.prior_ela_z_score_hat##c.prior_ela_z_score
> _hat##c.prior_ela_z_score_hat)
                i.year#(c.prior_math_z_score##c.prior_math_z_score##c.prior_mat
> h_z_score) eth_asian_pct eth_hispanic_pct
                eth_black_pct educ_hs_dropout_prop educ_deg_4year_plus_prop pov
> _fam_child_lt18_pct inc_median_hh
                i.has_older_sibling_enr_2year i.has_older_sibling_enr_4year min
> dist_any_nonprof_4yr mindist_ccc
_asd_spec_controls:
                age i.male i.eth_asian i.eth_hispanic i.eth_black i.eth_other i
> .econ_disadvantage i.limited_eng_prof
                i.disabled i.year#(c.prior_ela_z_score##c.prior_ela_z_score##c.
> prior_ela_z_score)
                i.year#(c.prior_math_z_score##c.prior_math_z_score##c.prior_mat
> h_z_score) eth_asian_pct eth_hispanic_pct
                eth_black_pct educ_hs_dropout_prop educ_deg_4year_plus_prop pov
> _fam_child_lt18_pct inc_median_hh
                i.has_older_sibling_enr_2year i.has_older_sibling_enr_4year min
> dist_any_nonprof_4yr mindist_ccc
_as_scrhat_spec_controls:
                age i.male i.eth_asian i.eth_hispanic i.eth_black i.eth_other i
> .econ_disadvantage i.limited_eng_prof
                i.disabled i.year#(c.prior_ela_z_score_hat##c.prior_ela_z_score
> _hat##c.prior_ela_z_score_hat)
                i.year#(c.prior_math_z_score##c.prior_math_z_score##c.prior_mat
> h_z_score) eth_asian_pct eth_hispanic_pct
                eth_black_pct educ_hs_dropout_prop educ_deg_4year_plus_prop pov
> _fam_child_lt18_pct inc_median_hh
                i.has_older_sibling_enr_2year i.has_older_sibling_enr_4year
_as_spec_controls:
                age i.male i.eth_asian i.eth_hispanic i.eth_black i.eth_other i
> .econ_disadvantage i.limited_eng_prof
                i.disabled i.year#(c.prior_ela_z_score##c.prior_ela_z_score##c.
> prior_ela_z_score)
                i.year#(c.prior_math_z_score##c.prior_math_z_score##c.prior_mat
> h_z_score) eth_asian_pct eth_hispanic_pct
                eth_black_pct educ_hs_dropout_prop educ_deg_4year_plus_prop pov
> _fam_child_lt18_pct inc_median_hh
                i.has_older_sibling_enr_2year i.has_older_sibling_enr_4year
_lsd_scrhat_spec_controls:
                age i.male i.eth_asian i.eth_hispanic i.eth_black i.eth_other i
> .econ_disadvantage i.limited_eng_prof
                i.disabled i.year#(c.prior_ela_z_score_hat##c.prior_ela_z_score
> _hat##c.prior_ela_z_score_hat)
                i.year#(c.prior_math_z_score##c.prior_math_z_score##c.prior_mat
> h_z_score) loscore
                i.has_older_sibling_enr_2year i.has_older_sibling_enr_4year min
> dist_any_nonprof_4yr mindist_ccc
_lsd_spec_controls:
                age i.male i.eth_asian i.eth_hispanic i.eth_black i.eth_other i
> .econ_disadvantage i.limited_eng_prof
                i.disabled i.year#(c.prior_ela_z_score##c.prior_ela_z_score##c.
> prior_ela_z_score)
                i.year#(c.prior_math_z_score##c.prior_math_z_score##c.prior_mat
> h_z_score) loscore
                i.has_older_sibling_enr_2year i.has_older_sibling_enr_4year min
> dist_any_nonprof_4yr mindist_ccc
_ls_scrhat_spec_controls:
                age i.male i.eth_asian i.eth_hispanic i.eth_black i.eth_other i
> .econ_disadvantage i.limited_eng_prof
                i.disabled i.year#(c.prior_ela_z_score_hat##c.prior_ela_z_score
> _hat##c.prior_ela_z_score_hat)
                i.year#(c.prior_math_z_score##c.prior_math_z_score##c.prior_mat
> h_z_score) loscore
                i.has_older_sibling_enr_2year i.has_older_sibling_enr_4year
_ls_spec_controls:
                age i.male i.eth_asian i.eth_hispanic i.eth_black i.eth_other i
> .econ_disadvantage i.limited_eng_prof
                i.disabled i.year#(c.prior_ela_z_score##c.prior_ela_z_score##c.
> prior_ela_z_score)
                i.year#(c.prior_math_z_score##c.prior_math_z_score##c.prior_mat
> h_z_score) loscore
                i.has_older_sibling_enr_2year i.has_older_sibling_enr_4year
_lad_scrhat_spec_controls:
                age i.male i.eth_asian i.eth_hispanic i.eth_black i.eth_other i
> .econ_disadvantage i.limited_eng_prof
                i.disabled i.year#(c.prior_ela_z_score_hat##c.prior_ela_z_score
> _hat##c.prior_ela_z_score_hat)
                i.year#(c.prior_math_z_score##c.prior_math_z_score##c.prior_mat
> h_z_score) loscore eth_asian_pct
                eth_hispanic_pct eth_black_pct educ_hs_dropout_prop educ_deg_4y
> ear_plus_prop pov_fam_child_lt18_pct
                inc_median_hh mindist_any_nonprof_4yr mindist_ccc
_lad_spec_controls:
                age i.male i.eth_asian i.eth_hispanic i.eth_black i.eth_other i
> .econ_disadvantage i.limited_eng_prof
                i.disabled i.year#(c.prior_ela_z_score##c.prior_ela_z_score##c.
> prior_ela_z_score)
                i.year#(c.prior_math_z_score##c.prior_math_z_score##c.prior_mat
> h_z_score) loscore eth_asian_pct
                eth_hispanic_pct eth_black_pct educ_hs_dropout_prop educ_deg_4y
> ear_plus_prop pov_fam_child_lt18_pct
                inc_median_hh mindist_any_nonprof_4yr mindist_ccc
_la_scrhat_spec_controls:
                age i.male i.eth_asian i.eth_hispanic i.eth_black i.eth_other i
> .econ_disadvantage i.limited_eng_prof
                i.disabled i.year#(c.prior_ela_z_score_hat##c.prior_ela_z_score
> _hat##c.prior_ela_z_score_hat)
                i.year#(c.prior_math_z_score##c.prior_math_z_score##c.prior_mat
> h_z_score) loscore eth_asian_pct
                eth_hispanic_pct eth_black_pct educ_hs_dropout_prop educ_deg_4y
> ear_plus_prop pov_fam_child_lt18_pct
                inc_median_hh
_la_spec_controls:
                age i.male i.eth_asian i.eth_hispanic i.eth_black i.eth_other i
> .econ_disadvantage i.limited_eng_prof
                i.disabled i.year#(c.prior_ela_z_score##c.prior_ela_z_score##c.
> prior_ela_z_score)
                i.year#(c.prior_math_z_score##c.prior_math_z_score##c.prior_mat
> h_z_score) loscore eth_asian_pct
                eth_hispanic_pct eth_black_pct educ_hs_dropout_prop educ_deg_4y
> ear_plus_prop pov_fam_child_lt18_pct
                inc_median_hh
_sd_scrhat_spec_controls:
                age i.male i.eth_asian i.eth_hispanic i.eth_black i.eth_other i
> .econ_disadvantage i.limited_eng_prof
                i.disabled i.year#(c.prior_ela_z_score_hat##c.prior_ela_z_score
> _hat##c.prior_ela_z_score_hat)
                i.year#(c.prior_math_z_score##c.prior_math_z_score##c.prior_mat
> h_z_score) i.has_older_sibling_enr_2year
                i.has_older_sibling_enr_4year mindist_any_nonprof_4yr mindist_c
> cc
_sd_spec_controls:
                age i.male i.eth_asian i.eth_hispanic i.eth_black i.eth_other i
> .econ_disadvantage i.limited_eng_prof
                i.disabled i.year#(c.prior_ela_z_score##c.prior_ela_z_score##c.
> prior_ela_z_score)
                i.year#(c.prior_math_z_score##c.prior_math_z_score##c.prior_mat
> h_z_score) i.has_older_sibling_enr_2year
                i.has_older_sibling_enr_4year mindist_any_nonprof_4yr mindist_c
> cc
_s_scrhat_spec_controls:
                age i.male i.eth_asian i.eth_hispanic i.eth_black i.eth_other i
> .econ_disadvantage i.limited_eng_prof
                i.disabled i.year#(c.prior_ela_z_score_hat##c.prior_ela_z_score
> _hat##c.prior_ela_z_score_hat)
                i.year#(c.prior_math_z_score##c.prior_math_z_score##c.prior_mat
> h_z_score) i.has_older_sibling_enr_2year
                i.has_older_sibling_enr_4year
_s_spec_controls:
                age i.male i.eth_asian i.eth_hispanic i.eth_black i.eth_other i
> .econ_disadvantage i.limited_eng_prof
                i.disabled i.year#(c.prior_ela_z_score##c.prior_ela_z_score##c.
> prior_ela_z_score)
                i.year#(c.prior_math_z_score##c.prior_math_z_score##c.prior_mat
> h_z_score) i.has_older_sibling_enr_2year
                i.has_older_sibling_enr_4year
_ad_scrhat_spec_controls:
                age i.male i.eth_asian i.eth_hispanic i.eth_black i.eth_other i
> .econ_disadvantage i.limited_eng_prof
                i.disabled i.year#(c.prior_ela_z_score_hat##c.prior_ela_z_score
> _hat##c.prior_ela_z_score_hat)
                i.year#(c.prior_math_z_score##c.prior_math_z_score##c.prior_mat
> h_z_score) eth_asian_pct eth_hispanic_pct
                eth_black_pct educ_hs_dropout_prop educ_deg_4year_plus_prop pov
> _fam_child_lt18_pct inc_median_hh
                mindist_any_nonprof_4yr mindist_ccc
_ad_spec_controls:
                age i.male i.eth_asian i.eth_hispanic i.eth_black i.eth_other i
> .econ_disadvantage i.limited_eng_prof
                i.disabled i.year#(c.prior_ela_z_score##c.prior_ela_z_score##c.
> prior_ela_z_score)
                i.year#(c.prior_math_z_score##c.prior_math_z_score##c.prior_mat
> h_z_score) eth_asian_pct eth_hispanic_pct
                eth_black_pct educ_hs_dropout_prop educ_deg_4year_plus_prop pov
> _fam_child_lt18_pct inc_median_hh
                mindist_any_nonprof_4yr mindist_ccc
_a_scrhat_spec_controls:
                age i.male i.eth_asian i.eth_hispanic i.eth_black i.eth_other i
> .econ_disadvantage i.limited_eng_prof
                i.disabled i.year#(c.prior_ela_z_score_hat##c.prior_ela_z_score
> _hat##c.prior_ela_z_score_hat)
                i.year#(c.prior_math_z_score##c.prior_math_z_score##c.prior_mat
> h_z_score) eth_asian_pct eth_hispanic_pct
                eth_black_pct educ_hs_dropout_prop educ_deg_4year_plus_prop pov
> _fam_child_lt18_pct inc_median_hh
_a_spec_controls:
                age i.male i.eth_asian i.eth_hispanic i.eth_black i.eth_other i
> .econ_disadvantage i.limited_eng_prof
                i.disabled i.year#(c.prior_ela_z_score##c.prior_ela_z_score##c.
> prior_ela_z_score)
                i.year#(c.prior_math_z_score##c.prior_math_z_score##c.prior_mat
> h_z_score) eth_asian_pct eth_hispanic_pct
                eth_black_pct educ_hs_dropout_prop educ_deg_4year_plus_prop pov
> _fam_child_lt18_pct inc_median_hh
_ld_scrhat_spec_controls:
                age i.male i.eth_asian i.eth_hispanic i.eth_black i.eth_other i
> .econ_disadvantage i.limited_eng_prof
                i.disabled i.year#(c.prior_ela_z_score##c.prior_ela_z_score##c.
> prior_ela_z_score)
                i.year#(c.prior_math_z_score##c.prior_math_z_score##c.prior_mat
> h_z_score) loscore
                mindist_any_nonprof_4yr mindist_ccc
_ld_spec_controls:
                age i.male i.eth_asian i.eth_hispanic i.eth_black i.eth_other i
> .econ_disadvantage i.limited_eng_prof
                i.disabled i.year#(c.prior_ela_z_score##c.prior_ela_z_score##c.
> prior_ela_z_score)
                i.year#(c.prior_math_z_score##c.prior_math_z_score##c.prior_mat
> h_z_score) loscore
                mindist_any_nonprof_4yr mindist_ccc
_l_scrhat_spec_controls:
                age i.male i.eth_asian i.eth_hispanic i.eth_black i.eth_other i
> .econ_disadvantage i.limited_eng_prof
                i.disabled i.year#(c.prior_ela_z_score##c.prior_ela_z_score##c.
> prior_ela_z_score)
                i.year#(c.prior_math_z_score##c.prior_math_z_score##c.prior_mat
> h_z_score) loscore
_l_spec_controls:
                age i.male i.eth_asian i.eth_hispanic i.eth_black i.eth_other i
> .econ_disadvantage i.limited_eng_prof
                i.disabled i.year#(c.prior_ela_z_score##c.prior_ela_z_score##c.
> prior_ela_z_score)
                i.year#(c.prior_math_z_score##c.prior_math_z_score##c.prior_mat
> h_z_score) loscore
_bd_scrhat_spec_controls:
                age i.male i.eth_asian i.eth_hispanic i.eth_black i.eth_other i
> .econ_disadvantage i.limited_eng_prof
                i.disabled i.year#(c.prior_ela_z_score_hat##c.prior_ela_z_score
> _hat##c.prior_ela_z_score_hat)
                i.year#(c.prior_math_z_score##c.prior_math_z_score##c.prior_mat
> h_z_score) mindist_any_nonprof_4yr
                mindist_ccc
_bd_spec_controls:
                age i.male i.eth_asian i.eth_hispanic i.eth_black i.eth_other i
> .econ_disadvantage i.limited_eng_prof
                i.disabled i.year#(c.prior_ela_z_score##c.prior_ela_z_score##c.
> prior_ela_z_score)
                i.year#(c.prior_math_z_score##c.prior_math_z_score##c.prior_mat
> h_z_score) mindist_any_nonprof_4yr
                mindist_ccc
_b_scrhat_spec_controls:
                age i.male i.eth_asian i.eth_hispanic i.eth_black i.eth_other i
> .econ_disadvantage i.limited_eng_prof
                i.disabled i.year#(c.prior_ela_z_score_hat##c.prior_ela_z_score
> _hat##c.prior_ela_z_score_hat)
                i.year#(c.prior_math_z_score##c.prior_math_z_score##c.prior_mat
> h_z_score)
_b_spec_controls:
                age i.male i.eth_asian i.eth_hispanic i.eth_black i.eth_other i
> .econ_disadvantage i.limited_eng_prof
                i.disabled i.year#(c.prior_ela_z_score##c.prior_ela_z_score##c.
> prior_ela_z_score)
                i.year#(c.prior_math_z_score##c.prior_math_z_score##c.prior_mat
> h_z_score)
_peer_lasd_controls:
                i.year#(c.peer_prior_ela_z_score##c.peer_prior_ela_z_score##c.p
> eer_prior_ela_z_score)
                i.year#(c.peer_prior_math_z_score##c.peer_prior_math_z_score##c
> .peer_prior_math_z_score) peer_age
                peer_male peer_eth_asian peer_eth_hispanic peer_eth_black peer_
> eth_other peer_econ_disadvantage
                peer_limited_eng_prof peer_disabled peer_loscore peer_eth_asian
> _pct peer_eth_hispanic_pct
                peer_eth_black_pct peer_educ_hs_dropout_prop peer_educ_deg_4yea
> r_plus_prop peer_pov_fam_child_lt18_pct
                peer_inc_median_hh peer_has_older_sibling_enr_2year peer_has_ol
> der_sibling_enr_4year
_lasd_controls: loscore eth_asian_pct eth_hispanic_pct eth_black_pct educ_hs_dr
> opout_prop educ_deg_4year_plus_prop
                pov_fam_child_lt18_pct inc_median_hh i.has_older_sibling_enr_2y
> ear i.has_older_sibling_enr_4year
                mindist_any_nonprof_4yr mindist_ccc
_peer_asd_controls:
                i.year#(c.peer_prior_ela_z_score##c.peer_prior_ela_z_score##c.p
> eer_prior_ela_z_score)
                i.year#(c.peer_prior_math_z_score##c.peer_prior_math_z_score##c
> .peer_prior_math_z_score) peer_age
                peer_male peer_eth_asian peer_eth_hispanic peer_eth_black peer_
> eth_other peer_econ_disadvantage
                peer_limited_eng_prof peer_disabled peer_eth_asian_pct peer_eth
> _hispanic_pct peer_eth_black_pct
                peer_educ_hs_dropout_prop peer_educ_deg_4year_plus_prop peer_po
> v_fam_child_lt18_pct peer_inc_median_hh
                peer_has_older_sibling_enr_2year peer_has_older_sibling_enr_4ye
> ar
_asd_controls:  eth_asian_pct eth_hispanic_pct eth_black_pct educ_hs_dropout_pr
> op educ_deg_4year_plus_prop
                pov_fam_child_lt18_pct inc_median_hh i.has_older_sibling_enr_2y
> ear i.has_older_sibling_enr_4year
                mindist_any_nonprof_4yr mindist_ccc
_peer_lsd_controls:
                i.year#(c.peer_prior_ela_z_score##c.peer_prior_ela_z_score##c.p
> eer_prior_ela_z_score)
                i.year#(c.peer_prior_math_z_score##c.peer_prior_math_z_score##c
> .peer_prior_math_z_score) peer_age
                peer_male peer_eth_asian peer_eth_hispanic peer_eth_black peer_
> eth_other peer_econ_disadvantage
                peer_limited_eng_prof peer_disabled peer_loscore peer_has_older
> _sibling_enr_2year
                peer_has_older_sibling_enr_4year
_lsd_controls:  loscore i.has_older_sibling_enr_2year i.has_older_sibling_enr_4
> year mindist_any_nonprof_4yr mindist_ccc
_peer_lad_controls:
                i.year#(c.peer_prior_ela_z_score##c.peer_prior_ela_z_score##c.p
> eer_prior_ela_z_score)
                i.year#(c.peer_prior_math_z_score##c.peer_prior_math_z_score##c
> .peer_prior_math_z_score) peer_age
                peer_male peer_eth_asian peer_eth_hispanic peer_eth_black peer_
> eth_other peer_econ_disadvantage
                peer_limited_eng_prof peer_disabled peer_loscore peer_eth_asian
> _pct peer_eth_hispanic_pct
                peer_eth_black_pct peer_educ_hs_dropout_prop peer_educ_deg_4yea
> r_plus_prop peer_pov_fam_child_lt18_pct
                peer_inc_median_hh
_lad_controls:  loscore eth_asian_pct eth_hispanic_pct eth_black_pct educ_hs_dr
> opout_prop educ_deg_4year_plus_prop
                pov_fam_child_lt18_pct inc_median_hh mindist_any_nonprof_4yr mi
> ndist_ccc
_peer_sd_controls:
                i.year#(c.peer_prior_ela_z_score##c.peer_prior_ela_z_score##c.p
> eer_prior_ela_z_score)
                i.year#(c.peer_prior_math_z_score##c.peer_prior_math_z_score##c
> .peer_prior_math_z_score) peer_age
                peer_male peer_eth_asian peer_eth_hispanic peer_eth_black peer_
> eth_other peer_econ_disadvantage
                peer_limited_eng_prof peer_disabled peer_has_older_sibling_enr_
> 2year peer_has_older_sibling_enr_4year
_sd_controls:   i.has_older_sibling_enr_2year i.has_older_sibling_enr_4year min
> dist_any_nonprof_4yr mindist_ccc
_peer_ad_controls:
                i.year#(c.peer_prior_ela_z_score##c.peer_prior_ela_z_score##c.p
> eer_prior_ela_z_score)
                i.year#(c.peer_prior_math_z_score##c.peer_prior_math_z_score##c
> .peer_prior_math_z_score) peer_age
                peer_male peer_eth_asian peer_eth_hispanic peer_eth_black peer_
> eth_other peer_econ_disadvantage
                peer_limited_eng_prof peer_disabled peer_eth_asian_pct peer_eth
> _hispanic_pct peer_eth_black_pct
                peer_educ_hs_dropout_prop peer_educ_deg_4year_plus_prop peer_po
> v_fam_child_lt18_pct peer_inc_median_hh
_ad_controls:   eth_asian_pct eth_hispanic_pct eth_black_pct educ_hs_dropout_pr
> op educ_deg_4year_plus_prop
                pov_fam_child_lt18_pct inc_median_hh mindist_any_nonprof_4yr mi
> ndist_ccc
_peer_ld_controls:
                i.year#(c.peer_prior_ela_z_score##c.peer_prior_ela_z_score##c.p
> eer_prior_ela_z_score)
                i.year#(c.peer_prior_math_z_score##c.peer_prior_math_z_score##c
> .peer_prior_math_z_score) peer_age
                peer_male peer_eth_asian peer_eth_hispanic peer_eth_black peer_
> eth_other peer_econ_disadvantage
                peer_limited_eng_prof peer_disabled peer_loscore
_ld_controls:   loscore mindist_any_nonprof_4yr mindist_ccc
_peer_bd_controls:
                i.year#(c.peer_prior_ela_z_score##c.peer_prior_ela_z_score##c.p
> eer_prior_ela_z_score)
                i.year#(c.peer_prior_math_z_score##c.peer_prior_math_z_score##c
> .peer_prior_math_z_score) peer_age
                peer_male peer_eth_asian peer_eth_hispanic peer_eth_black peer_
> eth_other peer_econ_disadvantage
                peer_limited_eng_prof peer_disabled
_bd_controls:   age i.male i.eth_asian i.eth_hispanic i.eth_black i.eth_other i
> .econ_disadvantage i.limited_eng_prof
                i.disabled i.year#(c.prior_ela_z_score##c.prior_ela_z_score##c.
> prior_ela_z_score)
                i.year#(c.prior_math_z_score##c.prior_math_z_score##c.prior_mat
> h_z_score) mindist_any_nonprof_4yr
                mindist_ccc
_peer_las_controls:
                i.year#(c.peer_prior_ela_z_score##c.peer_prior_ela_z_score##c.p
> eer_prior_ela_z_score)
                i.year#(c.peer_prior_math_z_score##c.peer_prior_math_z_score##c
> .peer_prior_math_z_score) peer_age
                peer_male peer_eth_asian peer_eth_hispanic peer_eth_black peer_
> eth_other peer_econ_disadvantage
                peer_limited_eng_prof peer_disabled peer_loscore peer_eth_asian
> _pct peer_eth_hispanic_pct
                peer_eth_black_pct peer_educ_hs_dropout_prop peer_educ_deg_4yea
> r_plus_prop peer_pov_fam_child_lt18_pct
                peer_inc_median_hh peer_has_older_sibling_enr_2year peer_has_ol
> der_sibling_enr_4year
_las_controls:  loscore eth_asian_pct eth_hispanic_pct eth_black_pct educ_hs_dr
> opout_prop educ_deg_4year_plus_prop
                pov_fam_child_lt18_pct inc_median_hh i.has_older_sibling_enr_2y
> ear i.has_older_sibling_enr_4year
_peer_as_controls:
                i.year#(c.peer_prior_ela_z_score##c.peer_prior_ela_z_score##c.p
> eer_prior_ela_z_score)
                i.year#(c.peer_prior_math_z_score##c.peer_prior_math_z_score##c
> .peer_prior_math_z_score) peer_age
                peer_male peer_eth_asian peer_eth_hispanic peer_eth_black peer_
> eth_other peer_econ_disadvantage
                peer_limited_eng_prof peer_disabled peer_eth_asian_pct peer_eth
> _hispanic_pct peer_eth_black_pct
                peer_educ_hs_dropout_prop peer_educ_deg_4year_plus_prop peer_po
> v_fam_child_lt18_pct peer_inc_median_hh
                peer_has_older_sibling_enr_2year peer_has_older_sibling_enr_4ye
> ar
_as_controls:   eth_asian_pct eth_hispanic_pct eth_black_pct educ_hs_dropout_pr
> op educ_deg_4year_plus_prop
                pov_fam_child_lt18_pct inc_median_hh i.has_older_sibling_enr_2y
> ear i.has_older_sibling_enr_4year
_peer_ls_controls:
                i.year#(c.peer_prior_ela_z_score##c.peer_prior_ela_z_score##c.p
> eer_prior_ela_z_score)
                i.year#(c.peer_prior_math_z_score##c.peer_prior_math_z_score##c
> .peer_prior_math_z_score) peer_age
                peer_male peer_eth_asian peer_eth_hispanic peer_eth_black peer_
> eth_other peer_econ_disadvantage
                peer_limited_eng_prof peer_disabled peer_loscore peer_has_older
> _sibling_enr_2year
                peer_has_older_sibling_enr_4year
_ls_controls:   loscore i.has_older_sibling_enr_2year i.has_older_sibling_enr_4
> year
_peer_la_controls:
                i.year#(c.peer_prior_ela_z_score##c.peer_prior_ela_z_score##c.p
> eer_prior_ela_z_score)
                i.year#(c.peer_prior_math_z_score##c.peer_prior_math_z_score##c
> .peer_prior_math_z_score) peer_age
                peer_male peer_eth_asian peer_eth_hispanic peer_eth_black peer_
> eth_other peer_econ_disadvantage
                peer_limited_eng_prof peer_disabled peer_loscore peer_eth_asian
> _pct peer_eth_hispanic_pct
                peer_eth_black_pct peer_educ_hs_dropout_prop peer_educ_deg_4yea
> r_plus_prop peer_pov_fam_child_lt18_pct
                peer_inc_median_hh
_la_controls:   loscore eth_asian_pct eth_hispanic_pct eth_black_pct educ_hs_dr
> opout_prop educ_deg_4year_plus_prop
                pov_fam_child_lt18_pct inc_median_hh
_peer_s_controls:
                i.year#(c.peer_prior_ela_z_score##c.peer_prior_ela_z_score##c.p
> eer_prior_ela_z_score)
                i.year#(c.peer_prior_math_z_score##c.peer_prior_math_z_score##c
> .peer_prior_math_z_score) peer_age
                peer_male peer_eth_asian peer_eth_hispanic peer_eth_black peer_
> eth_other peer_econ_disadvantage
                peer_limited_eng_prof peer_disabled peer_has_older_sibling_enr_
> 2year peer_has_older_sibling_enr_4year
_s_controls:    i.has_older_sibling_enr_2year i.has_older_sibling_enr_4year
_peer_a_controls:
                i.year#(c.peer_prior_ela_z_score##c.peer_prior_ela_z_score##c.p
> eer_prior_ela_z_score)
                i.year#(c.peer_prior_math_z_score##c.peer_prior_math_z_score##c
> .peer_prior_math_z_score) peer_age
                peer_male peer_eth_asian peer_eth_hispanic peer_eth_black peer_
> eth_other peer_econ_disadvantage
                peer_limited_eng_prof peer_disabled peer_eth_asian_pct peer_eth
> _hispanic_pct peer_eth_black_pct
                peer_educ_hs_dropout_prop peer_educ_deg_4year_plus_prop peer_po
> v_fam_child_lt18_pct peer_inc_median_hh
_a_controls:    eth_asian_pct eth_hispanic_pct eth_black_pct educ_hs_dropout_pr
> op educ_deg_4year_plus_prop
                pov_fam_child_lt18_pct inc_median_hh
_peer_l_controls:
                i.year#(c.peer_prior_ela_z_score##c.peer_prior_ela_z_score##c.p
> eer_prior_ela_z_score)
                i.year#(c.peer_prior_math_z_score##c.peer_prior_math_z_score##c
> .peer_prior_math_z_score) peer_age
                peer_male peer_eth_asian peer_eth_hispanic peer_eth_black peer_
> eth_other peer_econ_disadvantage
                peer_limited_eng_prof peer_disabled peer_loscore
_l_controls:    loscore
_peer_b_controls:
                i.year#(c.peer_prior_ela_z_score##c.peer_prior_ela_z_score##c.p
> eer_prior_ela_z_score)
                i.year#(c.peer_prior_math_z_score##c.peer_prior_math_z_score##c
> .peer_prior_math_z_score) peer_age
                peer_male peer_eth_asian peer_eth_hispanic peer_eth_black peer_
> eth_other peer_econ_disadvantage
                peer_limited_eng_prof peer_disabled
_b_controls:    age i.male i.eth_asian i.eth_hispanic i.eth_black i.eth_other i
> .econ_disadvantage i.limited_eng_prof
                i.disabled i.year#(c.prior_ela_z_score##c.prior_ela_z_score##c.
> prior_ela_z_score)
                i.year#(c.prior_math_z_score##c.prior_math_z_score##c.prior_mat
> h_z_score)
_d_controls:    mindist_any_nonprof_4yr mindist_ccc
_sib_lag2_controls:
                old2_sib_enr_2year old2_sib_enr_4year
_sib_lag1_controls:
                old1_sib_enr_2year old1_sib_enr_4year
_peer_sibling_controls:
                peer_has_older_sibling_enr_2year peer_has_older_sibling_enr_4ye
> ar
_sibling_controls:
                i.has_older_sibling_enr_2year i.has_older_sibling_enr_4year
_peer_census_controls:
                peer_eth_asian_pct peer_eth_hispanic_pct peer_eth_black_pct pee
> r_educ_hs_dropout_prop
                peer_educ_deg_4year_plus_prop peer_pov_fam_child_lt18_pct peer_
> inc_median_hh
_census_controls:
                eth_asian_pct eth_hispanic_pct eth_black_pct educ_hs_dropout_pr
> op educ_deg_4year_plus_prop
                pov_fam_child_lt18_pct inc_median_hh
_census_grade:  6
_va_control_vars:
                age male eth_asian eth_hispanic eth_black eth_other econ_disadv
> antage limited_eng_prof disabled
_peer_demographic_controls:
                peer_age peer_male peer_eth_asian peer_eth_hispanic peer_eth_bl
> ack peer_eth_other peer_econ_disadvantage
                peer_limited_eng_prof peer_disabled
_peer_math_score_controls:
                i.year#(c.peer_prior_math_z_score##c.peer_prior_math_z_score##c
> .peer_prior_math_z_score)
_peer_ela_score_controls:
                i.year#(c.peer_prior_ela_z_score##c.peer_prior_ela_z_score##c.p
> eer_prior_ela_z_score)
_math_score_controls:
                i.year#(c.prior_math_z_score##c.prior_math_z_score##c.prior_mat
> h_z_score)
_ela_scrhat_controls:
                i.year#(c.prior_ela_z_score_hat##c.prior_ela_z_score_hat##c.pri
> or_ela_z_score_hat)
_ela_score_controls:
                i.year#(c.prior_ela_z_score##c.prior_ela_z_score##c.prior_ela_z
> _score)
_demographic_controls:
                age i.male i.eth_asian i.eth_hispanic i.eth_black i.eth_other i
> .econ_disadvantage i.limited_eng_prof
                i.disabled
_both_str:      Original + Census + Sibling
_sib_str:       Original + Sibling
_acs_str:       Original + Census
_og_str:        Original Specification
_enr_4year_str: 4-Year Enrollment
_enr_2year_str: 2-Year Enrollment
_enr_str:       Overall Enrollment
_math_str:      Math
_ela_str:       ELA
_outcome_max_year:
                2018
_outcome_min_year:
                2015
_caaspp_max_year:
                2019
_caaspp_min_year:
                2015
_star_max_year: 2013
_star_min_year: 2003
_test_score_max_year:
                2018
_test_score_min_year:
                2015
_sibling_out_xwalk:
                /home/research/ca_ed_lab/projects/common_core_va/consolidated/d
> ata/cleaned/siblingxwalk/sibling_out_xwal
                > k
_ufamilyxwalk:  /home/research/ca_ed_lab/users/chesun/gsr/caschls/dta/siblingxw
> alk/ufamilyxwalk
_siblingxwalk:  /home/research/ca_ed_lab/users/chesun/gsr/caschls/dta/siblingxw
> alk/siblingpairxwalk
_k12_test_scores_public:
                /home/research/ca_ed_lab/projects/common_core_va/data/public_ac
> cess/clean/k12_test_scores
_k12_public_schools:
                /home/research/ca_ed_lab/projects/common_core_va/data/public_ac
> cess/clean/k12_public_schools
_public_access: /home/research/ca_ed_lab/projects/common_core_va/data/public_ac
> cess
_k12_test_scores:
                /home/research/ca_ed_lab/projects/common_core_va/data/restricte
> d_access/clean/k12_test_scores
_vaprojdofiles: /home/research/ca_ed_lab/projects/common_core_va/do_files" loca
> l ca_ed_lab "/home/research/ca_ed_lab
_home:          /home/research/ca_ed_lab/projects/common_core_va
_k12_postsecondary_out_merge:
                /home/research/ca_ed_lab/users/chesun/gsr/caschls/dta/common_co
> re_va/k12_postsecondary_out_merge
_va_g11_out_dataset:
                /home/research/ca_ed_lab/users/chesun/gsr/caschls/dta/common_co
> re_va/va_g11_out_dataset
_va_g11_dataset:
                /home/research/ca_ed_lab/users/chesun/gsr/caschls/dta/common_co
> re_va/va_g11_dataset
_va_dataset:    /home/research/ca_ed_lab/users/chesun/gsr/caschls/dta/common_co
> re_va/va_dataset

. 
. //startomg timer
. timer on 1

. 
. 
. *****************************************************************************
> ***
. * begin main code
. 
. 
. /* // create VA sample
> include $vaprojdir/do_files/sbac/create_va_sample.doh
> 
> // merge on postsecondary outcomes
> do do_files/merge_k12_postsecondary.doh enr_only
> drop enr enr_2year enr_4year
> rename enr_ontime enr
> rename enr_ontime_2year enr_2year
> rename enr_ontime_4year enr_4year
> 
> // Save temporary dataset
> compress
> tempfile va_dataset
> save `va_dataset'
> 
> // create the postsecondary outcome VA sample and saves temp dataset called v
> a_g11_dataset
> include $vaprojdir/do_files/sbac/create_va_g11_out_sample.doh
>  */
. 
. // load the base outcome sample
. 
. use "$datadir_clean/va_samples_v1/out_b.dta", clear
(Base Outcome VA Sample)

. 
. * calculate Prior Scores Quantiles
. xtile prior_ela_z_score_xtile = prior_ela_z_score, n(10)

. xtile prior_math_z_score_xtile = prior_math_z_score, n(10)

. 
. // create a race variable
. gen race = .
(1,784,445 missing values generated)

. replace race = 1 if eth_black == 1
(99,467 real changes made)

. replace race = 2 if eth_hispanic == 1
(921,472 real changes made)

. replace race = 3 if eth_asian == 1
(246,341 real changes made)

. replace race = 4 if eth_white == 1
(449,010 real changes made)

. replace race = 5 if eth_other == 1
(68,155 real changes made)

. 
. label define racelabel 1 "Black" 2 "Hispanic" 3 "Asian" 4 "White" 5 "Other"

. label values race racelabel

. 
. 
. collapse (mean) prior_ela_z_score_xtile prior_math_z_score_xtile ///
>   (max) race male econ_disadvantage, by(state_student_id)

. 
. keep state_student_id prior_ela_z_score_xtile prior_math_z_score_xtile race m
> ale econ_disadvantage

. save "$datadir_clean/sbac/prior_decile_original_sample.dta", replace
file /home/research/ca_ed_lab/projects/common_core_va/consolidated/data/cleaned
> /sbac/prior_decile_original_sample.dta
    saved

. 
. 
. 
. /* create median and mean hh income deciles for the acs sample  */
. use "$datadir_clean/va_samples_v1/out_a.dta", clear
(Outcome VA Sample with ACS Controls)

. 
. xtile inc_median_hh_xtile = inc_median_hh, n(10)

. xtile inc_mean_hh_xtile = inc_median_hh, n(10)

. 
. collapse (mean) inc_median_hh_xtile inc_mean_hh_xtile, by(state_student_id)

. save "$datadir_clean/sbac/census_income_decile_a_sample.dta", replace
file /home/research/ca_ed_lab/projects/common_core_va/consolidated/data/cleaned
> /sbac/census_income_decile_a_sample.dta
    saved

. 
. 
. 
. 
. timer off 1

. timer list
   1:     25.54 /        1 =      25.5420

. 
. set trace off

. 
. cap log close prior_decile_original_sample
