-------------------------------------------------------------------------------
> -----------------------------------------
      name:  reg_out_va_dk_all_tab
       log:  /home/research/ca_ed_lab/projects/common_core_va/consolidated/log/
> va/reg_out_va_dk_all_tab.smcl
  log type:  text
 opened on:   3 Jun 2026, 02:18:18

. 
. di as text _n "--------------------------------------------------------------
------------------"

-------------------------------------------------------------------------------
> -

. di as text "reg_out_va_dk_all_tab.do — RUN START: `c(current_date)' `c(curren
> t_time)'"
reg_out_va_dk_all_tab.do — RUN START:  3 Jun 2026 02:18:18

. di as text "-----------------------------------------------------------------
---------------"
-------------------------------------------------------------------------------
> -

. 
. 
. graph drop _all

. set more off

. set varabbrev off

. set graphics off

. set scheme s1color

. set seed 1984

. 
. 
. local date1 = c(current_date)

. local time1 = c(current_time)

. 
. 
. include $consolidated_dir/do/va/helpers/macros_va.doh

. /*---------------------------------------------------------------------------
> ---
> do/va/helpers/macros_va.doh — VA project file paths, dates, controls, strings
> =============================================================================
> ===
> 
> PURPOSE
>     Define the canonical VA-pipeline locals consumed across Phase 3+
>     estimation, table-producer, figure-producer, and heterogeneity scripts:
>     - Restricted-access K12 data paths.
>     - Sibling crosswalk paths (cross-references caschls predecessor).
>     - Cohort-year ranges (test_score / star / caaspp / outcome).
>     - Outcome strings (ELA, Math, enrollment).
>     - Control-variable groupings (school, demographic, score, peer, census,
>       sibling, distance, scrhat — predicted-score variants).
>     - Per-spec control combinations (b/l/a/s/la/ls/as/las and their `d'-augme
> nted
>       variants per ADR-0009 + 2023-04-30 distance addition).
>     - String labels for sample × control display.
>     - School-characteristics + demographic-characteristics + expenditure grou
> ps.
> 
> INCLUDED FROM
>     Phase 3+ VA estimation/table/figure scripts under `do/va/' and `do/share/
> va/'.
>     Typically the FIRST helper-include in any consuming script (sets up the
>     parent-scope locals consumed by `drift_limit.doh' and
>     `macros_va_all_samples_controls.doh').
> 
>     Uses Stata's `#delimit ;' syntax (semicolons end statements) per the
>     predecessor convention.  The closing `#delimit cr' restores default
>     line-end semantics for the calling script.
> 
> ROLE IN ADR-0021 SANDBOX
>     Pure local definitions; no save / export / log; sandbox-trivially clean.
>     Reads from LEGACY paths via global expansion at include-time:
>       - $vaprojdir/data/restricted_access/clean/k12_test_scores
>         (LEGACY restricted-access K12 raw data)
>       - $vaprojdir/data/public_access/...
>         (LEGACY public-access subdirs)
>       - $caschls_projdir/dta/siblingxwalk/{siblingpairxwalk,ufamilyxwalk}
>         (LEGACY-static predecessor sibling-pair / unique-family crosswalks)
>     Reads from CANONICAL paths:
>       - $datadir_clean/siblingxwalk/sibling_out_xwalk
>         (sibling-outcomes crosswalk built by relocated
>          do/sibling_xwalk/siblingoutxwalk.do per ADR-0005; producer at L338)
> 
> RELOCATION HISTORY (per ADR-0005 + ADR-0021, applied 2026-04-30)
>     Source:      cde_va_project_fork/do_files/sbac/macros_va.doh
>     Destination: do/va/helpers/macros_va.doh
>     Path repointing per ADR-0021 sandbox amendment ("paths only; analysis
>     logic preserved verbatim"):
>       - L29-31: `$projdir/dta/siblingxwalk/<file>' -> `$caschls_projdir/dta/s
> iblingxwalk/<file>'
>         (3 references: siblingxwalk, ufamilyxwalk, sibling_out_xwalk)
>         Reason: $projdir is NOT defined in do/settings.do; $caschls_projdir
>         is the explicit-named global per the LEGACY PATHS comment block.
>         Repointing here eliminates the include-time `$projdir' alias-need
>         for any future calling script (per the [LEARN:stata] 2026-04-30
>         pattern surfaced in the siblingoutxwalk.do round-1 review).
>       - $vaprojdir references (L22-28) preserved unchanged — $vaprojdir
>         IS defined in do/settings.do as the predecessor cde_va_project_fork
>         dir; LEGACY-static restricted-access K12 paths are READS-only
>         per ADR-0021.
>     Predecessor caller-update protocol: predecessor callers untouched in
>     this commit per plan v3 §3.3 step 5 parenthetical.
>     Analysis logic preserved verbatim (the cross-product of controls, the
>     string labels, the cohort-year ranges, the school-char groupings — all
>     byte-equivalent to the predecessor).
> 
> ORIGINAL CHANGE LOG (preserved from predecessor)
>     2022-04-28: Added macro for sibling controls.
>     2022-09-20: Added delimiter `;' after comments.
>     2022-10-31: Changed naming convention for samples (b/l/a/s/la/ls/as/las).
>     2023-05-31: Added distance control macros.
>     2024-08-22: Added predicted ELA score spec controls (`scrhat' variants).
> 
> REFERENCES
>     Plan v3 §3.3 step 1 (helpers/macros)
>     ADRs:    0009 (v1 prior-score canonical), 0017 (Matt's files untouched —
>              $vaprojdir paths are LEGACY-static reads), 0021 (description
>              convention; sandbox-write rule; path-globals-only amendment)
>     Audit:   chunk-2 (file structure verification); chunk-3 (control
>              specifications cross-checked against paper Tables 2-3)
>     MEMORY:  [LEARN:stata] 2026-04-30 ($projdir explicit-rename pattern)
> -----------------------------------------------------------------------------
> -*/
. 
. 
. /* CHANGE LOG
> 4/28/2022: Added macro for sibling controls
> 09/20/2022: Added delimiter : after comments
> 10/31/2022: Changed naming convention for samples
> b - base
> l - loscore
> a - acs
> s - sibling
> la - loscore and acs
> ls - loscore and sibling
> as - acs and sibling
> las - loscore, acs and sibling
> 
> 05/31/2023: added distance control macros
> 
> 08/22/2024: added predicted ELA score spec controls
> */
. 
. #delimit ;
delimiter now ;
. *** file paths ;
. local home $vaprojdir ;

. local vaprojdofiles "$vaprojdir/do_files"
> local ca_ed_lab "/home/research/ca_ed_lab" ;

. local k12_test_scores "$vaprojdir/data/restricted_access/clean/k12_test_score
> s" ;

. local public_access "$vaprojdir/data/public_access" ;

. local k12_public_schools "$vaprojdir/data/public_access/clean/k12_public_scho
> ols" ;

. local k12_test_scores_public "$vaprojdir/data/public_access/clean/k12_test_sc
> ores" ;

. local siblingxwalk "$caschls_projdir/dta/siblingxwalk/siblingpairxwalk";

. local ufamilyxwalk "$caschls_projdir/dta/siblingxwalk/ufamilyxwalk";

. local sibling_out_xwalk "$datadir_clean/siblingxwalk/sibling_out_xwalk";

. **** Dates ;
. local test_score_min_year
>         2015
>         ;

. local test_score_max_year
>         2018
>         ;

. local star_min_year
>         2003
>         ;

. local star_max_year
>         2013
>         ;

. local caaspp_min_year
>         2015
>         ;

. local caaspp_max_year
>         2019
>         ;

. local outcome_min_year
>         2015
>         ;

. local outcome_max_year
>         2018
>         ;

. **** Outcome Strings ;
. local ela_str
>         "ELA"
>         ;

. local math_str
>         "Math"
>         ;

. local enr_str
>         "Overall Enrollment"
>         ;

. local enr_2year_str
>         "2-Year Enrollment"
>         ;

. local enr_4year_str
>         "4-Year Enrollment"
>         ;

. **** Sibling Census Restricted Sample Controls Strings ;
. local og_str
>         "Original Specification"
>         ;

. local acs_str
>         "Original + Census"
>         ;

. local sib_str
>         "Original + Sibling"
>         ;

. local both_str
>         "Original + Census + Sibling"
>         ;

. **** Value Added ;
. local school_controls
>         /*cohort_size*/
>         ;

. local demographic_controls
>         age
>         i.male
>         i.eth_asian i.eth_hispanic i.eth_black i.eth_other
>         i.econ_disadvantage
>         i.limited_eng_prof
>         i.disabled
>         ;

. local ela_score_controls
>         i.year#(c.prior_ela_z_score##c.prior_ela_z_score##c.prior_ela_z_score
> )
>         ;

. // controls using predicted lag 1 ELA scores
> local ela_scrhat_controls
>         i.year#(c.prior_ela_z_score_hat##c.prior_ela_z_score_hat##c.prior_ela
> _z_score_hat)
>         ;

. local math_score_controls
>         i.year#(c.prior_math_z_score##c.prior_math_z_score##c.prior_math_z_sc
> ore)
>         ;

. local peer_ela_score_controls
>         i.year#(c.peer_prior_ela_z_score##c.peer_prior_ela_z_score##c.peer_pr
> ior_ela_z_score)
>         ;

. local peer_math_score_controls
>         i.year#(c.peer_prior_math_z_score##c.peer_prior_math_z_score##c.peer_
> prior_math_z_score)
>         ;

. local peer_demographic_controls
>         peer_age
>         peer_male
>         peer_eth_asian peer_eth_hispanic peer_eth_black peer_eth_other
>         peer_econ_disadvantage
>         peer_limited_eng_prof
>         peer_disabled
>         ;

. local va_control_vars "`school_controls' `demographic_controls'" ;

. local va_control_vars : subinstr local va_control_vars "i." "", all ;

. local va_control_vars : list uniq va_control_vars ;

. local census_grade
>         6
>         ;

. local census_controls
>         /*eth_white_pct*/ eth_asian_pct eth_hispanic_pct eth_black_pct /*eth_
> other_pct*/
>         educ_hs_dropout_prop /*educ_deg_2year_prop*/ educ_deg_4year_plus_prop
>         pov_fam_child_lt18_pct
>         inc_median_hh
>         ;

. local peer_census_controls
>         peer_eth_asian_pct  peer_eth_hispanic_pct  peer_eth_black_pct
>         peer_educ_hs_dropout_prop  peer_educ_deg_4year_plus_prop
>         peer_pov_fam_child_lt18_pct      peer_inc_median_hh
>         ;

. local sibling_controls
>         i.has_older_sibling_enr_2year
>         i.has_older_sibling_enr_4year
>         ;

. local peer_sibling_controls
>         peer_has_older_sibling_enr_2year
>         peer_has_older_sibling_enr_4year
>         ;

. // lag 1 older sibling controls ;
> local sib_lag1_controls
>         old1_sib_enr_2year
>         old1_sib_enr_4year
>         ;

. // lag 2 older sibling controls ;
> local sib_lag2_controls
>         old2_sib_enr_2year
>         old2_sib_enr_4year
>         ;

. // postsecondary distance controls
> local d_controls
>         mindist_any_nonprof_4yr
>         mindist_ccc
>         ;

. **********************************************  ;
. *** macros for STANDALONE control vars for running loops over all samples and
>  specifications ;
. //base specification controls ;
> local b_controls
>         `school_controls'
>         `demographic_controls'
>         `ela_score_controls'
>         `math_score_controls'
>         ;

. //peer base controls ;
> local peer_b_controls
>         `peer_ela_score_controls'
>         `peer_math_score_controls'
>         `peer_demographic_controls'
>         ;

. // leave out score controls ;
> local l_controls
>         loscore
>         ;

. // peer leave out score controls ;
> local peer_l_controls
>         `peer_b_controls'
>         peer_loscore
>         ;

. local a_controls
>         `census_controls'
>         ;

. local peer_a_controls
>         `peer_b_controls'
>         `peer_census_controls'
>         ;

. local s_controls
>         `sibling_controls'
>         ;

. local peer_s_controls
>         `peer_b_controls'
>         `peer_sibling_controls'
>         ;

. // control var groups for looping ;
> local la_controls
>         `l_controls'
>         `a_controls'
>         ;

. local peer_la_controls
>         `peer_b_controls'
>         peer_loscore
>         `peer_census_controls'
>         ;

. local ls_controls
>         `l_controls'
>         `s_controls'
>         ;

. local peer_ls_controls
>         `peer_b_controls'
>         peer_loscore
>         `peer_sibling_controls'
>         ;

. local as_controls
>         `a_controls'
>         `s_controls'
>         ;

. local peer_as_controls
>         `peer_b_controls'
>         `peer_census_controls'
>         `peer_sibling_controls'
>         ;

. local las_controls
>         `l_controls'
>         `a_controls'
>         `s_controls'
>         ;

. local peer_las_controls
>         `peer_b_controls'
>         peer_loscore
>         `peer_census_controls'
>         `peer_sibling_controls'
>         ;

. foreach control in b l a s la ls as las {;
  2.         local `control'd_controls
>                 ``control'_controls' `d_controls'
>                 ;
  3.         local peer_`control'd_controls
>                 `peer_`control'_controls'
>                 ;
  4.         }
>         ;

. *** macros for control var COMBINATIONS for running loops over all samples an
> d specifications ;
. //base specification controls ;
> local b_spec_controls
>         `school_controls'
>         `demographic_controls'
>         `ela_score_controls'
>         `math_score_controls'
>         ;

. // predicted score spec controls
> local b_scrhat_spec_controls
>         `school_controls'
>         `demographic_controls'
>         `ela_scrhat_controls'
>         `math_score_controls'
>         ;

. local bd_spec_controls
>         `b_spec_controls'
>         `d_controls'
>         ;

. local bd_scrhat_spec_controls
>         `b_scrhat_spec_controls'
>         `d_controls'
>         ;

. // leave out prior score controls ;
> local l_spec_controls
>         `b_spec_controls'
>         loscore
>         ;

. local l_scrhat_spec_controls
>         `b_spec_controls'
>         loscore
>         ;

. local ld_spec_controls
>         `l_spec_controls'
>         `d_controls'
>         ;

. local ld_scrhat_spec_controls
>         `l_scrhat_spec_controls'
>         `d_controls'
>         ;

. // ACS
> local a_spec_controls
>         `b_spec_controls'
>         `census_controls'
>         ;

. local a_scrhat_spec_controls
>         `b_scrhat_spec_controls'
>         `census_controls'
>         ;

. local ad_spec_controls
>         `a_spec_controls'
>         `d_controls'
>         ;

. local ad_scrhat_spec_controls
>         `a_scrhat_spec_controls'
>         `d_controls'
>         ;

. // sibling
> local s_spec_controls
>         `b_spec_controls'
>         `s_controls'
>         ;

. local s_scrhat_spec_controls
>         `b_scrhat_spec_controls'
>         `s_controls'
>         ;

. local sd_spec_controls
>         `s_spec_controls'
>         `d_controls'
>         ;

. local sd_scrhat_spec_controls
>         `s_scrhat_spec_controls'
>         `d_controls'
>         ;

. // loscores and acs
> local la_spec_controls
>         `b_spec_controls'
>         `l_controls'
>         `a_controls'
>         ;

. local la_scrhat_spec_controls
>         `b_scrhat_spec_controls'
>         `l_controls'
>         `a_controls'
>         ;

. local lad_spec_controls
>         `la_spec_controls'
>         `d_controls'
>         ;

. local lad_scrhat_spec_controls
>         `la_scrhat_spec_controls'
>         `d_controls'
>         ;

. local ls_spec_controls
>         `b_spec_controls'
>         `l_controls'
>         `s_controls'
>         ;

. local ls_scrhat_spec_controls
>         `b_scrhat_spec_controls'
>         `l_controls'
>         `s_controls'
>         ;

. local lsd_spec_controls
>         `ls_spec_controls'
>         `d_controls'
>         ;

. local lsd_scrhat_spec_controls
>         `ls_scrhat_spec_controls'
>         `d_controls'
>         ;

. local as_spec_controls
>         `b_spec_controls'
>         `a_controls'
>         `s_controls'
>         ;

. local as_scrhat_spec_controls
>         `b_scrhat_spec_controls'
>         `a_controls'
>         `s_controls'
>         ;

. local asd_spec_controls
>         `as_spec_controls'
>         `d_controls'
>         ;

. local asd_scrhat_spec_controls
>         `as_scrhat_spec_controls'
>         `d_controls'
>         ;

. local las_spec_controls
>         `b_spec_controls'
>         `l_controls'
>         `a_controls'
>         `s_controls'
>         ;

. local las_scrhat_spec_controls
>         `b_scrhat_spec_controls'
>         `l_controls'
>         `a_controls'
>         `s_controls'
>         ;

. local lasd_spec_controls
>         `las_spec_controls'
>         `d_controls'
>         ;

. local lasd_scrhat_spec_controls
>         `las_scrhat_spec_controls'
>         `d_controls'
>         ;

. // strings for all sample and control combinations ;
> 
> local b_str
>         "base"
>         ;

. local bd_str
>         `b_str'
>         ;

. local l_str
>         "leave out score"
>         ;

. local ld_str
>         `l_str'
>         ;

. local a_str
>         "ACS"
>         ;

. local ad_str
>         `a_str'
>         ;

. local s_str
>         "sibling"
>         ;

. local sd_str
>         `s_str'
>         ;

. local la_str
>         "leave out score & ACS"
>         ;

. local lad_str
>         `la_str'
>         ;

. local ls_str
>         "leave out score & sibling"
>         ;

. local lsd_str
>         `ls_str'
>         ;

. local as_str
>         "ACS & sibling"
>         ;

. local asd_str
>         `as_str'
>         ;

. local las_str
>         "leave out score & ACS & sibling"
>         ;

. local lasd_str
>         `las_str'
>         ;

. local d_str
>         "postsecondary distance"
>         ;

. // strings for heterogeneity in persistence vars ;
> local race_str
>         "Race"
>         ;

. local male_str "Male";

. local econ_disadvantage_str "Economically Disadvantaged";

. local prop_ecn_disadv_str "Proportion Economically Disadvantaged" ;

. local charter_str "Charter Status" ;

. local inc_median_hh_xtile_str "Census Tract Median Household Income Decile";

. local enr_black_hisp_prop_str "Proportion of Black and Hispanic Enrollment";

. **** School Characteristics ;
. local sch_chars
>         fte_teach_pc fte_pupil_pc /*fte_admin_pc*/
>         /*eng_learner_staff_pc*/
>         new_teacher_prop
>         /*educ_grad_sch_prop educ_associate_prop*/
>         /*status_tenured_prop*/
>         credential_full_prop
>         /*authorization_stem_prop authorization_ela_prop*/
>         c.male_prop##c.enr_male_prop
>         c.eth_minority_prop##c.enr_minority_prop
>         enr_total
>         ;

. local sch_char_vars "`sch_chars'" ;

. local sch_char_vars : subinstr local sch_char_vars "i." "", all ;

. local sch_char_vars : subinstr local sch_char_vars "c." "", all ;

. local sch_char_vars : subinstr local sch_char_vars "##" " ", all ;

. local sch_char_vars : subinstr local sch_char_vars "#" " ", all ;

. local sch_char_vars : list uniq sch_char_vars ;

. local dem_chars
>         enr_male_prop
>         enr_minority_prop
>         frpm_prop el_prop
>         enr_total
>         ;

. local dem_char_vars "`dem_chars'" ;

. local dem_char_vars : list uniq dem_char_vars ;

. local expenditures
>         expenditures_instr_pc
>         expenditures3000_pc
>         expenditures4000_pc
>         expenditures_other_pc
>         expenditures7000_pc
>         ;

. local expenditure_vars "`expenditures'" ;

. local expenditure_vars : list uniq expenditure_vars ;

. local sch_char_control_vars : list sch_char_vars | dem_char_vars ;

. local sch_char_control_vars : list sch_char_control_vars | expenditure_vars ;

. #delimit cr
delimiter now cr
. 
. 
. 
. // macros for different VA estimates to be used in each sample
. local b_sample_controls b

. local las_sample_controls b las

. 
. 
. //macros for esttab options
. #delimit ;
delimiter now ;
. local esttab_format_keep
>   replace nonumbers se(%4.3f) b(%5.3f) keep(va*)
>   ;

. local esttab_format
>   replace nonumbers se(%4.3f) b(%5.3f)
>   ;

. local esttab_order_va
>   order(va_*)
>   ;

. local esttab_order_het
>   order(?.prior*va*)
>   ;

. local esttab_scalars
>         scalars(
>   va_peer_controls
>   va_sample
>   va_control
>         "ymean Y Mean"
>         "r2 $ R^2 $"
>         )
>         sfmt(
>         %12.3gc
>         %12.3g
>         %12.3gc
>         )
>         ;

. local esttab_mtitles
>   mtitles(
>     "No Peer" "No Peer" "Peer" "Peer"
>     "No Peer" "No Peer" "Peer" "Peer"
>     "No Peer" "No Peer" "Peer" "Peer"
> 
>     "No Peer" "No Peer" "Peer" "Peer"
>     "No Peer" "No Peer" "Peer" "Peer"
>     "No Peer" "No Peer" "Peer" "Peer"
> 
>     "No Peer" "No Peer" "Peer" "Peer"
>     "No Peer" "No Peer" "Peer" "Peer"
>     "No Peer" "No Peer" "Peer" "Peer"
>   )
>   depvars
>   ;

. local esttab_mgroups
>   mgroups(
>     "Base Sample Base Controls"
>     "Kitchen Sink Sample Base Controls"
>     "Kitchen Sink Sample Kitchen Sink Controls"
>     "Base Sample Base Controls"
>     "Kitchen Sink Sample Base Controls"
>     "Kitchen Sink Sample Kitchen Sink Controls"
>     "Base Sample Base Controls"
>     "Kitchen Sink Sample Base Controls"
>     "Kitchen Sink Sample Kitchen Sink Controls"
>   ,
>   pattern(
>     1 0 0 0 1 0 0 0 1 0 0 0
>     1 0 0 0 1 0 0 0 1 0 0 0
>     1 0 0 0 1 0 0 0 1 0 0 0
>     )
>   )
>   ;

. #delimit cr
delimiter now cr
. 
. 
. foreach version in v1 v2 {
  2. 
.   //-------------------------------------------------------------------------
> -----
.   // enrollment on DK VA, matching outcome on LHS and RHS
.   //-------------------------------------------------------------------------
> -----
. 
.   foreach outcome in enr enr_2year enr_4year {
  3.     di "dependent var: `outcome'"
  4. 
.       foreach sample in b las {
  5.         di "outcome sample: `sample'"
  6. 
.         foreach control of local `sample'_sample_controls {
  7.           di "VA control: `control'"
  8. 
.           forvalues i = 1/2 {
  9.             if `i'==1 {
 10.               local peer
 11.               local peer_yn "N"
 12. 
.             }
 13.             if `i'==2 {
 14.               local peer _p
 15.               local peer_yn "Y"
 16. 
.             }
 17.             di "peer controls in VA estimates (empty if no peer, _p if pee
> r): `peer'"
 18. 
.             // base controls in second stage (outcome reg)
.             estimates use  $estimates_dir/va_cfr_all_`version'/reg_out_va/reg
> _`outcome'_va_dk_`outcome'_`sample'_sp_`c
> ontrol'_ct`peer'.ster
 19.             estadd local va_peer_controls "`peer_yn'"
 20.             estadd local reg_controls "base"
 21.             estadd local va_sample "``sample'_str'"
 22.             estadd local va_control "``control'_str'"
 23.             eststo
 24. 
.             // matching controls in second stage
.             estimates use  $estimates_dir/va_cfr_all_`version'/reg_out_va/reg
> _`outcome'_va_dk_`outcome'_`sample'_sp_`c
> ontrol'_ct`peer'_m.ster
 25.             estadd local va_peer_controls "`peer_yn'"
 26.             estadd local reg_controls "match VA"
 27.             estadd local va_sample "``sample'_str'"
 28.             estadd local va_control "``control'_str'"
 29.             eststo
 30. 
.             local renamelist `renamelist' va_dk_`outcome'_`sample'_sp_`contro
> l'_ct`peer' va_dk_`outcome'
 31.         }
 32.       }
 33.     }
 34. 
.     /* // add the most saturated VA model with most saturated regression cont
> rols
>     estimates use  $estimates_dir/va_cfr_all_`version'/reg_out_va/reg_`outcom
> e'_va_dk_`outcome'_las_sp_las_ct_p_m.ster
>     estadd local va_peer_controls "Y"
>     estadd local reg_controls "match VA"
>     estadd local va_sample "``sample'_str'"
>     estadd local va_control "``control'_str'"
>     eststo
> 
>     local renamelist `renamelist' va_dk_`outcome'_las_sp_las_ct_p va_dk_`outc
> ome' */
. 
.   }
 35. 
. 
.   #delimit ;
delimiter now ;
.   esttab using
>     $tables_dir/va_cfr_all_`version'/reg_out_va_dk/reg_out_va_dk.csv
>     , `esttab_format_keep' `esttab_order_va' `esttab_scalars' `esttab_mgroups
> ' `esttab_mtitles'
>     rename(`renamelist')
>     title("Regressing Enrollment on DK VA")
>     ;
 36.   #delimit cr
delimiter now cr
. 
.   eststo clear
 37.   macro drop _renamelist
 38. 
. 
.   //-------------------------------------------------------------------------
> -----
.   // enrollment on DK VA, heterogeneity by prior score decile
.   //-------------------------------------------------------------------------
> -----
. 
.   * GATE: prior-score-decile heterogeneity. Single source of truth = $run_pri
> or_score in
.   * do/settings.do. Producer (reg_out_va_all.do / reg_out_va_dk_all.do) and A
> LL consumers
.   * (this file + reg_out_va_all_tab.do, <x>_fig.do) MUST gate on the same glo
> bal; a disabled
.   * producer otherwise leaves consumers reading missing .ster -> r(601). [202
> 6-05-28]
.   if "$run_prior_score" != "0" {
 39.   foreach prior_subject in ela math {
 40.     di "interaction with prior `prior_subject' score deciles"
 41. 
.     foreach outcome in enr enr_2year enr_4year {
 42.       di "dependent var: `outcome'"
 43. 
.       foreach sample in b las {
 44.         di "outcome sample: `sample'"
 45. 
.         foreach control of local `sample'_sample_controls {
 46.           di "VA control: `control'"
 47. 
.           forvalues i = 1/2 {
 48.             if `i'==1 {
 49.               local peer
 50.               local peer_yn "N"
 51. 
.             }
 52.             if `i'==2 {
 53.               local peer _p
 54.               local peer_yn "Y"
 55. 
.             }
 56.             di "peer controls in VA estimates (empty if no peer, _p if pee
> r): `peer'"
 57. 
.             // base controls in outcome reg
.             estimates use  $estimates_dir/va_cfr_all_`version'/reg_out_va/het
> _reg_`outcome'_va_dk_`outcome'_x_prior_`p
> rior_subject'_`sample'_sp_`control'_ct`peer'.ster
 58.             estadd local va_peer_controls "`peer_yn'"
 59.             estadd local va_sample "``sample'_str'"
 60.             estadd local va_control "``control'_str'"
 61.             eststo
 62. 
. 
.             local renamelist `renamelist' va_dk_`outcome'_`sample'_sp_`contro
> l'_ct`peer' va_dk_`outcome'
 63. 
.             forvalues i = 1/9 {
 64.               local renamelist `renamelist' `i'.prior_`prior_subject'_z_sc
> ore_xtile#c.va_dk_`outcome'_`sample'_sp_`
> control'_ct`peer' `i'.prior_`prior_subject'_z_score_xtile#c.va_dk_`outcome'
 65. 
.             }
 66.           }
 67.         }
 68.       }
 69. 
. 
.     }
 70.     #delimit ;
delimiter now ;
.     esttab using
>       $tables_dir/va_cfr_all_`version'/reg_out_va_dk/het_reg_out_va_dk_x_prio
> r_`prior_subject'.csv
>       , `esttab_format' `esttab_order_het' `esttab_scalars' `esttab_mgroups' 
> `esttab_mtitles'
>       rename(`renamelist')
>       title("Regressing Enrollment on DK VA, Heterogeneity by Prior `prior_su
> bject' score decile")
>       ;
 71.     #delimit cr
delimiter now cr
. 
.     eststo clear
 72.     macro drop _renamelist
 73.   }
 74.   } // end gate: $run_prior_score (DK prior-decile tables)
 75. 
. 
. 
. 
. 
. }
dependent var: enr
outcome sample: b
VA control: b
peer controls in VA estimates (empty if no peer, _p if peer): 

added macro:
   e(va_peer_controls) : "N"

added macro:
       e(reg_controls) : "base"

added macro:
          e(va_sample) : "base"

added macro:
         e(va_control) : "base"
(est1 stored)

added macro:
   e(va_peer_controls) : "N"

added macro:
       e(reg_controls) : "match VA"

added macro:
          e(va_sample) : "base"

added macro:
         e(va_control) : "base"
(est2 stored)
peer controls in VA estimates (empty if no peer, _p if peer): _p

added macro:
   e(va_peer_controls) : "Y"

added macro:
       e(reg_controls) : "base"

added macro:
          e(va_sample) : "base"

added macro:
         e(va_control) : "base"
(est3 stored)

added macro:
   e(va_peer_controls) : "Y"

added macro:
       e(reg_controls) : "match VA"

added macro:
          e(va_sample) : "base"

added macro:
         e(va_control) : "base"
(est4 stored)
outcome sample: las
VA control: b
peer controls in VA estimates (empty if no peer, _p if peer): 

added macro:
   e(va_peer_controls) : "N"

added macro:
       e(reg_controls) : "base"

added macro:
          e(va_sample) : "leave out score & ACS & sibling"

added macro:
         e(va_control) : "base"
(est5 stored)

added macro:
   e(va_peer_controls) : "N"

added macro:
       e(reg_controls) : "match VA"

added macro:
          e(va_sample) : "leave out score & ACS & sibling"

added macro:
         e(va_control) : "base"
(est6 stored)
peer controls in VA estimates (empty if no peer, _p if peer): _p

added macro:
   e(va_peer_controls) : "Y"

added macro:
       e(reg_controls) : "base"

added macro:
          e(va_sample) : "leave out score & ACS & sibling"

added macro:
         e(va_control) : "base"
(est7 stored)

added macro:
   e(va_peer_controls) : "Y"

added macro:
       e(reg_controls) : "match VA"

added macro:
          e(va_sample) : "leave out score & ACS & sibling"

added macro:
         e(va_control) : "base"
(est8 stored)
VA control: las
peer controls in VA estimates (empty if no peer, _p if peer): 

added macro:
   e(va_peer_controls) : "N"

added macro:
       e(reg_controls) : "base"

added macro:
          e(va_sample) : "leave out score & ACS & sibling"

added macro:
         e(va_control) : "leave out score & ACS & sibling"
(est9 stored)

added macro:
   e(va_peer_controls) : "N"

added macro:
       e(reg_controls) : "match VA"

added macro:
          e(va_sample) : "leave out score & ACS & sibling"

added macro:
         e(va_control) : "leave out score & ACS & sibling"
(est10 stored)
peer controls in VA estimates (empty if no peer, _p if peer): _p

added macro:
   e(va_peer_controls) : "Y"

added macro:
       e(reg_controls) : "base"

added macro:
          e(va_sample) : "leave out score & ACS & sibling"

added macro:
         e(va_control) : "leave out score & ACS & sibling"
(est11 stored)

added macro:
   e(va_peer_controls) : "Y"

added macro:
       e(reg_controls) : "match VA"

added macro:
          e(va_sample) : "leave out score & ACS & sibling"

added macro:
         e(va_control) : "leave out score & ACS & sibling"
(est12 stored)
dependent var: enr_2year
outcome sample: b
VA control: b
peer controls in VA estimates (empty if no peer, _p if peer): 

added macro:
   e(va_peer_controls) : "N"

added macro:
       e(reg_controls) : "base"

added macro:
          e(va_sample) : "base"

added macro:
         e(va_control) : "base"
(est13 stored)

added macro:
   e(va_peer_controls) : "N"

added macro:
       e(reg_controls) : "match VA"

added macro:
          e(va_sample) : "base"

added macro:
         e(va_control) : "base"
(est14 stored)
peer controls in VA estimates (empty if no peer, _p if peer): _p

added macro:
   e(va_peer_controls) : "Y"

added macro:
       e(reg_controls) : "base"

added macro:
          e(va_sample) : "base"

added macro:
         e(va_control) : "base"
(est15 stored)

added macro:
   e(va_peer_controls) : "Y"

added macro:
       e(reg_controls) : "match VA"

added macro:
          e(va_sample) : "base"

added macro:
         e(va_control) : "base"
(est16 stored)
outcome sample: las
VA control: b
peer controls in VA estimates (empty if no peer, _p if peer): 

added macro:
   e(va_peer_controls) : "N"

added macro:
       e(reg_controls) : "base"

added macro:
          e(va_sample) : "leave out score & ACS & sibling"

added macro:
         e(va_control) : "base"
(est17 stored)

added macro:
   e(va_peer_controls) : "N"

added macro:
       e(reg_controls) : "match VA"

added macro:
          e(va_sample) : "leave out score & ACS & sibling"

added macro:
         e(va_control) : "base"
(est18 stored)
peer controls in VA estimates (empty if no peer, _p if peer): _p

added macro:
   e(va_peer_controls) : "Y"

added macro:
       e(reg_controls) : "base"

added macro:
          e(va_sample) : "leave out score & ACS & sibling"

added macro:
         e(va_control) : "base"
(est19 stored)

added macro:
   e(va_peer_controls) : "Y"

added macro:
       e(reg_controls) : "match VA"

added macro:
          e(va_sample) : "leave out score & ACS & sibling"

added macro:
         e(va_control) : "base"
(est20 stored)
VA control: las
peer controls in VA estimates (empty if no peer, _p if peer): 

added macro:
   e(va_peer_controls) : "N"

added macro:
       e(reg_controls) : "base"

added macro:
          e(va_sample) : "leave out score & ACS & sibling"

added macro:
         e(va_control) : "leave out score & ACS & sibling"
(est21 stored)

added macro:
   e(va_peer_controls) : "N"

added macro:
       e(reg_controls) : "match VA"

added macro:
          e(va_sample) : "leave out score & ACS & sibling"

added macro:
         e(va_control) : "leave out score & ACS & sibling"
(est22 stored)
peer controls in VA estimates (empty if no peer, _p if peer): _p

added macro:
   e(va_peer_controls) : "Y"

added macro:
       e(reg_controls) : "base"

added macro:
          e(va_sample) : "leave out score & ACS & sibling"

added macro:
         e(va_control) : "leave out score & ACS & sibling"
(est23 stored)

added macro:
   e(va_peer_controls) : "Y"

added macro:
       e(reg_controls) : "match VA"

added macro:
          e(va_sample) : "leave out score & ACS & sibling"

added macro:
         e(va_control) : "leave out score & ACS & sibling"
(est24 stored)
dependent var: enr_4year
outcome sample: b
VA control: b
peer controls in VA estimates (empty if no peer, _p if peer): 

added macro:
   e(va_peer_controls) : "N"

added macro:
       e(reg_controls) : "base"

added macro:
          e(va_sample) : "base"

added macro:
         e(va_control) : "base"
(est25 stored)

added macro:
   e(va_peer_controls) : "N"

added macro:
       e(reg_controls) : "match VA"

added macro:
          e(va_sample) : "base"

added macro:
         e(va_control) : "base"
(est26 stored)
peer controls in VA estimates (empty if no peer, _p if peer): _p

added macro:
   e(va_peer_controls) : "Y"

added macro:
       e(reg_controls) : "base"

added macro:
          e(va_sample) : "base"

added macro:
         e(va_control) : "base"
(est27 stored)

added macro:
   e(va_peer_controls) : "Y"

added macro:
       e(reg_controls) : "match VA"

added macro:
          e(va_sample) : "base"

added macro:
         e(va_control) : "base"
(est28 stored)
outcome sample: las
VA control: b
peer controls in VA estimates (empty if no peer, _p if peer): 

added macro:
   e(va_peer_controls) : "N"

added macro:
       e(reg_controls) : "base"

added macro:
          e(va_sample) : "leave out score & ACS & sibling"

added macro:
         e(va_control) : "base"
(est29 stored)

added macro:
   e(va_peer_controls) : "N"

added macro:
       e(reg_controls) : "match VA"

added macro:
          e(va_sample) : "leave out score & ACS & sibling"

added macro:
         e(va_control) : "base"
(est30 stored)
peer controls in VA estimates (empty if no peer, _p if peer): _p

added macro:
   e(va_peer_controls) : "Y"

added macro:
       e(reg_controls) : "base"

added macro:
          e(va_sample) : "leave out score & ACS & sibling"

added macro:
         e(va_control) : "base"
(est31 stored)

added macro:
   e(va_peer_controls) : "Y"

added macro:
       e(reg_controls) : "match VA"

added macro:
          e(va_sample) : "leave out score & ACS & sibling"

added macro:
         e(va_control) : "base"
(est32 stored)
VA control: las
peer controls in VA estimates (empty if no peer, _p if peer): 

added macro:
   e(va_peer_controls) : "N"

added macro:
       e(reg_controls) : "base"

added macro:
          e(va_sample) : "leave out score & ACS & sibling"

added macro:
         e(va_control) : "leave out score & ACS & sibling"
(est33 stored)

added macro:
   e(va_peer_controls) : "N"

added macro:
       e(reg_controls) : "match VA"

added macro:
          e(va_sample) : "leave out score & ACS & sibling"

added macro:
         e(va_control) : "leave out score & ACS & sibling"
(est34 stored)
peer controls in VA estimates (empty if no peer, _p if peer): _p

added macro:
   e(va_peer_controls) : "Y"

added macro:
       e(reg_controls) : "base"

added macro:
          e(va_sample) : "leave out score & ACS & sibling"

added macro:
         e(va_control) : "leave out score & ACS & sibling"
(est35 stored)

added macro:
   e(va_peer_controls) : "Y"

added macro:
       e(reg_controls) : "match VA"

added macro:
          e(va_sample) : "leave out score & ACS & sibling"

added macro:
         e(va_control) : "leave out score & ACS & sibling"
(est36 stored)
(output written to /home/research/ca_ed_lab/projects/common_core_va/consolidate
> d/tables/va_cfr_all_v1/reg_out_va_dk/reg_
> out_va_dk.csv)
interaction with prior ela score deciles
dependent var: enr
outcome sample: b
VA control: b
peer controls in VA estimates (empty if no peer, _p if peer): 

added macro:
   e(va_peer_controls) : "N"

added macro:
          e(va_sample) : "base"

added macro:
         e(va_control) : "base"
(est1 stored)
peer controls in VA estimates (empty if no peer, _p if peer): _p

added macro:
   e(va_peer_controls) : "Y"

added macro:
          e(va_sample) : "base"

added macro:
         e(va_control) : "base"
(est2 stored)
outcome sample: las
VA control: b
peer controls in VA estimates (empty if no peer, _p if peer): 

added macro:
   e(va_peer_controls) : "N"

added macro:
          e(va_sample) : "leave out score & ACS & sibling"

added macro:
         e(va_control) : "base"
(est3 stored)
peer controls in VA estimates (empty if no peer, _p if peer): _p

added macro:
   e(va_peer_controls) : "Y"

added macro:
          e(va_sample) : "leave out score & ACS & sibling"

added macro:
         e(va_control) : "base"
(est4 stored)
VA control: las
peer controls in VA estimates (empty if no peer, _p if peer): 

added macro:
   e(va_peer_controls) : "N"

added macro:
          e(va_sample) : "leave out score & ACS & sibling"

added macro:
         e(va_control) : "leave out score & ACS & sibling"
(est5 stored)
peer controls in VA estimates (empty if no peer, _p if peer): _p

added macro:
   e(va_peer_controls) : "Y"

added macro:
          e(va_sample) : "leave out score & ACS & sibling"

added macro:
         e(va_control) : "leave out score & ACS & sibling"
(est6 stored)
dependent var: enr_2year
outcome sample: b
VA control: b
peer controls in VA estimates (empty if no peer, _p if peer): 

added macro:
   e(va_peer_controls) : "N"

added macro:
          e(va_sample) : "base"

added macro:
         e(va_control) : "base"
(est7 stored)
peer controls in VA estimates (empty if no peer, _p if peer): _p

added macro:
   e(va_peer_controls) : "Y"

added macro:
          e(va_sample) : "base"

added macro:
         e(va_control) : "base"
(est8 stored)
outcome sample: las
VA control: b
peer controls in VA estimates (empty if no peer, _p if peer): 

added macro:
   e(va_peer_controls) : "N"

added macro:
          e(va_sample) : "leave out score & ACS & sibling"

added macro:
         e(va_control) : "base"
(est9 stored)
peer controls in VA estimates (empty if no peer, _p if peer): _p

added macro:
   e(va_peer_controls) : "Y"

added macro:
          e(va_sample) : "leave out score & ACS & sibling"

added macro:
         e(va_control) : "base"
(est10 stored)
VA control: las
peer controls in VA estimates (empty if no peer, _p if peer): 

added macro:
   e(va_peer_controls) : "N"

added macro:
          e(va_sample) : "leave out score & ACS & sibling"

added macro:
         e(va_control) : "leave out score & ACS & sibling"
(est11 stored)
peer controls in VA estimates (empty if no peer, _p if peer): _p

added macro:
   e(va_peer_controls) : "Y"

added macro:
          e(va_sample) : "leave out score & ACS & sibling"

added macro:
         e(va_control) : "leave out score & ACS & sibling"
(est12 stored)
dependent var: enr_4year
outcome sample: b
VA control: b
peer controls in VA estimates (empty if no peer, _p if peer): 

added macro:
   e(va_peer_controls) : "N"

added macro:
          e(va_sample) : "base"

added macro:
         e(va_control) : "base"
(est13 stored)
peer controls in VA estimates (empty if no peer, _p if peer): _p

added macro:
   e(va_peer_controls) : "Y"

added macro:
          e(va_sample) : "base"

added macro:
         e(va_control) : "base"
(est14 stored)
outcome sample: las
VA control: b
peer controls in VA estimates (empty if no peer, _p if peer): 

added macro:
   e(va_peer_controls) : "N"

added macro:
          e(va_sample) : "leave out score & ACS & sibling"

added macro:
         e(va_control) : "base"
(est15 stored)
peer controls in VA estimates (empty if no peer, _p if peer): _p

added macro:
   e(va_peer_controls) : "Y"

added macro:
          e(va_sample) : "leave out score & ACS & sibling"

added macro:
         e(va_control) : "base"
(est16 stored)
VA control: las
peer controls in VA estimates (empty if no peer, _p if peer): 

added macro:
   e(va_peer_controls) : "N"

added macro:
          e(va_sample) : "leave out score & ACS & sibling"

added macro:
         e(va_control) : "leave out score & ACS & sibling"
(est17 stored)
peer controls in VA estimates (empty if no peer, _p if peer): _p

added macro:
   e(va_peer_controls) : "Y"

added macro:
          e(va_sample) : "leave out score & ACS & sibling"

added macro:
         e(va_control) : "leave out score & ACS & sibling"
(est18 stored)
(output written to /home/research/ca_ed_lab/projects/common_core_va/consolidate
> d/tables/va_cfr_all_v1/reg_out_va_dk/het_
> reg_out_va_dk_x_prior_ela.csv)
interaction with prior math score deciles
dependent var: enr
outcome sample: b
VA control: b
peer controls in VA estimates (empty if no peer, _p if peer): 

added macro:
   e(va_peer_controls) : "N"

added macro:
          e(va_sample) : "base"

added macro:
         e(va_control) : "base"
(est1 stored)
peer controls in VA estimates (empty if no peer, _p if peer): _p

added macro:
   e(va_peer_controls) : "Y"

added macro:
          e(va_sample) : "base"

added macro:
         e(va_control) : "base"
(est2 stored)
outcome sample: las
VA control: b
peer controls in VA estimates (empty if no peer, _p if peer): 

added macro:
   e(va_peer_controls) : "N"

added macro:
          e(va_sample) : "leave out score & ACS & sibling"

added macro:
         e(va_control) : "base"
(est3 stored)
peer controls in VA estimates (empty if no peer, _p if peer): _p

added macro:
   e(va_peer_controls) : "Y"

added macro:
          e(va_sample) : "leave out score & ACS & sibling"

added macro:
         e(va_control) : "base"
(est4 stored)
VA control: las
peer controls in VA estimates (empty if no peer, _p if peer): 

added macro:
   e(va_peer_controls) : "N"

added macro:
          e(va_sample) : "leave out score & ACS & sibling"

added macro:
         e(va_control) : "leave out score & ACS & sibling"
(est5 stored)
peer controls in VA estimates (empty if no peer, _p if peer): _p

added macro:
   e(va_peer_controls) : "Y"

added macro:
          e(va_sample) : "leave out score & ACS & sibling"

added macro:
         e(va_control) : "leave out score & ACS & sibling"
(est6 stored)
dependent var: enr_2year
outcome sample: b
VA control: b
peer controls in VA estimates (empty if no peer, _p if peer): 

added macro:
   e(va_peer_controls) : "N"

added macro:
          e(va_sample) : "base"

added macro:
         e(va_control) : "base"
(est7 stored)
peer controls in VA estimates (empty if no peer, _p if peer): _p

added macro:
   e(va_peer_controls) : "Y"

added macro:
          e(va_sample) : "base"

added macro:
         e(va_control) : "base"
(est8 stored)
outcome sample: las
VA control: b
peer controls in VA estimates (empty if no peer, _p if peer): 

added macro:
   e(va_peer_controls) : "N"

added macro:
          e(va_sample) : "leave out score & ACS & sibling"

added macro:
         e(va_control) : "base"
(est9 stored)
peer controls in VA estimates (empty if no peer, _p if peer): _p

added macro:
   e(va_peer_controls) : "Y"

added macro:
          e(va_sample) : "leave out score & ACS & sibling"

added macro:
         e(va_control) : "base"
(est10 stored)
VA control: las
peer controls in VA estimates (empty if no peer, _p if peer): 

added macro:
   e(va_peer_controls) : "N"

added macro:
          e(va_sample) : "leave out score & ACS & sibling"

added macro:
         e(va_control) : "leave out score & ACS & sibling"
(est11 stored)
peer controls in VA estimates (empty if no peer, _p if peer): _p

added macro:
   e(va_peer_controls) : "Y"

added macro:
          e(va_sample) : "leave out score & ACS & sibling"

added macro:
         e(va_control) : "leave out score & ACS & sibling"
(est12 stored)
dependent var: enr_4year
outcome sample: b
VA control: b
peer controls in VA estimates (empty if no peer, _p if peer): 

added macro:
   e(va_peer_controls) : "N"

added macro:
          e(va_sample) : "base"

added macro:
         e(va_control) : "base"
(est13 stored)
peer controls in VA estimates (empty if no peer, _p if peer): _p

added macro:
   e(va_peer_controls) : "Y"

added macro:
          e(va_sample) : "base"

added macro:
         e(va_control) : "base"
(est14 stored)
outcome sample: las
VA control: b
peer controls in VA estimates (empty if no peer, _p if peer): 

added macro:
   e(va_peer_controls) : "N"

added macro:
          e(va_sample) : "leave out score & ACS & sibling"

added macro:
         e(va_control) : "base"
(est15 stored)
peer controls in VA estimates (empty if no peer, _p if peer): _p

added macro:
   e(va_peer_controls) : "Y"

added macro:
          e(va_sample) : "leave out score & ACS & sibling"

added macro:
         e(va_control) : "base"
(est16 stored)
VA control: las
peer controls in VA estimates (empty if no peer, _p if peer): 

added macro:
   e(va_peer_controls) : "N"

added macro:
          e(va_sample) : "leave out score & ACS & sibling"

added macro:
         e(va_control) : "leave out score & ACS & sibling"
(est17 stored)
peer controls in VA estimates (empty if no peer, _p if peer): _p

added macro:
   e(va_peer_controls) : "Y"

added macro:
          e(va_sample) : "leave out score & ACS & sibling"

added macro:
         e(va_control) : "leave out score & ACS & sibling"
(est18 stored)
(output written to /home/research/ca_ed_lab/projects/common_core_va/consolidate
> d/tables/va_cfr_all_v1/reg_out_va_dk/het_
> reg_out_va_dk_x_prior_math.csv)
dependent var: enr
outcome sample: b
VA control: b
peer controls in VA estimates (empty if no peer, _p if peer): 

added macro:
   e(va_peer_controls) : "N"

added macro:
       e(reg_controls) : "base"

added macro:
          e(va_sample) : "base"

added macro:
         e(va_control) : "base"
(est1 stored)

added macro:
   e(va_peer_controls) : "N"

added macro:
       e(reg_controls) : "match VA"

added macro:
          e(va_sample) : "base"

added macro:
         e(va_control) : "base"
(est2 stored)
peer controls in VA estimates (empty if no peer, _p if peer): _p

added macro:
   e(va_peer_controls) : "Y"

added macro:
       e(reg_controls) : "base"

added macro:
          e(va_sample) : "base"

added macro:
         e(va_control) : "base"
(est3 stored)

added macro:
   e(va_peer_controls) : "Y"

added macro:
       e(reg_controls) : "match VA"

added macro:
          e(va_sample) : "base"

added macro:
         e(va_control) : "base"
(est4 stored)
outcome sample: las
VA control: b
peer controls in VA estimates (empty if no peer, _p if peer): 

added macro:
   e(va_peer_controls) : "N"

added macro:
       e(reg_controls) : "base"

added macro:
          e(va_sample) : "leave out score & ACS & sibling"

added macro:
         e(va_control) : "base"
(est5 stored)

added macro:
   e(va_peer_controls) : "N"

added macro:
       e(reg_controls) : "match VA"

added macro:
          e(va_sample) : "leave out score & ACS & sibling"

added macro:
         e(va_control) : "base"
(est6 stored)
peer controls in VA estimates (empty if no peer, _p if peer): _p

added macro:
   e(va_peer_controls) : "Y"

added macro:
       e(reg_controls) : "base"

added macro:
          e(va_sample) : "leave out score & ACS & sibling"

added macro:
         e(va_control) : "base"
(est7 stored)

added macro:
   e(va_peer_controls) : "Y"

added macro:
       e(reg_controls) : "match VA"

added macro:
          e(va_sample) : "leave out score & ACS & sibling"

added macro:
         e(va_control) : "base"
(est8 stored)
VA control: las
peer controls in VA estimates (empty if no peer, _p if peer): 

added macro:
   e(va_peer_controls) : "N"

added macro:
       e(reg_controls) : "base"

added macro:
          e(va_sample) : "leave out score & ACS & sibling"

added macro:
         e(va_control) : "leave out score & ACS & sibling"
(est9 stored)

added macro:
   e(va_peer_controls) : "N"

added macro:
       e(reg_controls) : "match VA"

added macro:
          e(va_sample) : "leave out score & ACS & sibling"

added macro:
         e(va_control) : "leave out score & ACS & sibling"
(est10 stored)
peer controls in VA estimates (empty if no peer, _p if peer): _p

added macro:
   e(va_peer_controls) : "Y"

added macro:
       e(reg_controls) : "base"

added macro:
          e(va_sample) : "leave out score & ACS & sibling"

added macro:
         e(va_control) : "leave out score & ACS & sibling"
(est11 stored)

added macro:
   e(va_peer_controls) : "Y"

added macro:
       e(reg_controls) : "match VA"

added macro:
          e(va_sample) : "leave out score & ACS & sibling"

added macro:
         e(va_control) : "leave out score & ACS & sibling"
(est12 stored)
dependent var: enr_2year
outcome sample: b
VA control: b
peer controls in VA estimates (empty if no peer, _p if peer): 

added macro:
   e(va_peer_controls) : "N"

added macro:
       e(reg_controls) : "base"

added macro:
          e(va_sample) : "base"

added macro:
         e(va_control) : "base"
(est13 stored)

added macro:
   e(va_peer_controls) : "N"

added macro:
       e(reg_controls) : "match VA"

added macro:
          e(va_sample) : "base"

added macro:
         e(va_control) : "base"
(est14 stored)
peer controls in VA estimates (empty if no peer, _p if peer): _p

added macro:
   e(va_peer_controls) : "Y"

added macro:
       e(reg_controls) : "base"

added macro:
          e(va_sample) : "base"

added macro:
         e(va_control) : "base"
(est15 stored)

added macro:
   e(va_peer_controls) : "Y"

added macro:
       e(reg_controls) : "match VA"

added macro:
          e(va_sample) : "base"

added macro:
         e(va_control) : "base"
(est16 stored)
outcome sample: las
VA control: b
peer controls in VA estimates (empty if no peer, _p if peer): 

added macro:
   e(va_peer_controls) : "N"

added macro:
       e(reg_controls) : "base"

added macro:
          e(va_sample) : "leave out score & ACS & sibling"

added macro:
         e(va_control) : "base"
(est17 stored)

added macro:
   e(va_peer_controls) : "N"

added macro:
       e(reg_controls) : "match VA"

added macro:
          e(va_sample) : "leave out score & ACS & sibling"

added macro:
         e(va_control) : "base"
(est18 stored)
peer controls in VA estimates (empty if no peer, _p if peer): _p

added macro:
   e(va_peer_controls) : "Y"

added macro:
       e(reg_controls) : "base"

added macro:
          e(va_sample) : "leave out score & ACS & sibling"

added macro:
         e(va_control) : "base"
(est19 stored)

added macro:
   e(va_peer_controls) : "Y"

added macro:
       e(reg_controls) : "match VA"

added macro:
          e(va_sample) : "leave out score & ACS & sibling"

added macro:
         e(va_control) : "base"
(est20 stored)
VA control: las
peer controls in VA estimates (empty if no peer, _p if peer): 

added macro:
   e(va_peer_controls) : "N"

added macro:
       e(reg_controls) : "base"

added macro:
          e(va_sample) : "leave out score & ACS & sibling"

added macro:
         e(va_control) : "leave out score & ACS & sibling"
(est21 stored)

added macro:
   e(va_peer_controls) : "N"

added macro:
       e(reg_controls) : "match VA"

added macro:
          e(va_sample) : "leave out score & ACS & sibling"

added macro:
         e(va_control) : "leave out score & ACS & sibling"
(est22 stored)
peer controls in VA estimates (empty if no peer, _p if peer): _p

added macro:
   e(va_peer_controls) : "Y"

added macro:
       e(reg_controls) : "base"

added macro:
          e(va_sample) : "leave out score & ACS & sibling"

added macro:
         e(va_control) : "leave out score & ACS & sibling"
(est23 stored)

added macro:
   e(va_peer_controls) : "Y"

added macro:
       e(reg_controls) : "match VA"

added macro:
          e(va_sample) : "leave out score & ACS & sibling"

added macro:
         e(va_control) : "leave out score & ACS & sibling"
(est24 stored)
dependent var: enr_4year
outcome sample: b
VA control: b
peer controls in VA estimates (empty if no peer, _p if peer): 

added macro:
   e(va_peer_controls) : "N"

added macro:
       e(reg_controls) : "base"

added macro:
          e(va_sample) : "base"

added macro:
         e(va_control) : "base"
(est25 stored)

added macro:
   e(va_peer_controls) : "N"

added macro:
       e(reg_controls) : "match VA"

added macro:
          e(va_sample) : "base"

added macro:
         e(va_control) : "base"
(est26 stored)
peer controls in VA estimates (empty if no peer, _p if peer): _p

added macro:
   e(va_peer_controls) : "Y"

added macro:
       e(reg_controls) : "base"

added macro:
          e(va_sample) : "base"

added macro:
         e(va_control) : "base"
(est27 stored)

added macro:
   e(va_peer_controls) : "Y"

added macro:
       e(reg_controls) : "match VA"

added macro:
          e(va_sample) : "base"

added macro:
         e(va_control) : "base"
(est28 stored)
outcome sample: las
VA control: b
peer controls in VA estimates (empty if no peer, _p if peer): 

added macro:
   e(va_peer_controls) : "N"

added macro:
       e(reg_controls) : "base"

added macro:
          e(va_sample) : "leave out score & ACS & sibling"

added macro:
         e(va_control) : "base"
(est29 stored)

added macro:
   e(va_peer_controls) : "N"

added macro:
       e(reg_controls) : "match VA"

added macro:
          e(va_sample) : "leave out score & ACS & sibling"

added macro:
         e(va_control) : "base"
(est30 stored)
peer controls in VA estimates (empty if no peer, _p if peer): _p

added macro:
   e(va_peer_controls) : "Y"

added macro:
       e(reg_controls) : "base"

added macro:
          e(va_sample) : "leave out score & ACS & sibling"

added macro:
         e(va_control) : "base"
(est31 stored)

added macro:
   e(va_peer_controls) : "Y"

added macro:
       e(reg_controls) : "match VA"

added macro:
          e(va_sample) : "leave out score & ACS & sibling"

added macro:
         e(va_control) : "base"
(est32 stored)
VA control: las
peer controls in VA estimates (empty if no peer, _p if peer): 

added macro:
   e(va_peer_controls) : "N"

added macro:
       e(reg_controls) : "base"

added macro:
          e(va_sample) : "leave out score & ACS & sibling"

added macro:
         e(va_control) : "leave out score & ACS & sibling"
(est33 stored)

added macro:
   e(va_peer_controls) : "N"

added macro:
       e(reg_controls) : "match VA"

added macro:
          e(va_sample) : "leave out score & ACS & sibling"

added macro:
         e(va_control) : "leave out score & ACS & sibling"
(est34 stored)
peer controls in VA estimates (empty if no peer, _p if peer): _p

added macro:
   e(va_peer_controls) : "Y"

added macro:
       e(reg_controls) : "base"

added macro:
          e(va_sample) : "leave out score & ACS & sibling"

added macro:
         e(va_control) : "leave out score & ACS & sibling"
(est35 stored)

added macro:
   e(va_peer_controls) : "Y"

added macro:
       e(reg_controls) : "match VA"

added macro:
          e(va_sample) : "leave out score & ACS & sibling"

added macro:
         e(va_control) : "leave out score & ACS & sibling"
(est36 stored)
(output written to /home/research/ca_ed_lab/projects/common_core_va/consolidate
> d/tables/va_cfr_all_v2/reg_out_va_dk/reg_
> out_va_dk.csv)
interaction with prior ela score deciles
dependent var: enr
outcome sample: b
VA control: b
peer controls in VA estimates (empty if no peer, _p if peer): 

added macro:
   e(va_peer_controls) : "N"

added macro:
          e(va_sample) : "base"

added macro:
         e(va_control) : "base"
(est1 stored)
peer controls in VA estimates (empty if no peer, _p if peer): _p

added macro:
   e(va_peer_controls) : "Y"

added macro:
          e(va_sample) : "base"

added macro:
         e(va_control) : "base"
(est2 stored)
outcome sample: las
VA control: b
peer controls in VA estimates (empty if no peer, _p if peer): 

added macro:
   e(va_peer_controls) : "N"

added macro:
          e(va_sample) : "leave out score & ACS & sibling"

added macro:
         e(va_control) : "base"
(est3 stored)
peer controls in VA estimates (empty if no peer, _p if peer): _p

added macro:
   e(va_peer_controls) : "Y"

added macro:
          e(va_sample) : "leave out score & ACS & sibling"

added macro:
         e(va_control) : "base"
(est4 stored)
VA control: las
peer controls in VA estimates (empty if no peer, _p if peer): 

added macro:
   e(va_peer_controls) : "N"

added macro:
          e(va_sample) : "leave out score & ACS & sibling"

added macro:
         e(va_control) : "leave out score & ACS & sibling"
(est5 stored)
peer controls in VA estimates (empty if no peer, _p if peer): _p

added macro:
   e(va_peer_controls) : "Y"

added macro:
          e(va_sample) : "leave out score & ACS & sibling"

added macro:
         e(va_control) : "leave out score & ACS & sibling"
(est6 stored)
dependent var: enr_2year
outcome sample: b
VA control: b
peer controls in VA estimates (empty if no peer, _p if peer): 

added macro:
   e(va_peer_controls) : "N"

added macro:
          e(va_sample) : "base"

added macro:
         e(va_control) : "base"
(est7 stored)
peer controls in VA estimates (empty if no peer, _p if peer): _p

added macro:
   e(va_peer_controls) : "Y"

added macro:
          e(va_sample) : "base"

added macro:
         e(va_control) : "base"
(est8 stored)
outcome sample: las
VA control: b
peer controls in VA estimates (empty if no peer, _p if peer): 

added macro:
   e(va_peer_controls) : "N"

added macro:
          e(va_sample) : "leave out score & ACS & sibling"

added macro:
         e(va_control) : "base"
(est9 stored)
peer controls in VA estimates (empty if no peer, _p if peer): _p

added macro:
   e(va_peer_controls) : "Y"

added macro:
          e(va_sample) : "leave out score & ACS & sibling"

added macro:
         e(va_control) : "base"
(est10 stored)
VA control: las
peer controls in VA estimates (empty if no peer, _p if peer): 

added macro:
   e(va_peer_controls) : "N"

added macro:
          e(va_sample) : "leave out score & ACS & sibling"

added macro:
         e(va_control) : "leave out score & ACS & sibling"
(est11 stored)
peer controls in VA estimates (empty if no peer, _p if peer): _p

added macro:
   e(va_peer_controls) : "Y"

added macro:
          e(va_sample) : "leave out score & ACS & sibling"

added macro:
         e(va_control) : "leave out score & ACS & sibling"
(est12 stored)
dependent var: enr_4year
outcome sample: b
VA control: b
peer controls in VA estimates (empty if no peer, _p if peer): 

added macro:
   e(va_peer_controls) : "N"

added macro:
          e(va_sample) : "base"

added macro:
         e(va_control) : "base"
(est13 stored)
peer controls in VA estimates (empty if no peer, _p if peer): _p

added macro:
   e(va_peer_controls) : "Y"

added macro:
          e(va_sample) : "base"

added macro:
         e(va_control) : "base"
(est14 stored)
outcome sample: las
VA control: b
peer controls in VA estimates (empty if no peer, _p if peer): 

added macro:
   e(va_peer_controls) : "N"

added macro:
          e(va_sample) : "leave out score & ACS & sibling"

added macro:
         e(va_control) : "base"
(est15 stored)
peer controls in VA estimates (empty if no peer, _p if peer): _p

added macro:
   e(va_peer_controls) : "Y"

added macro:
          e(va_sample) : "leave out score & ACS & sibling"

added macro:
         e(va_control) : "base"
(est16 stored)
VA control: las
peer controls in VA estimates (empty if no peer, _p if peer): 

added macro:
   e(va_peer_controls) : "N"

added macro:
          e(va_sample) : "leave out score & ACS & sibling"

added macro:
         e(va_control) : "leave out score & ACS & sibling"
(est17 stored)
peer controls in VA estimates (empty if no peer, _p if peer): _p

added macro:
   e(va_peer_controls) : "Y"

added macro:
          e(va_sample) : "leave out score & ACS & sibling"

added macro:
         e(va_control) : "leave out score & ACS & sibling"
(est18 stored)
(output written to /home/research/ca_ed_lab/projects/common_core_va/consolidate
> d/tables/va_cfr_all_v2/reg_out_va_dk/het_
> reg_out_va_dk_x_prior_ela.csv)
interaction with prior math score deciles
dependent var: enr
outcome sample: b
VA control: b
peer controls in VA estimates (empty if no peer, _p if peer): 

added macro:
   e(va_peer_controls) : "N"

added macro:
          e(va_sample) : "base"

added macro:
         e(va_control) : "base"
(est1 stored)
peer controls in VA estimates (empty if no peer, _p if peer): _p

added macro:
   e(va_peer_controls) : "Y"

added macro:
          e(va_sample) : "base"

added macro:
         e(va_control) : "base"
(est2 stored)
outcome sample: las
VA control: b
peer controls in VA estimates (empty if no peer, _p if peer): 

added macro:
   e(va_peer_controls) : "N"

added macro:
          e(va_sample) : "leave out score & ACS & sibling"

added macro:
         e(va_control) : "base"
(est3 stored)
peer controls in VA estimates (empty if no peer, _p if peer): _p

added macro:
   e(va_peer_controls) : "Y"

added macro:
          e(va_sample) : "leave out score & ACS & sibling"

added macro:
         e(va_control) : "base"
(est4 stored)
VA control: las
peer controls in VA estimates (empty if no peer, _p if peer): 

added macro:
   e(va_peer_controls) : "N"

added macro:
          e(va_sample) : "leave out score & ACS & sibling"

added macro:
         e(va_control) : "leave out score & ACS & sibling"
(est5 stored)
peer controls in VA estimates (empty if no peer, _p if peer): _p

added macro:
   e(va_peer_controls) : "Y"

added macro:
          e(va_sample) : "leave out score & ACS & sibling"

added macro:
         e(va_control) : "leave out score & ACS & sibling"
(est6 stored)
dependent var: enr_2year
outcome sample: b
VA control: b
peer controls in VA estimates (empty if no peer, _p if peer): 

added macro:
   e(va_peer_controls) : "N"

added macro:
          e(va_sample) : "base"

added macro:
         e(va_control) : "base"
(est7 stored)
peer controls in VA estimates (empty if no peer, _p if peer): _p

added macro:
   e(va_peer_controls) : "Y"

added macro:
          e(va_sample) : "base"

added macro:
         e(va_control) : "base"
(est8 stored)
outcome sample: las
VA control: b
peer controls in VA estimates (empty if no peer, _p if peer): 

added macro:
   e(va_peer_controls) : "N"

added macro:
          e(va_sample) : "leave out score & ACS & sibling"

added macro:
         e(va_control) : "base"
(est9 stored)
peer controls in VA estimates (empty if no peer, _p if peer): _p

added macro:
   e(va_peer_controls) : "Y"

added macro:
          e(va_sample) : "leave out score & ACS & sibling"

added macro:
         e(va_control) : "base"
(est10 stored)
VA control: las
peer controls in VA estimates (empty if no peer, _p if peer): 

added macro:
   e(va_peer_controls) : "N"

added macro:
          e(va_sample) : "leave out score & ACS & sibling"

added macro:
         e(va_control) : "leave out score & ACS & sibling"
(est11 stored)
peer controls in VA estimates (empty if no peer, _p if peer): _p

added macro:
   e(va_peer_controls) : "Y"

added macro:
          e(va_sample) : "leave out score & ACS & sibling"

added macro:
         e(va_control) : "leave out score & ACS & sibling"
(est12 stored)
dependent var: enr_4year
outcome sample: b
VA control: b
peer controls in VA estimates (empty if no peer, _p if peer): 

added macro:
   e(va_peer_controls) : "N"

added macro:
          e(va_sample) : "base"

added macro:
         e(va_control) : "base"
(est13 stored)
peer controls in VA estimates (empty if no peer, _p if peer): _p

added macro:
   e(va_peer_controls) : "Y"

added macro:
          e(va_sample) : "base"

added macro:
         e(va_control) : "base"
(est14 stored)
outcome sample: las
VA control: b
peer controls in VA estimates (empty if no peer, _p if peer): 

added macro:
   e(va_peer_controls) : "N"

added macro:
          e(va_sample) : "leave out score & ACS & sibling"

added macro:
         e(va_control) : "base"
(est15 stored)
peer controls in VA estimates (empty if no peer, _p if peer): _p

added macro:
   e(va_peer_controls) : "Y"

added macro:
          e(va_sample) : "leave out score & ACS & sibling"

added macro:
         e(va_control) : "base"
(est16 stored)
VA control: las
peer controls in VA estimates (empty if no peer, _p if peer): 

added macro:
   e(va_peer_controls) : "N"

added macro:
          e(va_sample) : "leave out score & ACS & sibling"

added macro:
         e(va_control) : "leave out score & ACS & sibling"
(est17 stored)
peer controls in VA estimates (empty if no peer, _p if peer): _p

added macro:
   e(va_peer_controls) : "Y"

added macro:
          e(va_sample) : "leave out score & ACS & sibling"

added macro:
         e(va_control) : "leave out score & ACS & sibling"
(est18 stored)
(output written to /home/research/ca_ed_lab/projects/common_core_va/consolidate
> d/tables/va_cfr_all_v2/reg_out_va_dk/het_
> reg_out_va_dk_x_prior_math.csv)

. 
. 
. 
. 
. 
. 
. 
. 
. 
. local date2 = c(current_date)

. local time2 = c(current_time)

. 
. 
. di "Start date time /reg_out_va_dk_all_fig.do: `date1' `time1'"
Start date time /reg_out_va_dk_all_fig.do:  3 Jun 2026 02:18:18

. di "End date time: `date2' `time2'"
End date time:  3 Jun 2026 02:18:24

. 
. cap log close reg_out_va_dk_all_tab
